<?xml version="1.0" encoding="UTF-8"?>
<!-- Generated by org.testng.reporters.JUnitReportReporter -->
<testsuite name="test.DummyTest" tests="11" time="88.102" ignored="0" failures="0" timestamp="27 Mar 2017 09:43:17 GMT" skipped="0" hostname="Gokul" errors="0">
  <testcase name="HomePageReferralCodeValidation" time="13.776" classname="test.DummyTest"/>
  <testcase name="HomePageEnterrefrralCodeErrorvalidation" time="5.712" classname="test.DummyTest"/>
  <testcase name="HomePageBellLogo" time="1.641" classname="test.DummyTest"/>
  <testcase name="HomePageSecTwoWhatThekitIncludesToolsvalidation" time="0.707" classname="test.DummyTest"/>
  <testcase name="HomePageSecOneTextValidation" time="4.774" classname="test.DummyTest"/>
  <testcase name="HomePageSecTwoWhatThekitIncludesCentervalidation" time="0.783" classname="test.DummyTest"/>
  <testcase name="HomePageTrackOrderErrorValidation" time="12.286" classname="test.DummyTest"/>
  <testcase name="HomePageSecTwoContentValidation" time="8.884" classname="test.DummyTest"/>
  <testcase name="HomePageCiscoLogo" time="1.450" classname="test.DummyTest"/>
  <testcase name="BrowserIntilation" time="28.108" classname="test.DummyTest"/>
  <testcase name="HomePageTrackOrderValidation" time="9.981" classname="test.DummyTest"/>
</testsuite> <!-- test.DummyTest -->
