<?xml version="1.0" encoding="UTF-8"?>
<!-- Generated by org.testng.reporters.JUnitReportReporter -->
<testsuite name="pages.PostReferralRequest" tests="13" time="93.834" ignored="0" failures="1" timestamp="13 Feb 2017 13:10:52 GMT" skipped="0" hostname="Gokul" errors="5">
  <testcase name="RequestReferralCodeLabelTextDisplayedAndEnabled" time="2.699" classname="pages.PostReferralRequest"/>
  <testcase name="ReferralRequestMinimumInputValidation" time="7.823" classname="pages.PostReferralRequest"/>
  <testcase name="ReferralRequestRequiredFieldValidation" time="3.216" classname="pages.PostReferralRequest">
    <error type="org.openqa.selenium.InvalidSelectorException" message="The given selector ///div[@id=&#039;postion-error&#039;] is either invalid or does not result in a WebElement. The following error occurred:
InvalidSelectorError: Unable to locate an element with the xpath expression ///div[@id=&#039;postion-error&#039;] because of the following error:
SyntaxError: The expression is not a legal expression.
Command duration or timeout: 104 milliseconds
For documentation on this error, please visit: http://seleniumhq.org/exceptions/invalid_selector_exception.html
Build info: version: &#039;3.0.0-beta4&#039;, revision: &#039;3169782&#039;, time: &#039;2016-09-29 10:29:23 -0700&#039;
System info: host: &#039;Gokul&#039;, ip: &#039;192.168.1.34&#039;, os.name: &#039;Windows 8&#039;, os.arch: &#039;amd64&#039;, os.version: &#039;6.2&#039;, java.version: &#039;1.8.0_101&#039;
Driver info: org.openqa.selenium.firefox.FirefoxDriver
Capabilities [{applicationCacheEnabled=true, rotatable=false, handlesAlerts=true, databaseEnabled=true, version=44.0, platform=WINDOWS, nativeEvents=false, acceptSslCerts=true, webStorageEnabled=true, locationContextEnabled=true, browserName=firefox, takesScreenshot=true, javascriptEnabled=true, cssSelectorsEnabled=true}]
Session ID: 516e0a74-92a2-4896-9de3-abb790605510
*** Element info: {Using=xpath, value=///div[@id=&#039;postion-error&#039;]}">
      <![CDATA[org.openqa.selenium.InvalidSelectorException: The given selector ///div[@id='postion-error'] is either invalid or does not result in a WebElement. The following error occurred:
InvalidSelectorError: Unable to locate an element with the xpath expression ///div[@id='postion-error'] because of the following error:
SyntaxError: The expression is not a legal expression.
Command duration or timeout: 104 milliseconds
For documentation on this error, please visit: http://seleniumhq.org/exceptions/invalid_selector_exception.html
Build info: version: '3.0.0-beta4', revision: '3169782', time: '2016-09-29 10:29:23 -0700'
System info: host: 'Gokul', ip: '192.168.1.34', os.name: 'Windows 8', os.arch: 'amd64', os.version: '6.2', java.version: '1.8.0_101'
Driver info: org.openqa.selenium.firefox.FirefoxDriver
Capabilities [{applicationCacheEnabled=true, rotatable=false, handlesAlerts=true, databaseEnabled=true, version=44.0, platform=WINDOWS, nativeEvents=false, acceptSslCerts=true, webStorageEnabled=true, locationContextEnabled=true, browserName=firefox, takesScreenshot=true, javascriptEnabled=true, cssSelectorsEnabled=true}]
Session ID: 516e0a74-92a2-4896-9de3-abb790605510
*** Element info: {Using=xpath, value=///div[@id='postion-error']}
	at sun.reflect.NativeConstructorAccessorImpl.newInstance0(Native Method)
	at sun.reflect.NativeConstructorAccessorImpl.newInstance(NativeConstructorAccessorImpl.java:62)
	at sun.reflect.DelegatingConstructorAccessorImpl.newInstance(DelegatingConstructorAccessorImpl.java:45)
	at java.lang.reflect.Constructor.newInstance(Constructor.java:423)
	at org.openqa.selenium.remote.ErrorHandler.createThrowable(ErrorHandler.java:206)
	at org.openqa.selenium.remote.ErrorHandler.throwIfResponseFailed(ErrorHandler.java:158)
	at org.openqa.selenium.remote.RemoteWebDriver.execute(RemoteWebDriver.java:636)
	at org.openqa.selenium.remote.RemoteWebDriver.findElement(RemoteWebDriver.java:369)
	at org.openqa.selenium.remote.RemoteWebDriver.findElementByXPath(RemoteWebDriver.java:474)
	at org.openqa.selenium.By$ByXPath.findElement(By.java:361)
	at org.openqa.selenium.remote.RemoteWebDriver.findElement(RemoteWebDriver.java:361)
	at org.openqa.selenium.support.pagefactory.DefaultElementLocator.findElement(DefaultElementLocator.java:69)
	at org.openqa.selenium.support.pagefactory.internal.LocatingElementHandler.invoke(LocatingElementHandler.java:38)
	at com.sun.proxy.$Proxy7.getText(Unknown Source)
	at utilitymethods.UtilityMethods.RequiredFieldValidation(UtilityMethods.java:314)
	at pages.PostReferralRequest.ReferralRequestRequiredFieldValidation(PostReferralRequest.java:162)
	at sun.reflect.NativeMethodAccessorImpl.invoke0(Native Method)
	at sun.reflect.NativeMethodAccessorImpl.invoke(NativeMethodAccessorImpl.java:62)
	at sun.reflect.DelegatingMethodAccessorImpl.invoke(DelegatingMethodAccessorImpl.java:43)
	at java.lang.reflect.Method.invoke(Method.java:498)
	at org.testng.internal.MethodInvocationHelper.invokeMethod(MethodInvocationHelper.java:104)
	at org.testng.internal.Invoker.invokeMethod(Invoker.java:645)
	at org.testng.internal.Invoker.invokeTestMethod(Invoker.java:851)
	at org.testng.internal.Invoker.invokeTestMethods(Invoker.java:1177)
	at org.testng.internal.TestMethodWorker.invokeTestMethods(TestMethodWorker.java:129)
	at org.testng.internal.TestMethodWorker.run(TestMethodWorker.java:112)
	at org.testng.TestRunner.privateRun(TestRunner.java:756)
	at org.testng.TestRunner.run(TestRunner.java:610)
	at org.testng.SuiteRunner.runTest(SuiteRunner.java:387)
	at org.testng.SuiteRunner.runSequentially(SuiteRunner.java:382)
	at org.testng.SuiteRunner.privateRun(SuiteRunner.java:340)
	at org.testng.SuiteRunner.run(SuiteRunner.java:289)
	at org.testng.SuiteRunnerWorker.runSuite(SuiteRunnerWorker.java:52)
	at org.testng.SuiteRunnerWorker.run(SuiteRunnerWorker.java:86)
	at org.testng.TestNG.runSuitesSequentially(TestNG.java:1293)
	at org.testng.TestNG.runSuitesLocally(TestNG.java:1218)
	at org.testng.TestNG.runSuites(TestNG.java:1133)
	at org.testng.TestNG.run(TestNG.java:1104)
	at org.testng.remote.AbstractRemoteTestNG.run(AbstractRemoteTestNG.java:132)
	at org.testng.remote.RemoteTestNG.initAndRun(RemoteTestNG.java:236)
	at org.testng.remote.RemoteTestNG.main(RemoteTestNG.java:81)
Caused by: org.openqa.selenium.InvalidSelectorException: The given selector ///div[@id='postion-error'] is either invalid or does not result in a WebElement. The following error occurred:
InvalidSelectorError: Unable to locate an element with the xpath expression ///div[@id='postion-error'] because of the following error:
SyntaxError: The expression is not a legal expression.
For documentation on this error, please visit: http://seleniumhq.org/exceptions/invalid_selector_exception.html
Build info: version: '3.0.0-beta4', revision: '3169782', time: '2016-09-29 10:29:23 -0700'
System info: host: 'Gokul', ip: '192.168.1.34', os.name: 'Windows 8', os.arch: 'amd64', os.version: '6.2', java.version: '1.8.0_101'
Driver info: driver.version: unknown
	at <anonymous class>.FirefoxDriver.annotateInvalidSelectorError_(file:///C:/Users/Sada/AppData/Local/Temp/anonymous1602748269495200834webdriver-profile/extensions/fxdriver@googlecode.com/components/driver-component.js:11161)
	at <anonymous class>.FirefoxDriver.prototype.findElementInternal_(file:///C:/Users/Sada/AppData/Local/Temp/anonymous1602748269495200834webdriver-profile/extensions/fxdriver@googlecode.com/components/driver-component.js:11192)
	at <anonymous class>.FirefoxDriver.prototype.findElement(file:///C:/Users/Sada/AppData/Local/Temp/anonymous1602748269495200834webdriver-profile/extensions/fxdriver@googlecode.com/components/driver-component.js:11196)
	at <anonymous class>.DelayedCommand.prototype.executeInternal_/h(file:///C:/Users/Sada/AppData/Local/Temp/anonymous1602748269495200834webdriver-profile/extensions/fxdriver@googlecode.com/components/command-processor.js:12698)
	at <anonymous class>.DelayedCommand.prototype.executeInternal_(file:///C:/Users/Sada/AppData/Local/Temp/anonymous1602748269495200834webdriver-profile/extensions/fxdriver@googlecode.com/components/command-processor.js:12703)
	at <anonymous class>.DelayedCommand.prototype.execute/<(file:///C:/Users/Sada/AppData/Local/Temp/anonymous1602748269495200834webdriver-profile/extensions/fxdriver@googlecode.com/components/command-processor.js:12645)
]]>
    </error>
  </testcase> <!-- ReferralRequestRequiredFieldValidation -->
  <testcase name="ReferralRequestCodeValidInputValidation" time="21.557" classname="pages.PostReferralRequest">
    <error type="org.openqa.selenium.InvalidSelectorException" message="The given selector ///div[@id=&#039;postion-error&#039;] is either invalid or does not result in a WebElement. The following error occurred:
InvalidSelectorError: Unable to locate an element with the xpath expression ///div[@id=&#039;postion-error&#039;] because of the following error:
SyntaxError: The expression is not a legal expression.
Command duration or timeout: 102 milliseconds
For documentation on this error, please visit: http://seleniumhq.org/exceptions/invalid_selector_exception.html
Build info: version: &#039;3.0.0-beta4&#039;, revision: &#039;3169782&#039;, time: &#039;2016-09-29 10:29:23 -0700&#039;
System info: host: &#039;Gokul&#039;, ip: &#039;192.168.1.34&#039;, os.name: &#039;Windows 8&#039;, os.arch: &#039;amd64&#039;, os.version: &#039;6.2&#039;, java.version: &#039;1.8.0_101&#039;
Driver info: org.openqa.selenium.firefox.FirefoxDriver
Capabilities [{applicationCacheEnabled=true, rotatable=false, handlesAlerts=true, databaseEnabled=true, version=44.0, platform=WINDOWS, nativeEvents=false, acceptSslCerts=true, webStorageEnabled=true, locationContextEnabled=true, browserName=firefox, takesScreenshot=true, javascriptEnabled=true, cssSelectorsEnabled=true}]
Session ID: 516e0a74-92a2-4896-9de3-abb790605510
*** Element info: {Using=xpath, value=///div[@id=&#039;postion-error&#039;]}">
      <![CDATA[org.openqa.selenium.InvalidSelectorException: The given selector ///div[@id='postion-error'] is either invalid or does not result in a WebElement. The following error occurred:
InvalidSelectorError: Unable to locate an element with the xpath expression ///div[@id='postion-error'] because of the following error:
SyntaxError: The expression is not a legal expression.
Command duration or timeout: 102 milliseconds
For documentation on this error, please visit: http://seleniumhq.org/exceptions/invalid_selector_exception.html
Build info: version: '3.0.0-beta4', revision: '3169782', time: '2016-09-29 10:29:23 -0700'
System info: host: 'Gokul', ip: '192.168.1.34', os.name: 'Windows 8', os.arch: 'amd64', os.version: '6.2', java.version: '1.8.0_101'
Driver info: org.openqa.selenium.firefox.FirefoxDriver
Capabilities [{applicationCacheEnabled=true, rotatable=false, handlesAlerts=true, databaseEnabled=true, version=44.0, platform=WINDOWS, nativeEvents=false, acceptSslCerts=true, webStorageEnabled=true, locationContextEnabled=true, browserName=firefox, takesScreenshot=true, javascriptEnabled=true, cssSelectorsEnabled=true}]
Session ID: 516e0a74-92a2-4896-9de3-abb790605510
*** Element info: {Using=xpath, value=///div[@id='postion-error']}
	at sun.reflect.NativeConstructorAccessorImpl.newInstance0(Native Method)
	at sun.reflect.NativeConstructorAccessorImpl.newInstance(NativeConstructorAccessorImpl.java:62)
	at sun.reflect.DelegatingConstructorAccessorImpl.newInstance(DelegatingConstructorAccessorImpl.java:45)
	at java.lang.reflect.Constructor.newInstance(Constructor.java:423)
	at org.openqa.selenium.remote.ErrorHandler.createThrowable(ErrorHandler.java:206)
	at org.openqa.selenium.remote.ErrorHandler.throwIfResponseFailed(ErrorHandler.java:158)
	at org.openqa.selenium.remote.RemoteWebDriver.execute(RemoteWebDriver.java:636)
	at org.openqa.selenium.remote.RemoteWebDriver.findElement(RemoteWebDriver.java:369)
	at org.openqa.selenium.remote.RemoteWebDriver.findElementByXPath(RemoteWebDriver.java:474)
	at org.openqa.selenium.By$ByXPath.findElement(By.java:361)
	at org.openqa.selenium.remote.RemoteWebDriver.findElement(RemoteWebDriver.java:361)
	at org.openqa.selenium.support.pagefactory.DefaultElementLocator.findElement(DefaultElementLocator.java:69)
	at org.openqa.selenium.support.pagefactory.internal.LocatingElementHandler.invoke(LocatingElementHandler.java:38)
	at com.sun.proxy.$Proxy7.getText(Unknown Source)
	at utilitymethods.UtilityMethods.ValidInputValidation(UtilityMethods.java:389)
	at pages.PostReferralRequest.ReferralRequestCodeValidInputValidation(PostReferralRequest.java:144)
	at sun.reflect.NativeMethodAccessorImpl.invoke0(Native Method)
	at sun.reflect.NativeMethodAccessorImpl.invoke(NativeMethodAccessorImpl.java:62)
	at sun.reflect.DelegatingMethodAccessorImpl.invoke(DelegatingMethodAccessorImpl.java:43)
	at java.lang.reflect.Method.invoke(Method.java:498)
	at org.testng.internal.MethodInvocationHelper.invokeMethod(MethodInvocationHelper.java:104)
	at org.testng.internal.Invoker.invokeMethod(Invoker.java:645)
	at org.testng.internal.Invoker.invokeTestMethod(Invoker.java:851)
	at org.testng.internal.Invoker.invokeTestMethods(Invoker.java:1177)
	at org.testng.internal.TestMethodWorker.invokeTestMethods(TestMethodWorker.java:129)
	at org.testng.internal.TestMethodWorker.run(TestMethodWorker.java:112)
	at org.testng.TestRunner.privateRun(TestRunner.java:756)
	at org.testng.TestRunner.run(TestRunner.java:610)
	at org.testng.SuiteRunner.runTest(SuiteRunner.java:387)
	at org.testng.SuiteRunner.runSequentially(SuiteRunner.java:382)
	at org.testng.SuiteRunner.privateRun(SuiteRunner.java:340)
	at org.testng.SuiteRunner.run(SuiteRunner.java:289)
	at org.testng.SuiteRunnerWorker.runSuite(SuiteRunnerWorker.java:52)
	at org.testng.SuiteRunnerWorker.run(SuiteRunnerWorker.java:86)
	at org.testng.TestNG.runSuitesSequentially(TestNG.java:1293)
	at org.testng.TestNG.runSuitesLocally(TestNG.java:1218)
	at org.testng.TestNG.runSuites(TestNG.java:1133)
	at org.testng.TestNG.run(TestNG.java:1104)
	at org.testng.remote.AbstractRemoteTestNG.run(AbstractRemoteTestNG.java:132)
	at org.testng.remote.RemoteTestNG.initAndRun(RemoteTestNG.java:236)
	at org.testng.remote.RemoteTestNG.main(RemoteTestNG.java:81)
Caused by: org.openqa.selenium.InvalidSelectorException: The given selector ///div[@id='postion-error'] is either invalid or does not result in a WebElement. The following error occurred:
InvalidSelectorError: Unable to locate an element with the xpath expression ///div[@id='postion-error'] because of the following error:
SyntaxError: The expression is not a legal expression.
For documentation on this error, please visit: http://seleniumhq.org/exceptions/invalid_selector_exception.html
Build info: version: '3.0.0-beta4', revision: '3169782', time: '2016-09-29 10:29:23 -0700'
System info: host: 'Gokul', ip: '192.168.1.34', os.name: 'Windows 8', os.arch: 'amd64', os.version: '6.2', java.version: '1.8.0_101'
Driver info: driver.version: unknown
	at <anonymous class>.FirefoxDriver.annotateInvalidSelectorError_(file:///C:/Users/Sada/AppData/Local/Temp/anonymous1602748269495200834webdriver-profile/extensions/fxdriver@googlecode.com/components/driver-component.js:11161)
	at <anonymous class>.FirefoxDriver.prototype.findElementInternal_(file:///C:/Users/Sada/AppData/Local/Temp/anonymous1602748269495200834webdriver-profile/extensions/fxdriver@googlecode.com/components/driver-component.js:11192)
	at <anonymous class>.FirefoxDriver.prototype.findElement(file:///C:/Users/Sada/AppData/Local/Temp/anonymous1602748269495200834webdriver-profile/extensions/fxdriver@googlecode.com/components/driver-component.js:11196)
	at <anonymous class>.DelayedCommand.prototype.executeInternal_/h(file:///C:/Users/Sada/AppData/Local/Temp/anonymous1602748269495200834webdriver-profile/extensions/fxdriver@googlecode.com/components/command-processor.js:12698)
	at <anonymous class>.DelayedCommand.prototype.executeInternal_(file:///C:/Users/Sada/AppData/Local/Temp/anonymous1602748269495200834webdriver-profile/extensions/fxdriver@googlecode.com/components/command-processor.js:12703)
	at <anonymous class>.DelayedCommand.prototype.execute/<(file:///C:/Users/Sada/AppData/Local/Temp/anonymous1602748269495200834webdriver-profile/extensions/fxdriver@googlecode.com/components/command-processor.js:12645)
]]>
    </error>
  </testcase> <!-- ReferralRequestCodeValidInputValidation -->
  <testcase name="ReferralRequestOtherValidation" time="26.414" classname="pages.PostReferralRequest"/>
  <testcase name="RequestReferralCodePlaceholderValidation" time="3.199" classname="pages.PostReferralRequest"/>
  <testcase name="RequestReferralCodeTextBoxDisplayedAndEnabled" time="3.144" classname="pages.PostReferralRequest"/>
  <testcase name="validateCompanyLogo" time="2.200" classname="pages.PostReferralRequest"/>
  <testcase name="ReferralRequestTextValidation" time="0.362" classname="pages.PostReferralRequest">
    <failure type="java.lang.AssertionError" message="expected [true] but found [false]">
      <![CDATA[java.lang.AssertionError: expected [true] but found [false]
	at org.testng.Assert.fail(Assert.java:94)
	at org.testng.Assert.failNotEquals(Assert.java:513)
	at org.testng.Assert.assertTrue(Assert.java:42)
	at org.testng.Assert.assertTrue(Assert.java:52)
	at utilitymethods.UtilityMethods.StringValidation(UtilityMethods.java:447)
	at pages.PostReferralRequest.ReferralRequestTextValidation(PostReferralRequest.java:72)
	at sun.reflect.NativeMethodAccessorImpl.invoke0(Native Method)
	at sun.reflect.NativeMethodAccessorImpl.invoke(NativeMethodAccessorImpl.java:62)
	at sun.reflect.DelegatingMethodAccessorImpl.invoke(DelegatingMethodAccessorImpl.java:43)
	at java.lang.reflect.Method.invoke(Method.java:498)
	at org.testng.internal.MethodInvocationHelper.invokeMethod(MethodInvocationHelper.java:104)
	at org.testng.internal.Invoker.invokeMethod(Invoker.java:645)
	at org.testng.internal.Invoker.invokeTestMethod(Invoker.java:851)
	at org.testng.internal.Invoker.invokeTestMethods(Invoker.java:1177)
	at org.testng.internal.TestMethodWorker.invokeTestMethods(TestMethodWorker.java:129)
	at org.testng.internal.TestMethodWorker.run(TestMethodWorker.java:112)
	at org.testng.TestRunner.privateRun(TestRunner.java:756)
	at org.testng.TestRunner.run(TestRunner.java:610)
	at org.testng.SuiteRunner.runTest(SuiteRunner.java:387)
	at org.testng.SuiteRunner.runSequentially(SuiteRunner.java:382)
	at org.testng.SuiteRunner.privateRun(SuiteRunner.java:340)
	at org.testng.SuiteRunner.run(SuiteRunner.java:289)
	at org.testng.SuiteRunnerWorker.runSuite(SuiteRunnerWorker.java:52)
	at org.testng.SuiteRunnerWorker.run(SuiteRunnerWorker.java:86)
	at org.testng.TestNG.runSuitesSequentially(TestNG.java:1293)
	at org.testng.TestNG.runSuitesLocally(TestNG.java:1218)
	at org.testng.TestNG.runSuites(TestNG.java:1133)
	at org.testng.TestNG.run(TestNG.java:1104)
	at org.testng.remote.AbstractRemoteTestNG.run(AbstractRemoteTestNG.java:132)
	at org.testng.remote.RemoteTestNG.initAndRun(RemoteTestNG.java:236)
	at org.testng.remote.RemoteTestNG.main(RemoteTestNG.java:81)
]]>
    </failure>
  </testcase> <!-- ReferralRequestTextValidation -->
  <testcase name="ReferralRequestSpaceNotAllowedValidation" time="3.732" classname="pages.PostReferralRequest">
    <error type="org.openqa.selenium.InvalidSelectorException" message="The given selector ///div[@id=&#039;postion-error&#039;] is either invalid or does not result in a WebElement. The following error occurred:
InvalidSelectorError: Unable to locate an element with the xpath expression ///div[@id=&#039;postion-error&#039;] because of the following error:
SyntaxError: The expression is not a legal expression.
Command duration or timeout: 86 milliseconds
For documentation on this error, please visit: http://seleniumhq.org/exceptions/invalid_selector_exception.html
Build info: version: &#039;3.0.0-beta4&#039;, revision: &#039;3169782&#039;, time: &#039;2016-09-29 10:29:23 -0700&#039;
System info: host: &#039;Gokul&#039;, ip: &#039;192.168.1.34&#039;, os.name: &#039;Windows 8&#039;, os.arch: &#039;amd64&#039;, os.version: &#039;6.2&#039;, java.version: &#039;1.8.0_101&#039;
Driver info: org.openqa.selenium.firefox.FirefoxDriver
Capabilities [{applicationCacheEnabled=true, rotatable=false, handlesAlerts=true, databaseEnabled=true, version=44.0, platform=WINDOWS, nativeEvents=false, acceptSslCerts=true, webStorageEnabled=true, locationContextEnabled=true, browserName=firefox, takesScreenshot=true, javascriptEnabled=true, cssSelectorsEnabled=true}]
Session ID: 516e0a74-92a2-4896-9de3-abb790605510
*** Element info: {Using=xpath, value=///div[@id=&#039;postion-error&#039;]}">
      <![CDATA[org.openqa.selenium.InvalidSelectorException: The given selector ///div[@id='postion-error'] is either invalid or does not result in a WebElement. The following error occurred:
InvalidSelectorError: Unable to locate an element with the xpath expression ///div[@id='postion-error'] because of the following error:
SyntaxError: The expression is not a legal expression.
Command duration or timeout: 86 milliseconds
For documentation on this error, please visit: http://seleniumhq.org/exceptions/invalid_selector_exception.html
Build info: version: '3.0.0-beta4', revision: '3169782', time: '2016-09-29 10:29:23 -0700'
System info: host: 'Gokul', ip: '192.168.1.34', os.name: 'Windows 8', os.arch: 'amd64', os.version: '6.2', java.version: '1.8.0_101'
Driver info: org.openqa.selenium.firefox.FirefoxDriver
Capabilities [{applicationCacheEnabled=true, rotatable=false, handlesAlerts=true, databaseEnabled=true, version=44.0, platform=WINDOWS, nativeEvents=false, acceptSslCerts=true, webStorageEnabled=true, locationContextEnabled=true, browserName=firefox, takesScreenshot=true, javascriptEnabled=true, cssSelectorsEnabled=true}]
Session ID: 516e0a74-92a2-4896-9de3-abb790605510
*** Element info: {Using=xpath, value=///div[@id='postion-error']}
	at sun.reflect.NativeConstructorAccessorImpl.newInstance0(Native Method)
	at sun.reflect.NativeConstructorAccessorImpl.newInstance(NativeConstructorAccessorImpl.java:62)
	at sun.reflect.DelegatingConstructorAccessorImpl.newInstance(DelegatingConstructorAccessorImpl.java:45)
	at java.lang.reflect.Constructor.newInstance(Constructor.java:423)
	at org.openqa.selenium.remote.ErrorHandler.createThrowable(ErrorHandler.java:206)
	at org.openqa.selenium.remote.ErrorHandler.throwIfResponseFailed(ErrorHandler.java:158)
	at org.openqa.selenium.remote.RemoteWebDriver.execute(RemoteWebDriver.java:636)
	at org.openqa.selenium.remote.RemoteWebDriver.findElement(RemoteWebDriver.java:369)
	at org.openqa.selenium.remote.RemoteWebDriver.findElementByXPath(RemoteWebDriver.java:474)
	at org.openqa.selenium.By$ByXPath.findElement(By.java:361)
	at org.openqa.selenium.remote.RemoteWebDriver.findElement(RemoteWebDriver.java:361)
	at org.openqa.selenium.support.pagefactory.DefaultElementLocator.findElement(DefaultElementLocator.java:69)
	at org.openqa.selenium.support.pagefactory.internal.LocatingElementHandler.invoke(LocatingElementHandler.java:38)
	at com.sun.proxy.$Proxy7.getText(Unknown Source)
	at utilitymethods.UtilityMethods.SpaceNotAllowedvalidation(UtilityMethods.java:300)
	at pages.PostReferralRequest.ReferralRequestSpaceNotAllowedValidation(PostReferralRequest.java:179)
	at sun.reflect.NativeMethodAccessorImpl.invoke0(Native Method)
	at sun.reflect.NativeMethodAccessorImpl.invoke(NativeMethodAccessorImpl.java:62)
	at sun.reflect.DelegatingMethodAccessorImpl.invoke(DelegatingMethodAccessorImpl.java:43)
	at java.lang.reflect.Method.invoke(Method.java:498)
	at org.testng.internal.MethodInvocationHelper.invokeMethod(MethodInvocationHelper.java:104)
	at org.testng.internal.Invoker.invokeMethod(Invoker.java:645)
	at org.testng.internal.Invoker.invokeTestMethod(Invoker.java:851)
	at org.testng.internal.Invoker.invokeTestMethods(Invoker.java:1177)
	at org.testng.internal.TestMethodWorker.invokeTestMethods(TestMethodWorker.java:129)
	at org.testng.internal.TestMethodWorker.run(TestMethodWorker.java:112)
	at org.testng.TestRunner.privateRun(TestRunner.java:756)
	at org.testng.TestRunner.run(TestRunner.java:610)
	at org.testng.SuiteRunner.runTest(SuiteRunner.java:387)
	at org.testng.SuiteRunner.runSequentially(SuiteRunner.java:382)
	at org.testng.SuiteRunner.privateRun(SuiteRunner.java:340)
	at org.testng.SuiteRunner.run(SuiteRunner.java:289)
	at org.testng.SuiteRunnerWorker.runSuite(SuiteRunnerWorker.java:52)
	at org.testng.SuiteRunnerWorker.run(SuiteRunnerWorker.java:86)
	at org.testng.TestNG.runSuitesSequentially(TestNG.java:1293)
	at org.testng.TestNG.runSuitesLocally(TestNG.java:1218)
	at org.testng.TestNG.runSuites(TestNG.java:1133)
	at org.testng.TestNG.run(TestNG.java:1104)
	at org.testng.remote.AbstractRemoteTestNG.run(AbstractRemoteTestNG.java:132)
	at org.testng.remote.RemoteTestNG.initAndRun(RemoteTestNG.java:236)
	at org.testng.remote.RemoteTestNG.main(RemoteTestNG.java:81)
Caused by: org.openqa.selenium.InvalidSelectorException: The given selector ///div[@id='postion-error'] is either invalid or does not result in a WebElement. The following error occurred:
InvalidSelectorError: Unable to locate an element with the xpath expression ///div[@id='postion-error'] because of the following error:
SyntaxError: The expression is not a legal expression.
For documentation on this error, please visit: http://seleniumhq.org/exceptions/invalid_selector_exception.html
Build info: version: '3.0.0-beta4', revision: '3169782', time: '2016-09-29 10:29:23 -0700'
System info: host: 'Gokul', ip: '192.168.1.34', os.name: 'Windows 8', os.arch: 'amd64', os.version: '6.2', java.version: '1.8.0_101'
Driver info: driver.version: unknown
	at <anonymous class>.FirefoxDriver.annotateInvalidSelectorError_(file:///C:/Users/Sada/AppData/Local/Temp/anonymous1602748269495200834webdriver-profile/extensions/fxdriver@googlecode.com/components/driver-component.js:11161)
	at <anonymous class>.FirefoxDriver.prototype.findElementInternal_(file:///C:/Users/Sada/AppData/Local/Temp/anonymous1602748269495200834webdriver-profile/extensions/fxdriver@googlecode.com/components/driver-component.js:11192)
	at <anonymous class>.FirefoxDriver.prototype.findElement(file:///C:/Users/Sada/AppData/Local/Temp/anonymous1602748269495200834webdriver-profile/extensions/fxdriver@googlecode.com/components/driver-component.js:11196)
	at <anonymous class>.DelayedCommand.prototype.executeInternal_/h(file:///C:/Users/Sada/AppData/Local/Temp/anonymous1602748269495200834webdriver-profile/extensions/fxdriver@googlecode.com/components/command-processor.js:12698)
	at <anonymous class>.DelayedCommand.prototype.executeInternal_(file:///C:/Users/Sada/AppData/Local/Temp/anonymous1602748269495200834webdriver-profile/extensions/fxdriver@googlecode.com/components/command-processor.js:12703)
	at <anonymous class>.DelayedCommand.prototype.execute/<(file:///C:/Users/Sada/AppData/Local/Temp/anonymous1602748269495200834webdriver-profile/extensions/fxdriver@googlecode.com/components/command-processor.js:12645)
]]>
    </error>
  </testcase> <!-- ReferralRequestSpaceNotAllowedValidation -->
  <testcase name="validateOperatorLogo" time="2.500" classname="pages.PostReferralRequest"/>
  <testcase name="ReferralRequestMaximumInputValidation" time="8.918" classname="pages.PostReferralRequest">
    <error type="org.openqa.selenium.InvalidSelectorException" message="The given selector ///div[@id=&#039;postion-error&#039;] is either invalid or does not result in a WebElement. The following error occurred:
InvalidSelectorError: Unable to locate an element with the xpath expression ///div[@id=&#039;postion-error&#039;] because of the following error:
SyntaxError: The expression is not a legal expression.
Command duration or timeout: 79 milliseconds
For documentation on this error, please visit: http://seleniumhq.org/exceptions/invalid_selector_exception.html
Build info: version: &#039;3.0.0-beta4&#039;, revision: &#039;3169782&#039;, time: &#039;2016-09-29 10:29:23 -0700&#039;
System info: host: &#039;Gokul&#039;, ip: &#039;192.168.1.34&#039;, os.name: &#039;Windows 8&#039;, os.arch: &#039;amd64&#039;, os.version: &#039;6.2&#039;, java.version: &#039;1.8.0_101&#039;
Driver info: org.openqa.selenium.firefox.FirefoxDriver
Capabilities [{applicationCacheEnabled=true, rotatable=false, handlesAlerts=true, databaseEnabled=true, version=44.0, platform=WINDOWS, nativeEvents=false, acceptSslCerts=true, webStorageEnabled=true, locationContextEnabled=true, browserName=firefox, takesScreenshot=true, javascriptEnabled=true, cssSelectorsEnabled=true}]
Session ID: 516e0a74-92a2-4896-9de3-abb790605510
*** Element info: {Using=xpath, value=///div[@id=&#039;postion-error&#039;]}">
      <![CDATA[org.openqa.selenium.InvalidSelectorException: The given selector ///div[@id='postion-error'] is either invalid or does not result in a WebElement. The following error occurred:
InvalidSelectorError: Unable to locate an element with the xpath expression ///div[@id='postion-error'] because of the following error:
SyntaxError: The expression is not a legal expression.
Command duration or timeout: 79 milliseconds
For documentation on this error, please visit: http://seleniumhq.org/exceptions/invalid_selector_exception.html
Build info: version: '3.0.0-beta4', revision: '3169782', time: '2016-09-29 10:29:23 -0700'
System info: host: 'Gokul', ip: '192.168.1.34', os.name: 'Windows 8', os.arch: 'amd64', os.version: '6.2', java.version: '1.8.0_101'
Driver info: org.openqa.selenium.firefox.FirefoxDriver
Capabilities [{applicationCacheEnabled=true, rotatable=false, handlesAlerts=true, databaseEnabled=true, version=44.0, platform=WINDOWS, nativeEvents=false, acceptSslCerts=true, webStorageEnabled=true, locationContextEnabled=true, browserName=firefox, takesScreenshot=true, javascriptEnabled=true, cssSelectorsEnabled=true}]
Session ID: 516e0a74-92a2-4896-9de3-abb790605510
*** Element info: {Using=xpath, value=///div[@id='postion-error']}
	at sun.reflect.NativeConstructorAccessorImpl.newInstance0(Native Method)
	at sun.reflect.NativeConstructorAccessorImpl.newInstance(NativeConstructorAccessorImpl.java:62)
	at sun.reflect.DelegatingConstructorAccessorImpl.newInstance(DelegatingConstructorAccessorImpl.java:45)
	at java.lang.reflect.Constructor.newInstance(Constructor.java:423)
	at org.openqa.selenium.remote.ErrorHandler.createThrowable(ErrorHandler.java:206)
	at org.openqa.selenium.remote.ErrorHandler.throwIfResponseFailed(ErrorHandler.java:158)
	at org.openqa.selenium.remote.RemoteWebDriver.execute(RemoteWebDriver.java:636)
	at org.openqa.selenium.remote.RemoteWebDriver.findElement(RemoteWebDriver.java:369)
	at org.openqa.selenium.remote.RemoteWebDriver.findElementByXPath(RemoteWebDriver.java:474)
	at org.openqa.selenium.By$ByXPath.findElement(By.java:361)
	at org.openqa.selenium.remote.RemoteWebDriver.findElement(RemoteWebDriver.java:361)
	at org.openqa.selenium.support.pagefactory.DefaultElementLocator.findElement(DefaultElementLocator.java:69)
	at org.openqa.selenium.support.pagefactory.internal.LocatingElementHandler.invoke(LocatingElementHandler.java:38)
	at com.sun.proxy.$Proxy7.getText(Unknown Source)
	at utilitymethods.UtilityMethods.MaximumInputValidation(UtilityMethods.java:271)
	at pages.PostReferralRequest.ReferralRequestMaximumInputValidation(PostReferralRequest.java:189)
	at sun.reflect.NativeMethodAccessorImpl.invoke0(Native Method)
	at sun.reflect.NativeMethodAccessorImpl.invoke(NativeMethodAccessorImpl.java:62)
	at sun.reflect.DelegatingMethodAccessorImpl.invoke(DelegatingMethodAccessorImpl.java:43)
	at java.lang.reflect.Method.invoke(Method.java:498)
	at org.testng.internal.MethodInvocationHelper.invokeMethod(MethodInvocationHelper.java:104)
	at org.testng.internal.Invoker.invokeMethod(Invoker.java:645)
	at org.testng.internal.Invoker.invokeTestMethod(Invoker.java:851)
	at org.testng.internal.Invoker.invokeTestMethods(Invoker.java:1177)
	at org.testng.internal.TestMethodWorker.invokeTestMethods(TestMethodWorker.java:129)
	at org.testng.internal.TestMethodWorker.run(TestMethodWorker.java:112)
	at org.testng.TestRunner.privateRun(TestRunner.java:756)
	at org.testng.TestRunner.run(TestRunner.java:610)
	at org.testng.SuiteRunner.runTest(SuiteRunner.java:387)
	at org.testng.SuiteRunner.runSequentially(SuiteRunner.java:382)
	at org.testng.SuiteRunner.privateRun(SuiteRunner.java:340)
	at org.testng.SuiteRunner.run(SuiteRunner.java:289)
	at org.testng.SuiteRunnerWorker.runSuite(SuiteRunnerWorker.java:52)
	at org.testng.SuiteRunnerWorker.run(SuiteRunnerWorker.java:86)
	at org.testng.TestNG.runSuitesSequentially(TestNG.java:1293)
	at org.testng.TestNG.runSuitesLocally(TestNG.java:1218)
	at org.testng.TestNG.runSuites(TestNG.java:1133)
	at org.testng.TestNG.run(TestNG.java:1104)
	at org.testng.remote.AbstractRemoteTestNG.run(AbstractRemoteTestNG.java:132)
	at org.testng.remote.RemoteTestNG.initAndRun(RemoteTestNG.java:236)
	at org.testng.remote.RemoteTestNG.main(RemoteTestNG.java:81)
Caused by: org.openqa.selenium.InvalidSelectorException: The given selector ///div[@id='postion-error'] is either invalid or does not result in a WebElement. The following error occurred:
InvalidSelectorError: Unable to locate an element with the xpath expression ///div[@id='postion-error'] because of the following error:
SyntaxError: The expression is not a legal expression.
For documentation on this error, please visit: http://seleniumhq.org/exceptions/invalid_selector_exception.html
Build info: version: '3.0.0-beta4', revision: '3169782', time: '2016-09-29 10:29:23 -0700'
System info: host: 'Gokul', ip: '192.168.1.34', os.name: 'Windows 8', os.arch: 'amd64', os.version: '6.2', java.version: '1.8.0_101'
Driver info: driver.version: unknown
	at <anonymous class>.FirefoxDriver.annotateInvalidSelectorError_(file:///C:/Users/Sada/AppData/Local/Temp/anonymous1602748269495200834webdriver-profile/extensions/fxdriver@googlecode.com/components/driver-component.js:11161)
	at <anonymous class>.FirefoxDriver.prototype.findElementInternal_(file:///C:/Users/Sada/AppData/Local/Temp/anonymous1602748269495200834webdriver-profile/extensions/fxdriver@googlecode.com/components/driver-component.js:11192)
	at <anonymous class>.FirefoxDriver.prototype.findElement(file:///C:/Users/Sada/AppData/Local/Temp/anonymous1602748269495200834webdriver-profile/extensions/fxdriver@googlecode.com/components/driver-component.js:11196)
	at <anonymous class>.DelayedCommand.prototype.executeInternal_/h(file:///C:/Users/Sada/AppData/Local/Temp/anonymous1602748269495200834webdriver-profile/extensions/fxdriver@googlecode.com/components/command-processor.js:12698)
	at <anonymous class>.DelayedCommand.prototype.executeInternal_(file:///C:/Users/Sada/AppData/Local/Temp/anonymous1602748269495200834webdriver-profile/extensions/fxdriver@googlecode.com/components/command-processor.js:12703)
	at <anonymous class>.DelayedCommand.prototype.execute/<(file:///C:/Users/Sada/AppData/Local/Temp/anonymous1602748269495200834webdriver-profile/extensions/fxdriver@googlecode.com/components/command-processor.js:12645)
]]>
    </error>
  </testcase> <!-- ReferralRequestMaximumInputValidation -->
  <testcase name="RequestButtonValidation" time="8.070" classname="pages.PostReferralRequest">
    <error type="org.openqa.selenium.WebDriverException" message="Element is not currently visible and so may not be interacted with
Command duration or timeout: 97 milliseconds
Build info: version: &#039;3.0.0-beta4&#039;, revision: &#039;3169782&#039;, time: &#039;2016-09-29 10:29:23 -0700&#039;
System info: host: &#039;Gokul&#039;, ip: &#039;192.168.1.34&#039;, os.name: &#039;Windows 8&#039;, os.arch: &#039;amd64&#039;, os.version: &#039;6.2&#039;, java.version: &#039;1.8.0_101&#039;
Driver info: org.openqa.selenium.firefox.FirefoxDriver
Capabilities [{applicationCacheEnabled=true, rotatable=false, handlesAlerts=true, databaseEnabled=true, version=44.0, platform=WINDOWS, nativeEvents=false, acceptSslCerts=true, webStorageEnabled=true, locationContextEnabled=true, browserName=firefox, takesScreenshot=true, javascriptEnabled=true, cssSelectorsEnabled=true}]
Session ID: 516e0a74-92a2-4896-9de3-abb790605510">
      <![CDATA[org.openqa.selenium.WebDriverException: Element is not currently visible and so may not be interacted with
Command duration or timeout: 97 milliseconds
Build info: version: '3.0.0-beta4', revision: '3169782', time: '2016-09-29 10:29:23 -0700'
System info: host: 'Gokul', ip: '192.168.1.34', os.name: 'Windows 8', os.arch: 'amd64', os.version: '6.2', java.version: '1.8.0_101'
Driver info: org.openqa.selenium.firefox.FirefoxDriver
Capabilities [{applicationCacheEnabled=true, rotatable=false, handlesAlerts=true, databaseEnabled=true, version=44.0, platform=WINDOWS, nativeEvents=false, acceptSslCerts=true, webStorageEnabled=true, locationContextEnabled=true, browserName=firefox, takesScreenshot=true, javascriptEnabled=true, cssSelectorsEnabled=true}]
Session ID: 516e0a74-92a2-4896-9de3-abb790605510
	at sun.reflect.NativeConstructorAccessorImpl.newInstance0(Native Method)
	at sun.reflect.NativeConstructorAccessorImpl.newInstance(NativeConstructorAccessorImpl.java:62)
	at sun.reflect.DelegatingConstructorAccessorImpl.newInstance(DelegatingConstructorAccessorImpl.java:45)
	at java.lang.reflect.Constructor.newInstance(Constructor.java:423)
	at org.openqa.selenium.remote.ErrorHandler.createThrowable(ErrorHandler.java:206)
	at org.openqa.selenium.remote.ErrorHandler.throwIfResponseFailed(ErrorHandler.java:158)
	at org.openqa.selenium.remote.RemoteWebDriver.execute(RemoteWebDriver.java:636)
	at org.openqa.selenium.remote.RemoteWebElement.execute(RemoteWebElement.java:284)
	at org.openqa.selenium.remote.RemoteWebElement.click(RemoteWebElement.java:84)
	at sun.reflect.NativeMethodAccessorImpl.invoke0(Native Method)
	at sun.reflect.NativeMethodAccessorImpl.invoke(NativeMethodAccessorImpl.java:62)
	at sun.reflect.DelegatingMethodAccessorImpl.invoke(DelegatingMethodAccessorImpl.java:43)
	at java.lang.reflect.Method.invoke(Method.java:498)
	at org.openqa.selenium.support.pagefactory.internal.LocatingElementHandler.invoke(LocatingElementHandler.java:51)
	at com.sun.proxy.$Proxy7.click(Unknown Source)
	at utilitymethods.UtilityMethods.SendInputValues(UtilityMethods.java:157)
	at pages.PostReferralRequest.RequestButtonValidation(PostReferralRequest.java:224)
	at sun.reflect.NativeMethodAccessorImpl.invoke0(Native Method)
	at sun.reflect.NativeMethodAccessorImpl.invoke(NativeMethodAccessorImpl.java:62)
	at sun.reflect.DelegatingMethodAccessorImpl.invoke(DelegatingMethodAccessorImpl.java:43)
	at java.lang.reflect.Method.invoke(Method.java:498)
	at org.testng.internal.MethodInvocationHelper.invokeMethod(MethodInvocationHelper.java:104)
	at org.testng.internal.Invoker.invokeMethod(Invoker.java:645)
	at org.testng.internal.Invoker.invokeTestMethod(Invoker.java:851)
	at org.testng.internal.Invoker.invokeTestMethods(Invoker.java:1177)
	at org.testng.internal.TestMethodWorker.invokeTestMethods(TestMethodWorker.java:129)
	at org.testng.internal.TestMethodWorker.run(TestMethodWorker.java:112)
	at org.testng.TestRunner.privateRun(TestRunner.java:756)
	at org.testng.TestRunner.run(TestRunner.java:610)
	at org.testng.SuiteRunner.runTest(SuiteRunner.java:387)
	at org.testng.SuiteRunner.runSequentially(SuiteRunner.java:382)
	at org.testng.SuiteRunner.privateRun(SuiteRunner.java:340)
	at org.testng.SuiteRunner.run(SuiteRunner.java:289)
	at org.testng.SuiteRunnerWorker.runSuite(SuiteRunnerWorker.java:52)
	at org.testng.SuiteRunnerWorker.run(SuiteRunnerWorker.java:86)
	at org.testng.TestNG.runSuitesSequentially(TestNG.java:1293)
	at org.testng.TestNG.runSuitesLocally(TestNG.java:1218)
	at org.testng.TestNG.runSuites(TestNG.java:1133)
	at org.testng.TestNG.run(TestNG.java:1104)
	at org.testng.remote.AbstractRemoteTestNG.run(AbstractRemoteTestNG.java:132)
	at org.testng.remote.RemoteTestNG.initAndRun(RemoteTestNG.java:236)
	at org.testng.remote.RemoteTestNG.main(RemoteTestNG.java:81)
Caused by: org.openqa.selenium.WebDriverException: Element is not currently visible and so may not be interacted with
Build info: version: '3.0.0-beta4', revision: '3169782', time: '2016-09-29 10:29:23 -0700'
System info: host: 'Gokul', ip: '192.168.1.34', os.name: 'Windows 8', os.arch: 'amd64', os.version: '6.2', java.version: '1.8.0_101'
Driver info: driver.version: unknown
	at <anonymous class>.fxdriver.preconditions.visible(file:///C:/Users/Sada/AppData/Local/Temp/anonymous1602748269495200834webdriver-profile/extensions/fxdriver@googlecode.com/components/command-processor.js:10716)
	at <anonymous class>.DelayedCommand.prototype.checkPreconditions_(file:///C:/Users/Sada/AppData/Local/Temp/anonymous1602748269495200834webdriver-profile/extensions/fxdriver@googlecode.com/components/command-processor.js:12681)
	at <anonymous class>.DelayedCommand.prototype.executeInternal_/h(file:///C:/Users/Sada/AppData/Local/Temp/anonymous1602748269495200834webdriver-profile/extensions/fxdriver@googlecode.com/components/command-processor.js:12698)
	at <anonymous class>.DelayedCommand.prototype.executeInternal_(file:///C:/Users/Sada/AppData/Local/Temp/anonymous1602748269495200834webdriver-profile/extensions/fxdriver@googlecode.com/components/command-processor.js:12703)
	at <anonymous class>.DelayedCommand.prototype.execute/<(file:///C:/Users/Sada/AppData/Local/Temp/anonymous1602748269495200834webdriver-profile/extensions/fxdriver@googlecode.com/components/command-processor.js:12645)
]]>
    </error>
  </testcase> <!-- RequestButtonValidation -->
</testsuite> <!-- pages.PostReferralRequest -->
