<?xml version="1.0" encoding="UTF-8"?>
<!-- Generated by org.testng.reporters.JUnitReportReporter -->
<testsuite name="driver.Test" tests="145" time="2594.170" ignored="0" failures="0" timestamp="06 Apr 2017 06:01:40 GMT" skipped="0" hostname="Gokul" errors="0">
  <testcase name="ReviewConfirmShippingBillingAddressValidation" time="3.626" classname="driver.Test"/>
  <testcase name="OrderSummaryCompanyLogo" time="3.485" classname="driver.Test"/>
  <testcase name="ShippingInfoTextvalidation" time="10.970" classname="driver.Test"/>
  <testcase name="HomePageM2MDotComvalidation" time="9.675" classname="driver.Test"/>
  <testcase name="HomePageBellLogo" time="1.687" classname="driver.Test"/>
  <testcase name="ReferrakRequestRequiredFieldValidation" time="11.908" classname="driver.Test"/>
  <testcase name="YourInfoValidInputValidation" time="102.504" classname="driver.Test"/>
  <testcase name="CCContentValidation" time="10.919" classname="driver.Test"/>
  <testcase name="ReviewConfirmSectionOneTextValidation" time="7.439" classname="driver.Test"/>
  <testcase name="ThankYouCiscoLogo" time="1.454" classname="driver.Test"/>
  <testcase name="ReferralRequestValidInputValidation" time="92.393" classname="driver.Test"/>
  <testcase name="ShippingInfovalidateCompanyLogo" time="3.484" classname="driver.Test"/>
  <testcase name="CCUserNameMinMaxValidation" time="51.976" classname="driver.Test"/>
  <testcase name="BillingInfoMinimumInputValidation" time="15.131" classname="driver.Test"/>
  <testcase name="HomePageLearnMoreFromBell" time="13.075" classname="driver.Test"/>
  <testcase name="CheckingReferralCodeEmail" time="41.635" classname="driver.Test"/>
  <testcase name="ReferralRequestButtonvalidation" time="44.137" classname="driver.Test"/>
  <testcase name="YourInfoBellCaLinkvalidation" time="22.770" classname="driver.Test"/>
  <testcase name="Trackorderpageredirection" time="6.903" classname="driver.Test"/>
  <testcase name="BillingCardDetailsInputFieldValidation" time="2.891" classname="driver.Test"/>
  <testcase name="HomePageReferralCodeValidation" time="14.648" classname="driver.Test"/>
  <testcase name="HomePageEnterrefrralCodeErrorvalidation" time="6.336" classname="driver.Test"/>
  <testcase name="ReferralRequestBellLogoValidation" time="22.763" classname="driver.Test"/>
  <testcase name="HomePagesectionFiveLTE" time="2.815" classname="driver.Test"/>
  <testcase name="HomePagesectionThreeHowItWorksValidation" time="2.504" classname="driver.Test"/>
  <testcase name="ReviewConfirmButton" time="13.141" classname="driver.Test"/>
  <testcase name="OrderSummaryBackToIOTValidation" time="7.213" classname="driver.Test"/>
  <testcase name="YourInfocontinueButton" time="56.072" classname="driver.Test"/>
  <testcase name="BrowserIntilation" time="7.310" classname="driver.Test"/>
  <testcase name="ShippingInfoLinkButton" time="5.766" classname="driver.Test"/>
  <testcase name="ShippingInfoBackButtonValidation" time="24.772" classname="driver.Test"/>
  <testcase name="ShippingInfoCancelButtonValidation" time="23.657" classname="driver.Test"/>
  <testcase name="VerifyingControlCenterURL" time="77.148" classname="driver.Test"/>
  <testcase name="CheckingOrderSucessEmail" time="43.927" classname="driver.Test"/>
  <testcase name="HomePageCiscoLogo" time="1.486" classname="driver.Test"/>
  <testcase name="CCPlaceHolderValidation" time="4.689" classname="driver.Test"/>
  <testcase name="YourInfoBellLogoValidation" time="27.890" classname="driver.Test"/>
  <testcase name="ThankYouTextvalidation" time="2.548" classname="driver.Test"/>
  <testcase name="ReviewConfirmBellLogo" time="26.079" classname="driver.Test"/>
  <testcase name="TrackOrderSectionTwoText" time="3.834" classname="driver.Test"/>
  <testcase name="HomePagesectionFiveEndToEnd" time="2.845" classname="driver.Test"/>
  <testcase name="ReferralrequestSpaceNotAllowedValiadation" time="8.392" classname="driver.Test"/>
  <testcase name="ThankYouBellPageRedirection" time="3.924" classname="driver.Test"/>
  <testcase name="OrderSummarysectionThreeTextValidation" time="4.579" classname="driver.Test"/>
  <testcase name="ReviewConfirmCancelButton" time="24.793" classname="driver.Test"/>
  <testcase name="ShippingInfoMaximumInputValidation" time="25.768" classname="driver.Test"/>
  <testcase name="YourInfoTextValiadtion" time="14.225" classname="driver.Test"/>
  <testcase name="sectionOneReferralRequestvalidation" time="14.138" classname="driver.Test"/>
  <testcase name="InputValidation" time="15.754" classname="driver.Test"/>
  <testcase name="CCPasswordValidation" time="31.798" classname="driver.Test"/>
  <testcase name="ThankYouBellLogo" time="7.482" classname="driver.Test"/>
  <testcase name="ReviewConfirmOperatorLogo" time="6.685" classname="driver.Test"/>
  <testcase name="OrderSummaryHeadertextValidation" time="7.147" classname="driver.Test"/>
  <testcase name="HomePageTrackOrderValidation" time="12.777" classname="driver.Test"/>
  <testcase name="YourInfoMinimumInputValidation" time="29.155" classname="driver.Test"/>
  <testcase name="HomePagesectionFivePartners" time="2.876" classname="driver.Test"/>
  <testcase name="YourInfoMaximumInputValidation" time="47.989" classname="driver.Test"/>
  <testcase name="HomePagesectionTwoWhatThekitIncludesSuppportvalidation" time="2.110" classname="driver.Test"/>
  <testcase name="YourInfoEmailValidation" time="17.502" classname="driver.Test"/>
  <testcase name="TrackOrderResendButton" time="4.670" classname="driver.Test"/>
  <testcase name="ReferralRequestMaximumInputValidation" time="40.284" classname="driver.Test"/>
  <testcase name="YourInfoTextBoxDisplayedAndEnabled" time="25.089" classname="driver.Test"/>
  <testcase name="HomePageSecTwoWhatThekitIncludesCentervalidation" time="0.857" classname="driver.Test"/>
  <testcase name="RferrralRequestcancelButton" time="60.776" classname="driver.Test"/>
  <testcase name="ThankYouIOTPagevalidation" time="3.923" classname="driver.Test"/>
  <testcase name="BillingInfoRequiredFieldvalidatoin" time="14.628" classname="driver.Test"/>
  <testcase name="ReviewConfirmCompanyLogo" time="2.486" classname="driver.Test"/>
  <testcase name="TrackOrderPage" time="7.446" classname="driver.Test"/>
  <testcase name="TrackOrderComapnyLogo" time="1.474" classname="driver.Test"/>
  <testcase name="HomePageSecTwoContentValidation" time="9.267" classname="driver.Test"/>
  <testcase name="ReferralRequestBellCaLinkvalidation" time="12.659" classname="driver.Test"/>
  <testcase name="YourInfocancelButton" time="29.953" classname="driver.Test"/>
  <testcase name="OrderSummaryTrackOrderValidation" time="7.162" classname="driver.Test"/>
  <testcase name="ReferralRequestAdminApproval" time="31.435" classname="driver.Test"/>
  <testcase name="OrderSummaryBellLogo" time="11.611" classname="driver.Test"/>
  <testcase name="BillingInfovalidateOperatorLogo" time="9.596" classname="driver.Test"/>
  <testcase name="ReferralRequestCompanyLogo" time="1.553" classname="driver.Test"/>
  <testcase name="HomePageSecOneTextValidation" time="5.142" classname="driver.Test"/>
  <testcase name="BillingInfoSpaceNotAllowedvalidatoin" time="6.884" classname="driver.Test"/>
  <testcase name="orderSummaryShipBillAddressVAlidation" time="4.580" classname="driver.Test"/>
  <testcase name="CheckingReferralRequest" time="53.720" classname="driver.Test"/>
  <testcase name="ReferralRequestEmailValidation" time="10.909" classname="driver.Test"/>
  <testcase name="BillingCheckBoxVaildation" time="7.907" classname="driver.Test"/>
  <testcase name="OrderSummarysectionTwoTextValidation" time="9.695" classname="driver.Test"/>
  <testcase name="BillingCardDetailsLabelText" time="6.976" classname="driver.Test"/>
  <testcase name="ShippingInfoSpaceNotAllowedvalidatoin" time="10.960" classname="driver.Test"/>
  <testcase name="ShippingInfovalidateOperatorLogo" time="18.922" classname="driver.Test"/>
  <testcase name="DeletingOrderSucessEmail" time="69.721" classname="driver.Test"/>
  <testcase name="ShippingInfoRequiredFieldvalidatoin" time="12.835" classname="driver.Test"/>
  <testcase name="DeletingPrevEmail" time="66.717" classname="driver.Test"/>
  <testcase name="ReferralrequestTextBoxDisplayedAndEnabled" time="25.651" classname="driver.Test"/>
  <testcase name="YourInfoCompanyLogo" time="3.454" classname="driver.Test"/>
  <testcase name="TrackOrderResendEmailVerification" time="54.940" classname="driver.Test"/>
  <testcase name="BillingEditButtonValidation" time="24.831" classname="driver.Test"/>
  <testcase name="ReferralRequestMinimumInputValidation" time="21.544" classname="driver.Test"/>
  <testcase name="HomePageSecOneReferralRequesButton" time="24.530" classname="driver.Test"/>
  <testcase name="CCRequiredFieldValidation" time="19.996" classname="driver.Test"/>
  <testcase name="ShippingInfoBellLogoValidation" time="24.942" classname="driver.Test"/>
  <testcase name="BillingInfoInputField" time="9.486" classname="driver.Test"/>
  <testcase name="ReviewConfirmEditButtons" time="3.501" classname="driver.Test"/>
  <testcase name="ShippingInfoMinimumInputValidation" time="17.528" classname="driver.Test"/>
  <testcase name="TrackOrderOperatorLogo" time="1.480" classname="driver.Test"/>
  <testcase name="OrderSummaryhomePageLinkvalidation" time="7.673" classname="driver.Test"/>
  <testcase name="BillingInfoSendInputs" time="23.085" classname="driver.Test"/>
  <testcase name="TermsOfServicePopUpCloseButton" time="14.100" classname="driver.Test"/>
  <testcase name="ReferralRequestBellLogo" time="7.497" classname="driver.Test"/>
  <testcase name="ReferralrequestLabelDisplayedAndEnabled" time="25.543" classname="driver.Test"/>
  <testcase name="TrackOrderBellLogoHomePage" time="5.346" classname="driver.Test"/>
  <testcase name="BillingInfoMaximumInputValidation" time="17.473" classname="driver.Test"/>
  <testcase name="TermsOfServicePDFDownload" time="22.341" classname="driver.Test"/>
  <testcase name="referralRequestDataValidation" time="19.278" classname="driver.Test"/>
  <testcase name="BillingInfoTextvalidation" time="11.127" classname="driver.Test"/>
  <testcase name="ReferralRequestPlaceHolderValidation" time="1.987" classname="driver.Test"/>
  <testcase name="ReviewConfirmHeadertextValidation" time="8.779" classname="driver.Test"/>
  <testcase name="YourInfoBellLogo" time="3.472" classname="driver.Test"/>
  <testcase name="ReferralRequestNumericFeild" time="24.374" classname="driver.Test"/>
  <testcase name="TrackOrderSectionOneText" time="5.162" classname="driver.Test"/>
  <testcase name="ShippingInfoSendInputs" time="35.033" classname="driver.Test"/>
  <testcase name="OrderSummaryBellLogoValidation" time="7.785" classname="driver.Test"/>
  <testcase name="TermsOfServiceTextValidation" time="23.498" classname="driver.Test"/>
  <testcase name="TermsOfServicePopUpCloseIcon" time="12.533" classname="driver.Test"/>
  <testcase name="BillingInfovalidateCompanyLogo" time="3.478" classname="driver.Test"/>
  <testcase name="HomePageTrackOrderErrorValidation" time="16.939" classname="driver.Test"/>
  <testcase name="ReferralRequestTextValiadtion" time="8.407" classname="driver.Test"/>
  <testcase name="HomePagesectionFiveWithBell" time="3.880" classname="driver.Test"/>
  <testcase name="BillingInfoLabelText" time="9.462" classname="driver.Test"/>
  <testcase name="YourInfoLabelDisplayedAndEnabled" time="27.471" classname="driver.Test"/>
  <testcase name="shippingInfoLabelText" time="9.521" classname="driver.Test"/>
  <testcase name="HomePageSectwoReferralRequestButton" time="9.236" classname="driver.Test"/>
  <testcase name="AdminOrderFulFilling" time="32.871" classname="driver.Test"/>
  <testcase name="BackButtonValidation" time="86.351" classname="driver.Test"/>
  <testcase name="HomePagesectionFourWhatIsIotValidation" time="2.846" classname="driver.Test"/>
  <testcase name="CCDisplayedAndEnabledValidation" time="7.017" classname="driver.Test"/>
  <testcase name="BellLogoValidation" time="25.120" classname="driver.Test"/>
  <testcase name="HomePageSecTwoWhatThekitIncludesToolsvalidation" time="0.814" classname="driver.Test"/>
  <testcase name="BackToIOT" time="5.389" classname="driver.Test"/>
  <testcase name="YourInfoNumericFeild" time="32.925" classname="driver.Test"/>
  <testcase name="ThankYouIOTvalidation" time="2.517" classname="driver.Test"/>
  <testcase name="shippingInfoInputField" time="9.477" classname="driver.Test"/>
  <testcase name="HomePageBellLogoValidation" time="23.032" classname="driver.Test"/>
  <testcase name="YourInfoRequiredFieldValidation" time="17.373" classname="driver.Test"/>
  <testcase name="HomePagesectionOneLinkvalidation" time="5.767" classname="driver.Test"/>
  <testcase name="ShippingEditButtonValidation" time="25.300" classname="driver.Test"/>
  <testcase name="YourInfoSpaceNotAllowedValiadation" time="15.869" classname="driver.Test"/>
  <testcase name="CancelButtonValidation" time="32.703" classname="driver.Test"/>
</testsuite> <!-- driver.Test -->
