<?xml version="1.0" encoding="UTF-8"?>
<!-- Generated by org.testng.reporters.JUnitReportReporter -->
<testsuite name="pages.AdminOperation" tests="1" time="31.103" ignored="0" failures="0" timestamp="05 Apr 2017 08:37:43 GMT" skipped="0" hostname="Gokul" errors="0">
  <testcase name="AdminApproval" time="31.103" classname="pages.AdminOperation"/>
</testsuite> <!-- pages.AdminOperation -->
