<?xml version="1.0" encoding="UTF-8"?>
<!-- Generated by org.testng.reporters.JUnitReportReporter -->
<testsuite name="pages.BellReferralRequestPage" tests="3" time="10.774" ignored="0" failures="0" timestamp="23 Feb 2017 12:00:49 GMT" skipped="0" hostname="Gokul" errors="0">
  <testcase name="validateOperatorLogo" time="0.719" classname="pages.BellReferralRequestPage"/>
  <testcase name="RequestButtonValidation" time="9.625" classname="pages.BellReferralRequestPage"/>
  <testcase name="validateCompanyLogo" time="0.430" classname="pages.BellReferralRequestPage"/>
</testsuite> <!-- pages.BellReferralRequestPage -->
