<?xml version="1.0" encoding="UTF-8"?>
<!-- Generated by org.testng.reporters.JUnitReportReporter -->
<testsuite name="driver.Test" tests="1" time="30.849" ignored="143" failures="0" timestamp="30 Mar 2017 12:07:30 GMT" skipped="0" hostname="Gokul" errors="0">
  <testcase name="ReferralRequestAdminApproval" time="30.849" classname="driver.Test"/>
  <testcase name="YourInfoMaximumInputValidation" classname="driver.Test">
    <skipped/>
  </testcase> <!-- YourInfoMaximumInputValidation -->
  <testcase name="HomePagesectionThreeHowItWorksValidation" classname="driver.Test">
    <skipped/>
  </testcase> <!-- HomePagesectionThreeHowItWorksValidation -->
  <testcase name="ReferralRequestTextValiadtion" classname="driver.Test">
    <skipped/>
  </testcase> <!-- ReferralRequestTextValiadtion -->
  <testcase name="ReferralRequestMinimumInputValidation" classname="driver.Test">
    <skipped/>
  </testcase> <!-- ReferralRequestMinimumInputValidation -->
  <testcase name="referralRequestDataValidation" classname="driver.Test">
    <skipped/>
  </testcase> <!-- referralRequestDataValidation -->
  <testcase name="ShippingInfoSpaceNotAllowedvalidatoin" classname="driver.Test">
    <skipped/>
  </testcase> <!-- ShippingInfoSpaceNotAllowedvalidatoin -->
  <testcase name="VerifyingControlCenterURL" classname="driver.Test">
    <skipped/>
  </testcase> <!-- VerifyingControlCenterURL -->
  <testcase name="BillingCardDetailsInputFieldValidation" classname="driver.Test">
    <skipped/>
  </testcase> <!-- BillingCardDetailsInputFieldValidation -->
  <testcase name="BillingInfoMinimumInputValidation" classname="driver.Test">
    <skipped/>
  </testcase> <!-- BillingInfoMinimumInputValidation -->
  <testcase name="YourInfoCompanyLogo" classname="driver.Test">
    <skipped/>
  </testcase> <!-- YourInfoCompanyLogo -->
  <testcase name="ThankYouBellLogo" classname="driver.Test">
    <skipped/>
  </testcase> <!-- ThankYouBellLogo -->
  <testcase name="ReviewConfirmSectionOneTextValidation" classname="driver.Test">
    <skipped/>
  </testcase> <!-- ReviewConfirmSectionOneTextValidation -->
  <testcase name="Trackorderpageredirection" classname="driver.Test">
    <skipped/>
  </testcase> <!-- Trackorderpageredirection -->
  <testcase name="TrackOrderOperatorLogo" classname="driver.Test">
    <skipped/>
  </testcase> <!-- TrackOrderOperatorLogo -->
  <testcase name="HomePageM2MDotComvalidation" classname="driver.Test">
    <skipped/>
  </testcase> <!-- HomePageM2MDotComvalidation -->
  <testcase name="HomePageSecTwoWhatThekitIncludesToolsvalidation" classname="driver.Test">
    <skipped/>
  </testcase> <!-- HomePageSecTwoWhatThekitIncludesToolsvalidation -->
  <testcase name="ShippingInfovalidateOperatorLogo" classname="driver.Test">
    <skipped/>
  </testcase> <!-- ShippingInfovalidateOperatorLogo -->
  <testcase name="HomePageBellLogoValidation" classname="driver.Test">
    <skipped/>
  </testcase> <!-- HomePageBellLogoValidation -->
  <testcase name="ReviewConfirmButton" classname="driver.Test">
    <skipped/>
  </testcase> <!-- ReviewConfirmButton -->
  <testcase name="ReferralrequestTextBoxDisplayedAndEnabled" classname="driver.Test">
    <skipped/>
  </testcase> <!-- ReferralrequestTextBoxDisplayedAndEnabled -->
  <testcase name="ShippingInfovalidateCompanyLogo" classname="driver.Test">
    <skipped/>
  </testcase> <!-- ShippingInfovalidateCompanyLogo -->
  <testcase name="OrderSummaryBellLogoValidation" classname="driver.Test">
    <skipped/>
  </testcase> <!-- OrderSummaryBellLogoValidation -->
  <testcase name="shippingInfoLabelText" classname="driver.Test">
    <skipped/>
  </testcase> <!-- shippingInfoLabelText -->
  <testcase name="BillingInfoLabelText" classname="driver.Test">
    <skipped/>
  </testcase> <!-- BillingInfoLabelText -->
  <testcase name="ShippingInfoCancelButtonValidation" classname="driver.Test">
    <skipped/>
  </testcase> <!-- ShippingInfoCancelButtonValidation -->
  <testcase name="YourInfoBellLogo" classname="driver.Test">
    <skipped/>
  </testcase> <!-- YourInfoBellLogo -->
  <testcase name="OrderSummaryBellLogo" classname="driver.Test">
    <skipped/>
  </testcase> <!-- OrderSummaryBellLogo -->
  <testcase name="YourInfoBellLogoValidation" classname="driver.Test">
    <skipped/>
  </testcase> <!-- YourInfoBellLogoValidation -->
  <testcase name="TermsOfServicePDFDownload" classname="driver.Test">
    <skipped/>
  </testcase> <!-- TermsOfServicePDFDownload -->
  <testcase name="YourInfoNumericFeild" classname="driver.Test">
    <skipped/>
  </testcase> <!-- YourInfoNumericFeild -->
  <testcase name="ReferralRequestPlaceHolderValidation" classname="driver.Test">
    <skipped/>
  </testcase> <!-- ReferralRequestPlaceHolderValidation -->
  <testcase name="ShippingEditButtonValidation" classname="driver.Test">
    <skipped/>
  </testcase> <!-- ShippingEditButtonValidation -->
  <testcase name="HomePageCiscoLogo" classname="driver.Test">
    <skipped/>
  </testcase> <!-- HomePageCiscoLogo -->
  <testcase name="HomePageEnterrefrralCodeErrorvalidation" classname="driver.Test">
    <skipped/>
  </testcase> <!-- HomePageEnterrefrralCodeErrorvalidation -->
  <testcase name="HomePagesectionOneLinkvalidation" classname="driver.Test">
    <skipped/>
  </testcase> <!-- HomePagesectionOneLinkvalidation -->
  <testcase name="ReviewConfirmShippingBillingAddressValidation" classname="driver.Test">
    <skipped/>
  </testcase> <!-- ReviewConfirmShippingBillingAddressValidation -->
  <testcase name="TrackOrderPage" classname="driver.Test">
    <skipped/>
  </testcase> <!-- TrackOrderPage -->
  <testcase name="TermsOfServicePopUpCloseButton" classname="driver.Test">
    <skipped/>
  </testcase> <!-- TermsOfServicePopUpCloseButton -->
  <testcase name="ShippingInfoBellLogoValidation" classname="driver.Test">
    <skipped/>
  </testcase> <!-- ShippingInfoBellLogoValidation -->
  <testcase name="BillingInfoSendInputs" classname="driver.Test">
    <skipped/>
  </testcase> <!-- BillingInfoSendInputs -->
  <testcase name="YourInfoBellCaLinkvalidation" classname="driver.Test">
    <skipped/>
  </testcase> <!-- YourInfoBellCaLinkvalidation -->
  <testcase name="CCDisplayedAndEnabledValidation" classname="driver.Test">
    <skipped/>
  </testcase> <!-- CCDisplayedAndEnabledValidation -->
  <testcase name="ReferralRequestBellLogoValidation" classname="driver.Test">
    <skipped/>
  </testcase> <!-- ReferralRequestBellLogoValidation -->
  <testcase name="HomePageReferralCodeValidation" classname="driver.Test">
    <skipped/>
  </testcase> <!-- HomePageReferralCodeValidation -->
  <testcase name="YourInfocancelButton" classname="driver.Test">
    <skipped/>
  </testcase> <!-- YourInfocancelButton -->
  <testcase name="OrderSummarysectionThreeTextValidation" classname="driver.Test">
    <skipped/>
  </testcase> <!-- OrderSummarysectionThreeTextValidation -->
  <testcase name="HomePagesectionFiveWithBell" classname="driver.Test">
    <skipped/>
  </testcase> <!-- HomePagesectionFiveWithBell -->
  <testcase name="HomePageTrackOrderValidation" classname="driver.Test">
    <skipped/>
  </testcase> <!-- HomePageTrackOrderValidation -->
  <testcase name="TermsOfServicePopUpCloseIcon" classname="driver.Test">
    <skipped/>
  </testcase> <!-- TermsOfServicePopUpCloseIcon -->
  <testcase name="DeletingOrderSucessEmail" classname="driver.Test">
    <skipped/>
  </testcase> <!-- DeletingOrderSucessEmail -->
  <testcase name="ReferralRequestCompanyLogo" classname="driver.Test">
    <skipped/>
  </testcase> <!-- ReferralRequestCompanyLogo -->
  <testcase name="ReferralRequestBellCaLinkvalidation" classname="driver.Test">
    <skipped/>
  </testcase> <!-- ReferralRequestBellCaLinkvalidation -->
  <testcase name="HomePagesectionFiveEndToEnd" classname="driver.Test">
    <skipped/>
  </testcase> <!-- HomePagesectionFiveEndToEnd -->
  <testcase name="OrderSummaryBackToIOTValidation" classname="driver.Test">
    <skipped/>
  </testcase> <!-- OrderSummaryBackToIOTValidation -->
  <testcase name="ReviewConfirmCancelButton" classname="driver.Test">
    <skipped/>
  </testcase> <!-- ReviewConfirmCancelButton -->
  <testcase name="HomePageSecOneTextValidation" classname="driver.Test">
    <skipped/>
  </testcase> <!-- HomePageSecOneTextValidation -->
  <testcase name="HomePageBellLogo" classname="driver.Test">
    <skipped/>
  </testcase> <!-- HomePageBellLogo -->
  <testcase name="ShippingInfoBackButtonValidation" classname="driver.Test">
    <skipped/>
  </testcase> <!-- ShippingInfoBackButtonValidation -->
  <testcase name="ReferrakRequestRequiredFieldValidation" classname="driver.Test">
    <skipped/>
  </testcase> <!-- ReferrakRequestRequiredFieldValidation -->
  <testcase name="YourInfoMinimumInputValidation" classname="driver.Test">
    <skipped/>
  </testcase> <!-- YourInfoMinimumInputValidation -->
  <testcase name="YourInfoValidInputValidation" classname="driver.Test">
    <skipped/>
  </testcase> <!-- YourInfoValidInputValidation -->
  <testcase name="ThankYouCiscoLogo" classname="driver.Test">
    <skipped/>
  </testcase> <!-- ThankYouCiscoLogo -->
  <testcase name="BillingInfoSpaceNotAllowedvalidatoin" classname="driver.Test">
    <skipped/>
  </testcase> <!-- BillingInfoSpaceNotAllowedvalidatoin -->
  <testcase name="BillingInfovalidateOperatorLogo" classname="driver.Test">
    <skipped/>
  </testcase> <!-- BillingInfovalidateOperatorLogo -->
  <testcase name="CCPasswordValidation" classname="driver.Test">
    <skipped/>
  </testcase> <!-- CCPasswordValidation -->
  <testcase name="HomePagesectionFourWhatIsIotValidation" classname="driver.Test">
    <skipped/>
  </testcase> <!-- HomePagesectionFourWhatIsIotValidation -->
  <testcase name="CancelButtonValidation" classname="driver.Test">
    <skipped/>
  </testcase> <!-- CancelButtonValidation -->
  <testcase name="sectionOneReferralRequestvalidation" classname="driver.Test">
    <skipped/>
  </testcase> <!-- sectionOneReferralRequestvalidation -->
  <testcase name="ShippingInfoRequiredFieldvalidatoin" classname="driver.Test">
    <skipped/>
  </testcase> <!-- ShippingInfoRequiredFieldvalidatoin -->
  <testcase name="HomePageSecOneReferralRequesButton" classname="driver.Test">
    <skipped/>
  </testcase> <!-- HomePageSecOneReferralRequesButton -->
  <testcase name="ReferralRequestBellLogo" classname="driver.Test">
    <skipped/>
  </testcase> <!-- ReferralRequestBellLogo -->
  <testcase name="ShippingInfoMaximumInputValidation" classname="driver.Test">
    <skipped/>
  </testcase> <!-- ShippingInfoMaximumInputValidation -->
  <testcase name="ReferralRequestButtonvalidation" classname="driver.Test">
    <skipped/>
  </testcase> <!-- ReferralRequestButtonvalidation -->
  <testcase name="ReferralRequestNumericFeild" classname="driver.Test">
    <skipped/>
  </testcase> <!-- ReferralRequestNumericFeild -->
  <testcase name="YourInfoEmailValidation" classname="driver.Test">
    <skipped/>
  </testcase> <!-- YourInfoEmailValidation -->
  <testcase name="ReferralRequestValidInputValidation" classname="driver.Test">
    <skipped/>
  </testcase> <!-- ReferralRequestValidInputValidation -->
  <testcase name="ReviewConfirmCompanyLogo" classname="driver.Test">
    <skipped/>
  </testcase> <!-- ReviewConfirmCompanyLogo -->
  <testcase name="ShippingInfoLinkButton" classname="driver.Test">
    <skipped/>
  </testcase> <!-- ShippingInfoLinkButton -->
  <testcase name="CCContentValidation" classname="driver.Test">
    <skipped/>
  </testcase> <!-- CCContentValidation -->
  <testcase name="YourInfocontinueButton" classname="driver.Test">
    <skipped/>
  </testcase> <!-- YourInfocontinueButton -->
  <testcase name="YourInfoTextValiadtion" classname="driver.Test">
    <skipped/>
  </testcase> <!-- YourInfoTextValiadtion -->
  <testcase name="ReviewConfirmBellLogo" classname="driver.Test">
    <skipped/>
  </testcase> <!-- ReviewConfirmBellLogo -->
  <testcase name="BillingInfovalidateCompanyLogo" classname="driver.Test">
    <skipped/>
  </testcase> <!-- BillingInfovalidateCompanyLogo -->
  <testcase name="OrderSummaryHeadertextValidation" classname="driver.Test">
    <skipped/>
  </testcase> <!-- OrderSummaryHeadertextValidation -->
  <testcase name="BillingCheckBoxVaildation" classname="driver.Test">
    <skipped/>
  </testcase> <!-- BillingCheckBoxVaildation -->
  <testcase name="HomePageSecTwoWhatThekitIncludesCentervalidation" classname="driver.Test">
    <skipped/>
  </testcase> <!-- HomePageSecTwoWhatThekitIncludesCentervalidation -->
  <testcase name="BackButtonValidation" classname="driver.Test">
    <skipped/>
  </testcase> <!-- BackButtonValidation -->
  <testcase name="HomePagesectionFivePartners" classname="driver.Test">
    <skipped/>
  </testcase> <!-- HomePagesectionFivePartners -->
  <testcase name="ReviewConfirmOperatorLogo" classname="driver.Test">
    <skipped/>
  </testcase> <!-- ReviewConfirmOperatorLogo -->
  <testcase name="BillingInfoTextvalidation" classname="driver.Test">
    <skipped/>
  </testcase> <!-- BillingInfoTextvalidation -->
  <testcase name="OrderSummaryTrackOrderValidation" classname="driver.Test">
    <skipped/>
  </testcase> <!-- OrderSummaryTrackOrderValidation -->
  <testcase name="CheckingOrderSucessEmail" classname="driver.Test">
    <skipped/>
  </testcase> <!-- CheckingOrderSucessEmail -->
  <testcase name="TrackOrderResendEmailVerification" classname="driver.Test">
    <skipped/>
  </testcase> <!-- TrackOrderResendEmailVerification -->
  <testcase name="HomePageSectwoReferralRequestButton" classname="driver.Test">
    <skipped/>
  </testcase> <!-- HomePageSectwoReferralRequestButton -->
  <testcase name="ShippingInfoMinimumInputValidation" classname="driver.Test">
    <skipped/>
  </testcase> <!-- ShippingInfoMinimumInputValidation -->
  <testcase name="orderSummaryShipBillAddressVAlidation" classname="driver.Test">
    <skipped/>
  </testcase> <!-- orderSummaryShipBillAddressVAlidation -->
  <testcase name="YourInfoSpaceNotAllowedValiadation" classname="driver.Test">
    <skipped/>
  </testcase> <!-- YourInfoSpaceNotAllowedValiadation -->
  <testcase name="ThankYouIOTvalidation" classname="driver.Test">
    <skipped/>
  </testcase> <!-- ThankYouIOTvalidation -->
  <testcase name="BillingInfoRequiredFieldvalidatoin" classname="driver.Test">
    <skipped/>
  </testcase> <!-- BillingInfoRequiredFieldvalidatoin -->
  <testcase name="YourInfoTextBoxDisplayedAndEnabled" classname="driver.Test">
    <skipped/>
  </testcase> <!-- YourInfoTextBoxDisplayedAndEnabled -->
  <testcase name="HomePagesectionFiveLTE" classname="driver.Test">
    <skipped/>
  </testcase> <!-- HomePagesectionFiveLTE -->
  <testcase name="CheckingReferralCodeEmail" classname="driver.Test">
    <skipped/>
  </testcase> <!-- CheckingReferralCodeEmail -->
  <testcase name="OrderSummaryCompanyLogo" classname="driver.Test">
    <skipped/>
  </testcase> <!-- OrderSummaryCompanyLogo -->
  <testcase name="BillingInfoMaximumInputValidation" classname="driver.Test">
    <skipped/>
  </testcase> <!-- BillingInfoMaximumInputValidation -->
  <testcase name="ReviewConfirmEditButtons" classname="driver.Test">
    <skipped/>
  </testcase> <!-- ReviewConfirmEditButtons -->
  <testcase name="BackToIOT" classname="driver.Test">
    <skipped/>
  </testcase> <!-- BackToIOT -->
  <testcase name="ReviewConfirmHeadertextValidation" classname="driver.Test">
    <skipped/>
  </testcase> <!-- ReviewConfirmHeadertextValidation -->
  <testcase name="HomePageTrackOrderErrorValidation" classname="driver.Test">
    <skipped/>
  </testcase> <!-- HomePageTrackOrderErrorValidation -->
  <testcase name="HomePageSecTwoContentValidation" classname="driver.Test">
    <skipped/>
  </testcase> <!-- HomePageSecTwoContentValidation -->
  <testcase name="TrackOrderSectionTwoText" classname="driver.Test">
    <skipped/>
  </testcase> <!-- TrackOrderSectionTwoText -->
  <testcase name="BillingInfoInputField" classname="driver.Test">
    <skipped/>
  </testcase> <!-- BillingInfoInputField -->
  <testcase name="ThankYouBellPageRedirection" classname="driver.Test">
    <skipped/>
  </testcase> <!-- ThankYouBellPageRedirection -->
  <testcase name="ReferralRequestMaximumInputValidation" classname="driver.Test">
    <skipped/>
  </testcase> <!-- ReferralRequestMaximumInputValidation -->
  <testcase name="ReferralrequestSpaceNotAllowedValiadation" classname="driver.Test">
    <skipped/>
  </testcase> <!-- ReferralrequestSpaceNotAllowedValiadation -->
  <testcase name="shippingInfoInputField" classname="driver.Test">
    <skipped/>
  </testcase> <!-- shippingInfoInputField -->
  <testcase name="BellLogoValidation" classname="driver.Test">
    <skipped/>
  </testcase> <!-- BellLogoValidation -->
  <testcase name="ThankYouTextvalidation" classname="driver.Test">
    <skipped/>
  </testcase> <!-- ThankYouTextvalidation -->
  <testcase name="BillingEditButtonValidation" classname="driver.Test">
    <skipped/>
  </testcase> <!-- BillingEditButtonValidation -->
  <testcase name="CCRequiredFieldValidation" classname="driver.Test">
    <skipped/>
  </testcase> <!-- CCRequiredFieldValidation -->
  <testcase name="AdminOrderFulFilling" classname="driver.Test">
    <skipped/>
  </testcase> <!-- AdminOrderFulFilling -->
  <testcase name="CheckingReferralRequest" classname="driver.Test">
    <skipped/>
  </testcase> <!-- CheckingReferralRequest -->
  <testcase name="TrackOrderComapnyLogo" classname="driver.Test">
    <skipped/>
  </testcase> <!-- TrackOrderComapnyLogo -->
  <testcase name="YourInfoLabelDisplayedAndEnabled" classname="driver.Test">
    <skipped/>
  </testcase> <!-- YourInfoLabelDisplayedAndEnabled -->
  <testcase name="RferrralRequestcancelButton" classname="driver.Test">
    <skipped/>
  </testcase> <!-- RferrralRequestcancelButton -->
  <testcase name="ReferralRequestEmailValidation" classname="driver.Test">
    <skipped/>
  </testcase> <!-- ReferralRequestEmailValidation -->
  <testcase name="YourInfoRequiredFieldValidation" classname="driver.Test">
    <skipped/>
  </testcase> <!-- YourInfoRequiredFieldValidation -->
  <testcase name="HomePagesectionTwoWhatThekitIncludesSuppportvalidation" classname="driver.Test">
    <skipped/>
  </testcase> <!-- HomePagesectionTwoWhatThekitIncludesSuppportvalidation -->
  <testcase name="TermsOfServiceTextValidation" classname="driver.Test">
    <skipped/>
  </testcase> <!-- TermsOfServiceTextValidation -->
  <testcase name="BillingCardDetailsLabelText" classname="driver.Test">
    <skipped/>
  </testcase> <!-- BillingCardDetailsLabelText -->
  <testcase name="DeletingPrevEmail" classname="driver.Test">
    <skipped/>
  </testcase> <!-- DeletingPrevEmail -->
  <testcase name="HomePageLearnMoreFromBell" classname="driver.Test">
    <skipped/>
  </testcase> <!-- HomePageLearnMoreFromBell -->
  <testcase name="TrackOrderResendButton" classname="driver.Test">
    <skipped/>
  </testcase> <!-- TrackOrderResendButton -->
  <testcase name="OrderSummarysectionTwoTextValidation" classname="driver.Test">
    <skipped/>
  </testcase> <!-- OrderSummarysectionTwoTextValidation -->
  <testcase name="CCUserNameMinMaxValidation" classname="driver.Test">
    <skipped/>
  </testcase> <!-- CCUserNameMinMaxValidation -->
  <testcase name="ShippingInfoTextvalidation" classname="driver.Test">
    <skipped/>
  </testcase> <!-- ShippingInfoTextvalidation -->
  <testcase name="ReferralrequestLabelDisplayedAndEnabled" classname="driver.Test">
    <skipped/>
  </testcase> <!-- ReferralrequestLabelDisplayedAndEnabled -->
  <testcase name="OrderSummaryhomePageLinkvalidation" classname="driver.Test">
    <skipped/>
  </testcase> <!-- OrderSummaryhomePageLinkvalidation -->
  <testcase name="ShippingInfoSendInputs" classname="driver.Test">
    <skipped/>
  </testcase> <!-- ShippingInfoSendInputs -->
  <testcase name="ThankYouIOTPagevalidation" classname="driver.Test">
    <skipped/>
  </testcase> <!-- ThankYouIOTPagevalidation -->
  <testcase name="InputValidation" classname="driver.Test">
    <skipped/>
  </testcase> <!-- InputValidation -->
  <testcase name="TrackOrderSectionOneText" classname="driver.Test">
    <skipped/>
  </testcase> <!-- TrackOrderSectionOneText -->
  <testcase name="CCPlaceHolderValidation" classname="driver.Test">
    <skipped/>
  </testcase> <!-- CCPlaceHolderValidation -->
  <testcase name="TrackOrderBellLogoHomePage" classname="driver.Test">
    <skipped/>
  </testcase> <!-- TrackOrderBellLogoHomePage -->
</testsuite> <!-- driver.Test -->
