<?xml version="1.0" encoding="UTF-8"?>
<!-- Generated by org.testng.reporters.JUnitReportReporter -->
<testsuite name="pages.Tele2HomePage" tests="4" time="7.904" ignored="0" failures="0" timestamp="11 Jan 2017 09:24:21 GMT" skipped="0" hostname="Gokul" errors="0">
  <testcase name="validateCompanyLogo" time="0.330" classname="pages.Tele2HomePage"/>
  <testcase name="validateOperatorLogo" time="0.785" classname="pages.Tele2HomePage"/>
  <testcase name="operatorLogoPageRedirection" time="6.234" classname="pages.Tele2HomePage"/>
  <testcase name="sectionOneIotStarterKitTele2Validation" time="0.555" classname="pages.Tele2HomePage"/>
</testsuite> <!-- pages.Tele2HomePage -->
