<?xml version="1.0" encoding="UTF-8"?>
<!-- Generated by org.testng.reporters.JUnitReportReporter -->
<testsuite name="pages.BellYourInfo" tests="21" time="249.168" ignored="0" failures="0" timestamp="09 Mar 2017 14:44:34 GMT" skipped="0" hostname="Gokul" errors="0">
  <testcase name="validateCompanyLogo" time="1.335" classname="pages.BellYourInfo"/>
  <testcase name="RequestReferralCodeTextBoxDisplayedAndEnabled" time="21.681" classname="pages.BellYourInfo"/>
  <testcase name="BellCALinkValidation" time="35.041" classname="pages.BellYourInfo"/>
  <testcase name="referralRequestDataValidation" time="1.842" classname="pages.BellYourInfo"/>
  <testcase name="BellLogoValidation" time="11.314" classname="pages.BellYourInfo"/>
  <testcase name="TermsOfServiceTextValidation" time="3.132" classname="pages.BellYourInfo"/>
  <testcase name="TermsOfServicePopUpCloseButton" time="8.254" classname="pages.BellYourInfo"/>
  <testcase name="ReferralRequestMinimumInputValidation" time="6.315" classname="pages.BellYourInfo"/>
  <testcase name="ReferralrequestCancelButton" time="13.459" classname="pages.BellYourInfo"/>
  <testcase name="ReferralRequestCodeValidInputValidation" time="43.954" classname="pages.BellYourInfo"/>
  <testcase name="ReferralRequestTextValidation" time="3.537" classname="pages.BellYourInfo"/>
  <testcase name="ReferralRequestNumericFieldValidation" time="9.829" classname="pages.BellYourInfo"/>
  <testcase name="inputDta" time="11.155" classname="pages.BellYourInfo"/>
  <testcase name="ReferralRequestRequiredFieldValidation" time="5.512" classname="pages.BellYourInfo"/>
  <testcase name="ReferralRequestSpaceNotAllowedValidation" time="3.399" classname="pages.BellYourInfo"/>
  <testcase name="TermsOfServicePopUpCloseIcon" time="4.340" classname="pages.BellYourInfo"/>
  <testcase name="validateOperatorLogo" time="1.367" classname="pages.BellYourInfo"/>
  <testcase name="ReferralRequestMaximumInputValidation" time="13.443" classname="pages.BellYourInfo"/>
  <testcase name="ReferralRequestEmailValidation" time="3.557" classname="pages.BellYourInfo"/>
  <testcase name="RequestButtonValidation" time="24.164" classname="pages.BellYourInfo"/>
  <testcase name="RequestReferralCodeLabelTextDisplayedAndEnabled" time="22.538" classname="pages.BellYourInfo"/>
</testsuite> <!-- pages.BellYourInfo -->
