<?xml version="1.0" encoding="UTF-8"?>
<!-- Generated by org.testng.reporters.JUnitReportReporter -->
<testsuite name="test.DummyTest" tests="19" time="118.796" ignored="0" failures="0" timestamp="21 Apr 2017 06:52:25 GMT" skipped="0" hostname="Gokul" errors="0">
  <testcase name="HomePageTrackOrderValidation" time="12.207" classname="test.DummyTest"/>
  <testcase name="HomePageTrackOrderErrorValidation" time="13.205" classname="test.DummyTest"/>
  <testcase name="HomePageSecTwoContentValidation" time="9.188" classname="test.DummyTest"/>
  <testcase name="HomePageSecTwoWhatThekitIncludesToolsvalidation" time="1.020" classname="test.DummyTest"/>
  <testcase name="HomePagesectionFiveLTE" time="2.667" classname="test.DummyTest"/>
  <testcase name="HomePagesectionFiveWithBell" time="3.658" classname="test.DummyTest"/>
  <testcase name="HomePagesectionOneLinkvalidation" time="5.731" classname="test.DummyTest"/>
  <testcase name="HomePageReferralCodeValidation" time="13.857" classname="test.DummyTest"/>
  <testcase name="HomePagesectionFivePartners" time="2.573" classname="test.DummyTest"/>
  <testcase name="HomePageCiscoLogo" time="1.293" classname="test.DummyTest"/>
  <testcase name="HomePagesectionTwoWhatThekitIncludesSuppportvalidation" time="1.810" classname="test.DummyTest"/>
  <testcase name="BrowserIntilation" time="31.014" classname="test.DummyTest"/>
  <testcase name="HomePagesectionFiveEndToEnd" time="2.579" classname="test.DummyTest"/>
  <testcase name="HomePageEnterrefrralCodeErrorvalidation" time="5.960" classname="test.DummyTest"/>
  <testcase name="HomePageSecTwoWhatThekitIncludesCentervalidation" time="0.643" classname="test.DummyTest"/>
  <testcase name="HomePagesectionThreeHowItWorksValidation" time="2.400" classname="test.DummyTest"/>
  <testcase name="HomePagesectionFourWhatIsIotValidation" time="2.511" classname="test.DummyTest"/>
  <testcase name="HomePageBellLogo" time="1.682" classname="test.DummyTest"/>
  <testcase name="HomePageSecOneTextValidation" time="4.798" classname="test.DummyTest"/>
</testsuite> <!-- test.DummyTest -->
