<?xml version="1.0" encoding="UTF-8"?>
<!-- Generated by org.testng.reporters.JUnitReportReporter -->
<testsuite name="test.BellEndToEnd" tests="146" time="0.614" ignored="0" failures="0" timestamp="27 Mar 2017 13:33:57 GMT" skipped="145" hostname="Gokul" errors="1">
  <testcase name="ReferrakRequestRequiredFieldValidation" time="0.007" classname="test.BellEndToEnd">
    <skipped/>
  </testcase> <!-- ReferrakRequestRequiredFieldValidation -->
  <testcase name="HomePageSecTwoContentValidation" time="0.005" classname="test.BellEndToEnd">
    <skipped/>
  </testcase> <!-- HomePageSecTwoContentValidation -->
  <testcase name="InputValidation" time="0.002" classname="test.BellEndToEnd">
    <skipped/>
  </testcase> <!-- InputValidation -->
  <testcase name="CCPlaceHolderValidation" time="0.003" classname="test.BellEndToEnd">
    <skipped/>
  </testcase> <!-- CCPlaceHolderValidation -->
  <testcase name="BackToIOT" time="0.000" classname="test.BellEndToEnd">
    <skipped/>
  </testcase> <!-- BackToIOT -->
  <testcase name="ShippingEditButtonValidation" time="0.001" classname="test.BellEndToEnd">
    <skipped/>
  </testcase> <!-- ShippingEditButtonValidation -->
  <testcase name="HomePagesectionTwoWhatThekitIncludesSuppportvalidation" time="0.006" classname="test.BellEndToEnd">
    <skipped/>
  </testcase> <!-- HomePagesectionTwoWhatThekitIncludesSuppportvalidation -->
  <testcase name="YourInfoSpaceNotAllowedValiadation" time="0.004" classname="test.BellEndToEnd">
    <skipped/>
  </testcase> <!-- YourInfoSpaceNotAllowedValiadation -->
  <testcase name="BillingInfoSpaceNotAllowedvalidatoin" time="0.001" classname="test.BellEndToEnd">
    <skipped/>
  </testcase> <!-- BillingInfoSpaceNotAllowedvalidatoin -->
  <testcase name="Trackorderpageredirection" time="0.004" classname="test.BellEndToEnd">
    <skipped/>
  </testcase> <!-- Trackorderpageredirection -->
  <testcase name="TrackOrderComapnyLogo" time="0.002" classname="test.BellEndToEnd">
    <skipped/>
  </testcase> <!-- TrackOrderComapnyLogo -->
  <testcase name="OrderSummaryCompanyLogo" time="0.005" classname="test.BellEndToEnd">
    <skipped/>
  </testcase> <!-- OrderSummaryCompanyLogo -->
  <testcase name="HomePageBellLogo" time="0.006" classname="test.BellEndToEnd">
    <skipped/>
  </testcase> <!-- HomePageBellLogo -->
  <testcase name="YourInfoCompanyLogo" time="0.006" classname="test.BellEndToEnd">
    <skipped/>
  </testcase> <!-- YourInfoCompanyLogo -->
  <testcase name="CheckingReferralCodeEmail" time="0.003" classname="test.BellEndToEnd">
    <skipped/>
  </testcase> <!-- CheckingReferralCodeEmail -->
  <testcase name="VerifyingControlCenterURL" time="0.003" classname="test.BellEndToEnd">
    <skipped/>
  </testcase> <!-- VerifyingControlCenterURL -->
  <testcase name="ReferralRequestBellLogo" time="0.002" classname="test.BellEndToEnd">
    <skipped/>
  </testcase> <!-- ReferralRequestBellLogo -->
  <testcase name="YourInfoEmailValidation" time="0.003" classname="test.BellEndToEnd">
    <skipped/>
  </testcase> <!-- YourInfoEmailValidation -->
  <testcase name="HomePageTrackOrderErrorValidation" time="0.003" classname="test.BellEndToEnd">
    <skipped/>
  </testcase> <!-- HomePageTrackOrderErrorValidation -->
  <testcase name="TermsOfServiceTextValidation" time="0.003" classname="test.BellEndToEnd">
    <skipped/>
  </testcase> <!-- TermsOfServiceTextValidation -->
  <testcase name="TermsOfServicePDFDownload" time="0.002" classname="test.BellEndToEnd">
    <skipped/>
  </testcase> <!-- TermsOfServicePDFDownload -->
  <testcase name="ThankYouBellLogo" time="0.007" classname="test.BellEndToEnd">
    <skipped/>
  </testcase> <!-- ThankYouBellLogo -->
  <testcase name="HomePagesectionOneLinkvalidation" time="0.003" classname="test.BellEndToEnd">
    <skipped/>
  </testcase> <!-- HomePagesectionOneLinkvalidation -->
  <testcase name="CCRequiredFieldValidation" time="0.003" classname="test.BellEndToEnd">
    <skipped/>
  </testcase> <!-- CCRequiredFieldValidation -->
  <testcase name="ReviewConfirmHeadertextValidation" time="0.003" classname="test.BellEndToEnd">
    <skipped/>
  </testcase> <!-- ReviewConfirmHeadertextValidation -->
  <testcase name="ShippingInfoBellLogoValidation" time="0.003" classname="test.BellEndToEnd">
    <skipped/>
  </testcase> <!-- ShippingInfoBellLogoValidation -->
  <testcase name="BillingInfovalidateOperatorLogo" time="0.006" classname="test.BellEndToEnd">
    <skipped/>
  </testcase> <!-- BillingInfovalidateOperatorLogo -->
  <testcase name="BillingCardDetailsLabelText" time="0.002" classname="test.BellEndToEnd">
    <skipped/>
  </testcase> <!-- BillingCardDetailsLabelText -->
  <testcase name="YourInfoLabelDisplayedAndEnabled" time="0.002" classname="test.BellEndToEnd">
    <skipped/>
  </testcase> <!-- YourInfoLabelDisplayedAndEnabled -->
  <testcase name="OrderSummaryTrackOrderValidation" time="0.001" classname="test.BellEndToEnd">
    <skipped/>
  </testcase> <!-- OrderSummaryTrackOrderValidation -->
  <testcase name="TrackOrderResendEmailVerification" time="0.001" classname="test.BellEndToEnd">
    <skipped/>
  </testcase> <!-- TrackOrderResendEmailVerification -->
  <testcase name="BillingInfoRequiredFieldvalidatoin" time="0.002" classname="test.BellEndToEnd">
    <skipped/>
  </testcase> <!-- BillingInfoRequiredFieldvalidatoin -->
  <testcase name="ReferralRequestNumericFeild" time="0.004" classname="test.BellEndToEnd">
    <skipped/>
  </testcase> <!-- ReferralRequestNumericFeild -->
  <testcase name="HomePageSecTwoWhatThekitIncludesCentervalidation" time="0.003" classname="test.BellEndToEnd">
    <skipped/>
  </testcase> <!-- HomePageSecTwoWhatThekitIncludesCentervalidation -->
  <testcase name="ThankYouIOTPagevalidation" time="0.006" classname="test.BellEndToEnd">
    <skipped/>
  </testcase> <!-- ThankYouIOTPagevalidation -->
  <testcase name="TrackOrderResendButton" time="0.002" classname="test.BellEndToEnd">
    <skipped/>
  </testcase> <!-- TrackOrderResendButton -->
  <testcase name="CCDisplayedAndEnabledValidation" time="0.008" classname="test.BellEndToEnd">
    <skipped/>
  </testcase> <!-- CCDisplayedAndEnabledValidation -->
  <testcase name="TrackOrderPage" time="0.001" classname="test.BellEndToEnd">
    <skipped/>
  </testcase> <!-- TrackOrderPage -->
  <testcase name="ShippingInfoMinimumInputValidation" time="0.004" classname="test.BellEndToEnd">
    <skipped/>
  </testcase> <!-- ShippingInfoMinimumInputValidation -->
  <testcase name="ShippingInfoCancelButtonValidation" time="0.006" classname="test.BellEndToEnd">
    <skipped/>
  </testcase> <!-- ShippingInfoCancelButtonValidation -->
  <testcase name="ShippingInfoRequiredFieldvalidatoin" time="0.003" classname="test.BellEndToEnd">
    <skipped/>
  </testcase> <!-- ShippingInfoRequiredFieldvalidatoin -->
  <testcase name="HomePageTrackOrderValidation" time="0.006" classname="test.BellEndToEnd">
    <skipped/>
  </testcase> <!-- HomePageTrackOrderValidation -->
  <testcase name="ReferralRequestBellCaLinkvalidation" time="0.003" classname="test.BellEndToEnd">
    <skipped/>
  </testcase> <!-- ReferralRequestBellCaLinkvalidation -->
  <testcase name="BillingInfoInputField" time="0.009" classname="test.BellEndToEnd">
    <skipped/>
  </testcase> <!-- BillingInfoInputField -->
  <testcase name="ReviewConfirmButton" time="0.001" classname="test.BellEndToEnd">
    <skipped/>
  </testcase> <!-- ReviewConfirmButton -->
  <testcase name="ShippingInfoMaximumInputValidation" time="0.002" classname="test.BellEndToEnd">
    <skipped/>
  </testcase> <!-- ShippingInfoMaximumInputValidation -->
  <testcase name="ReviewConfirmCompanyLogo" time="0.003" classname="test.BellEndToEnd">
    <skipped/>
  </testcase> <!-- ReviewConfirmCompanyLogo -->
  <testcase name="ReferralRequestEmailValidation" time="0.003" classname="test.BellEndToEnd">
    <skipped/>
  </testcase> <!-- ReferralRequestEmailValidation -->
  <testcase name="HomePageEnterrefrralCodeErrorvalidation" time="0.005" classname="test.BellEndToEnd">
    <skipped/>
  </testcase> <!-- HomePageEnterrefrralCodeErrorvalidation -->
  <testcase name="CCContentValidation" time="0.002" classname="test.BellEndToEnd">
    <skipped/>
  </testcase> <!-- CCContentValidation -->
  <testcase name="HomePagesectionFivePartners" time="0.003" classname="test.BellEndToEnd">
    <skipped/>
  </testcase> <!-- HomePagesectionFivePartners -->
  <testcase name="HomePagesectionFiveEndToEnd" time="0.003" classname="test.BellEndToEnd">
    <skipped/>
  </testcase> <!-- HomePagesectionFiveEndToEnd -->
  <testcase name="YourInfoValidInputValidation" time="0.002" classname="test.BellEndToEnd">
    <skipped/>
  </testcase> <!-- YourInfoValidInputValidation -->
  <testcase name="YourInfoNumericFeild" time="0.009" classname="test.BellEndToEnd">
    <skipped/>
  </testcase> <!-- YourInfoNumericFeild -->
  <testcase name="ReviewConfirmEditButtons" time="0.009" classname="test.BellEndToEnd">
    <skipped/>
  </testcase> <!-- ReviewConfirmEditButtons -->
  <testcase name="BillingEditButtonValidation" time="0.003" classname="test.BellEndToEnd">
    <skipped/>
  </testcase> <!-- BillingEditButtonValidation -->
  <testcase name="OrderSummarysectionThreeTextValidation" time="0.002" classname="test.BellEndToEnd">
    <skipped/>
  </testcase> <!-- OrderSummarysectionThreeTextValidation -->
  <testcase name="YourInfoTextBoxDisplayedAndEnabled" time="0.002" classname="test.BellEndToEnd">
    <skipped/>
  </testcase> <!-- YourInfoTextBoxDisplayedAndEnabled -->
  <testcase name="ShippingInfovalidateOperatorLogo" time="0.003" classname="test.BellEndToEnd">
    <skipped/>
  </testcase> <!-- ShippingInfovalidateOperatorLogo -->
  <testcase name="DeletingOrderSucessEmail" time="0.001" classname="test.BellEndToEnd">
    <skipped/>
  </testcase> <!-- DeletingOrderSucessEmail -->
  <testcase name="ReferralRequestMaximumInputValidation" time="0.003" classname="test.BellEndToEnd">
    <skipped/>
  </testcase> <!-- ReferralRequestMaximumInputValidation -->
  <testcase name="DeletingPreviousEmail" time="0.000" classname="test.BellEndToEnd">
    <error type="java.lang.NullPointerException">
      <![CDATA[java.lang.NullPointerException
	at com.google.common.base.Preconditions.checkNotNull(Preconditions.java:212)
	at org.openqa.selenium.support.ui.FluentWait.<init>(FluentWait.java:102)
	at org.openqa.selenium.support.ui.WebDriverWait.<init>(WebDriverWait.java:71)
	at org.openqa.selenium.support.ui.WebDriverWait.<init>(WebDriverWait.java:45)
	at utilitymethods.UtilityMethods.waitForWebElement(UtilityMethods.java:86)
	at pages.EmailIntegration.DeleteAllEmail(EmailIntegration.java:25)
	at test.BellEndToEnd.DeletingPreviousEmail(BellEndToEnd.java:38)
	at sun.reflect.NativeMethodAccessorImpl.invoke0(Native Method)
	at sun.reflect.NativeMethodAccessorImpl.invoke(NativeMethodAccessorImpl.java:62)
	at sun.reflect.DelegatingMethodAccessorImpl.invoke(DelegatingMethodAccessorImpl.java:43)
	at java.lang.reflect.Method.invoke(Method.java:498)
	at org.testng.internal.MethodInvocationHelper.invokeMethod(MethodInvocationHelper.java:104)
	at org.testng.internal.Invoker.invokeConfigurationMethod(Invoker.java:515)
	at org.testng.internal.Invoker.invokeConfigurations(Invoker.java:217)
	at org.testng.internal.Invoker.invokeConfigurations(Invoker.java:144)
	at org.testng.TestRunner.beforeRun(TestRunner.java:634)
	at org.testng.TestRunner.run(TestRunner.java:602)
	at org.testng.SuiteRunner.runTest(SuiteRunner.java:387)
	at org.testng.SuiteRunner.runSequentially(SuiteRunner.java:382)
	at org.testng.SuiteRunner.privateRun(SuiteRunner.java:340)
	at org.testng.SuiteRunner.run(SuiteRunner.java:289)
	at org.testng.SuiteRunnerWorker.runSuite(SuiteRunnerWorker.java:52)
	at org.testng.SuiteRunnerWorker.run(SuiteRunnerWorker.java:86)
	at org.testng.TestNG.runSuitesSequentially(TestNG.java:1293)
	at org.testng.TestNG.runSuitesLocally(TestNG.java:1218)
	at org.testng.TestNG.runSuites(TestNG.java:1133)
	at org.testng.TestNG.run(TestNG.java:1104)
	at org.testng.remote.AbstractRemoteTestNG.run(AbstractRemoteTestNG.java:132)
	at org.testng.remote.RemoteTestNG.initAndRun(RemoteTestNG.java:236)
	at org.testng.remote.RemoteTestNG.main(RemoteTestNG.java:81)
]]>
    </error>
  </testcase> <!-- DeletingPreviousEmail -->
  <testcase name="ReferralRequestAdminApproval" time="0.004" classname="test.BellEndToEnd">
    <skipped/>
  </testcase> <!-- ReferralRequestAdminApproval -->
  <testcase name="YourInfoMaximumInputValidation" time="0.002" classname="test.BellEndToEnd">
    <skipped/>
  </testcase> <!-- YourInfoMaximumInputValidation -->
  <testcase name="BillingInfoMinimumInputValidation" time="0.002" classname="test.BellEndToEnd">
    <skipped/>
  </testcase> <!-- BillingInfoMinimumInputValidation -->
  <testcase name="CheckingOrderSucessEmail" time="0.001" classname="test.BellEndToEnd">
    <skipped/>
  </testcase> <!-- CheckingOrderSucessEmail -->
  <testcase name="TermsOfServicePopUpCloseIcon" time="0.007" classname="test.BellEndToEnd">
    <skipped/>
  </testcase> <!-- TermsOfServicePopUpCloseIcon -->
  <testcase name="HomePageCiscoLogo" time="0.006" classname="test.BellEndToEnd">
    <skipped/>
  </testcase> <!-- HomePageCiscoLogo -->
  <testcase name="shippingInfoLabelText" time="0.002" classname="test.BellEndToEnd">
    <skipped/>
  </testcase> <!-- shippingInfoLabelText -->
  <testcase name="BillingInfoSendInputs" time="0.004" classname="test.BellEndToEnd">
    <skipped/>
  </testcase> <!-- BillingInfoSendInputs -->
  <testcase name="ShippingInfovalidateCompanyLogo" time="0.008" classname="test.BellEndToEnd">
    <skipped/>
  </testcase> <!-- ShippingInfovalidateCompanyLogo -->
  <testcase name="CheckingReferralRequest" time="0.004" classname="test.BellEndToEnd">
    <skipped/>
  </testcase> <!-- CheckingReferralRequest -->
  <testcase name="ThankYouIOTvalidation" time="0.002" classname="test.BellEndToEnd">
    <skipped/>
  </testcase> <!-- ThankYouIOTvalidation -->
  <testcase name="YourInfoBellCaLinkvalidation" time="0.005" classname="test.BellEndToEnd">
    <skipped/>
  </testcase> <!-- YourInfoBellCaLinkvalidation -->
  <testcase name="shippingInfoInputField" time="0.003" classname="test.BellEndToEnd">
    <skipped/>
  </testcase> <!-- shippingInfoInputField -->
  <testcase name="YourInfoBellLogo" time="0.001" classname="test.BellEndToEnd">
    <skipped/>
  </testcase> <!-- YourInfoBellLogo -->
  <testcase name="YourInfoMinimumInputValidation" time="0.003" classname="test.BellEndToEnd">
    <skipped/>
  </testcase> <!-- YourInfoMinimumInputValidation -->
  <testcase name="YourInfoBellLogoValidation" time="0.002" classname="test.BellEndToEnd">
    <skipped/>
  </testcase> <!-- YourInfoBellLogoValidation -->
  <testcase name="BillingInfoLabelText" time="0.002" classname="test.BellEndToEnd">
    <skipped/>
  </testcase> <!-- BillingInfoLabelText -->
  <testcase name="ReviewConfirmShippingBillingAddressValidation" time="0.007" classname="test.BellEndToEnd">
    <skipped/>
  </testcase> <!-- ReviewConfirmShippingBillingAddressValidation -->
  <testcase name="HomePageM2MDotComvalidation" time="0.004" classname="test.BellEndToEnd">
    <skipped/>
  </testcase> <!-- HomePageM2MDotComvalidation -->
  <testcase name="OrderSummaryBellLogoValidation" time="0.001" classname="test.BellEndToEnd">
    <skipped/>
  </testcase> <!-- OrderSummaryBellLogoValidation -->
  <testcase name="OrderSummaryBellLogo" time="0.001" classname="test.BellEndToEnd">
    <skipped/>
  </testcase> <!-- OrderSummaryBellLogo -->
  <testcase name="ReferralRequestMinimumInputValidation" time="0.028" classname="test.BellEndToEnd">
    <skipped/>
  </testcase> <!-- ReferralRequestMinimumInputValidation -->
  <testcase name="CCUserNameMinMaxValidation" time="0.003" classname="test.BellEndToEnd">
    <skipped/>
  </testcase> <!-- CCUserNameMinMaxValidation -->
  <testcase name="HomePagesectionFourWhatIsIotValidation" time="0.005" classname="test.BellEndToEnd">
    <skipped/>
  </testcase> <!-- HomePagesectionFourWhatIsIotValidation -->
  <testcase name="HomePageSecTwoWhatThekitIncludesToolsvalidation" time="0.003" classname="test.BellEndToEnd">
    <skipped/>
  </testcase> <!-- HomePageSecTwoWhatThekitIncludesToolsvalidation -->
  <testcase name="BillingInfovalidateCompanyLogo" time="0.001" classname="test.BellEndToEnd">
    <skipped/>
  </testcase> <!-- BillingInfovalidateCompanyLogo -->
  <testcase name="BillingCheckBoxVaildation" time="0.003" classname="test.BellEndToEnd">
    <skipped/>
  </testcase> <!-- BillingCheckBoxVaildation -->
  <testcase name="CancelButtonValidation" time="0.016" classname="test.BellEndToEnd">
    <skipped/>
  </testcase> <!-- CancelButtonValidation -->
  <testcase name="ShippingInfoSendInputs" time="0.009" classname="test.BellEndToEnd">
    <skipped/>
  </testcase> <!-- ShippingInfoSendInputs -->
  <testcase name="TrackOrderBellLogoHomePage" time="0.000" classname="test.BellEndToEnd">
    <skipped/>
  </testcase> <!-- TrackOrderBellLogoHomePage -->
  <testcase name="BillingInfoTextvalidation" time="0.002" classname="test.BellEndToEnd">
    <skipped/>
  </testcase> <!-- BillingInfoTextvalidation -->
  <testcase name="orderSummaryShipBillAddressVAlidation" time="0.003" classname="test.BellEndToEnd">
    <skipped/>
  </testcase> <!-- orderSummaryShipBillAddressVAlidation -->
  <testcase name="ReferralrequestSpaceNotAllowedValiadation" time="0.003" classname="test.BellEndToEnd">
    <skipped/>
  </testcase> <!-- ReferralrequestSpaceNotAllowedValiadation -->
  <testcase name="DeletingPrevEmail" time="0.003" classname="test.BellEndToEnd">
    <skipped/>
  </testcase> <!-- DeletingPrevEmail -->
  <testcase name="sectionOneReferralRequestvalidation" time="0.003" classname="test.BellEndToEnd">
    <skipped/>
  </testcase> <!-- sectionOneReferralRequestvalidation -->
  <testcase name="ReviewConfirmSectionOneTextValidation" time="0.006" classname="test.BellEndToEnd">
    <skipped/>
  </testcase> <!-- ReviewConfirmSectionOneTextValidation -->
  <testcase name="HomePageLearnMoreFromBell" time="0.005" classname="test.BellEndToEnd">
    <skipped/>
  </testcase> <!-- HomePageLearnMoreFromBell -->
  <testcase name="ReferralRequestCompanyLogo" time="0.003" classname="test.BellEndToEnd">
    <skipped/>
  </testcase> <!-- ReferralRequestCompanyLogo -->
  <testcase name="RferrralRequestcancelButton" time="0.012" classname="test.BellEndToEnd">
    <skipped/>
  </testcase> <!-- RferrralRequestcancelButton -->
  <testcase name="ReferralRequestButtonvalidation" time="0.006" classname="test.BellEndToEnd">
    <skipped/>
  </testcase> <!-- ReferralRequestButtonvalidation -->
  <testcase name="TrackOrderOperatorLogo" time="0.001" classname="test.BellEndToEnd">
    <skipped/>
  </testcase> <!-- TrackOrderOperatorLogo -->
  <testcase name="BillingCardDetailsInputFieldValidation" time="0.002" classname="test.BellEndToEnd">
    <skipped/>
  </testcase> <!-- BillingCardDetailsInputFieldValidation -->
  <testcase name="ReferralrequestLabelDisplayedAndEnabled" time="0.010" classname="test.BellEndToEnd">
    <skipped/>
  </testcase> <!-- ReferralrequestLabelDisplayedAndEnabled -->
  <testcase name="ShippingInfoLinkButton" time="0.002" classname="test.BellEndToEnd">
    <skipped/>
  </testcase> <!-- ShippingInfoLinkButton -->
  <testcase name="HomePageSectwoReferralRequestButton" time="0.008" classname="test.BellEndToEnd">
    <skipped/>
  </testcase> <!-- HomePageSectwoReferralRequestButton -->
  <testcase name="ReviewConfirmOperatorLogo" time="0.010" classname="test.BellEndToEnd">
    <skipped/>
  </testcase> <!-- ReviewConfirmOperatorLogo -->
  <testcase name="YourInfocontinueButton" time="0.001" classname="test.BellEndToEnd">
    <skipped/>
  </testcase> <!-- YourInfocontinueButton -->
  <testcase name="HomePageSecOneReferralRequesButton" time="0.008" classname="test.BellEndToEnd">
    <skipped/>
  </testcase> <!-- HomePageSecOneReferralRequesButton -->
  <testcase name="HomePagesectionThreeHowItWorksValidation" time="0.005" classname="test.BellEndToEnd">
    <skipped/>
  </testcase> <!-- HomePagesectionThreeHowItWorksValidation -->
  <testcase name="ThankYouBellPageRedirection" time="0.004" classname="test.BellEndToEnd">
    <skipped/>
  </testcase> <!-- ThankYouBellPageRedirection -->
  <testcase name="ReferralRequestValidInputValidation" time="0.007" classname="test.BellEndToEnd">
    <skipped/>
  </testcase> <!-- ReferralRequestValidInputValidation -->
  <testcase name="BillingInfoMaximumInputValidation" time="0.008" classname="test.BellEndToEnd">
    <skipped/>
  </testcase> <!-- BillingInfoMaximumInputValidation -->
  <testcase name="ShippingInfoTextvalidation" time="0.002" classname="test.BellEndToEnd">
    <skipped/>
  </testcase> <!-- ShippingInfoTextvalidation -->
  <testcase name="ReferralRequestBellLogoValidation" time="0.004" classname="test.BellEndToEnd">
    <skipped/>
  </testcase> <!-- ReferralRequestBellLogoValidation -->
  <testcase name="YourInfoRequiredFieldValidation" time="0.005" classname="test.BellEndToEnd">
    <skipped/>
  </testcase> <!-- YourInfoRequiredFieldValidation -->
  <testcase name="HomePageSecOneTextValidation" time="0.006" classname="test.BellEndToEnd">
    <skipped/>
  </testcase> <!-- HomePageSecOneTextValidation -->
  <testcase name="ReferralrequestTextBoxDisplayedAndEnabled" time="0.003" classname="test.BellEndToEnd">
    <skipped/>
  </testcase> <!-- ReferralrequestTextBoxDisplayedAndEnabled -->
  <testcase name="OrderSummaryhomePageLinkvalidation" time="0.001" classname="test.BellEndToEnd">
    <skipped/>
  </testcase> <!-- OrderSummaryhomePageLinkvalidation -->
  <testcase name="BellLogoValidation" time="0.012" classname="test.BellEndToEnd">
    <skipped/>
  </testcase> <!-- BellLogoValidation -->
  <testcase name="referralRequestDataValidation" time="0.007" classname="test.BellEndToEnd">
    <skipped/>
  </testcase> <!-- referralRequestDataValidation -->
  <testcase name="ThankYouTextvalidation" time="0.004" classname="test.BellEndToEnd">
    <skipped/>
  </testcase> <!-- ThankYouTextvalidation -->
  <testcase name="CCPasswordValidation" time="0.003" classname="test.BellEndToEnd">
    <skipped/>
  </testcase> <!-- CCPasswordValidation -->
  <testcase name="ReviewConfirmBellLogo" time="0.002" classname="test.BellEndToEnd">
    <skipped/>
  </testcase> <!-- ReviewConfirmBellLogo -->
  <testcase name="YourInfocancelButton" time="0.002" classname="test.BellEndToEnd">
    <skipped/>
  </testcase> <!-- YourInfocancelButton -->
  <testcase name="HomePagesectionFiveWithBell" time="0.003" classname="test.BellEndToEnd">
    <skipped/>
  </testcase> <!-- HomePagesectionFiveWithBell -->
  <testcase name="HomePagesectionFiveLTE" time="0.013" classname="test.BellEndToEnd">
    <skipped/>
  </testcase> <!-- HomePagesectionFiveLTE -->
  <testcase name="ShippingInfoSpaceNotAllowedvalidatoin" time="0.004" classname="test.BellEndToEnd">
    <skipped/>
  </testcase> <!-- ShippingInfoSpaceNotAllowedvalidatoin -->
  <testcase name="ShippingInfoBackButtonValidation" time="0.001" classname="test.BellEndToEnd">
    <skipped/>
  </testcase> <!-- ShippingInfoBackButtonValidation -->
  <testcase name="TrackOrderSectionTwoText" time="0.001" classname="test.BellEndToEnd">
    <skipped/>
  </testcase> <!-- TrackOrderSectionTwoText -->
  <testcase name="AdminOrderFulFilling" time="0.001" classname="test.BellEndToEnd">
    <skipped/>
  </testcase> <!-- AdminOrderFulFilling -->
  <testcase name="TrackOrderSectionOneText" time="0.001" classname="test.BellEndToEnd">
    <skipped/>
  </testcase> <!-- TrackOrderSectionOneText -->
  <testcase name="HomePageBellLogoValidation" time="0.003" classname="test.BellEndToEnd">
    <skipped/>
  </testcase> <!-- HomePageBellLogoValidation -->
  <testcase name="ReferralRequestPlaceHolderValidation" time="0.007" classname="test.BellEndToEnd">
    <skipped/>
  </testcase> <!-- ReferralRequestPlaceHolderValidation -->
  <testcase name="ReferralRequestTextValiadtion" time="0.002" classname="test.BellEndToEnd">
    <skipped/>
  </testcase> <!-- ReferralRequestTextValiadtion -->
  <testcase name="TermsOfServicePopUpCloseButton" time="0.005" classname="test.BellEndToEnd">
    <skipped/>
  </testcase> <!-- TermsOfServicePopUpCloseButton -->
  <testcase name="BackButtonValidation" time="0.003" classname="test.BellEndToEnd">
    <skipped/>
  </testcase> <!-- BackButtonValidation -->
  <testcase name="OrderSummaryHeadertextValidation" time="0.002" classname="test.BellEndToEnd">
    <skipped/>
  </testcase> <!-- OrderSummaryHeadertextValidation -->
  <testcase name="HomePageReferralCodeValidation" time="0.006" classname="test.BellEndToEnd">
    <skipped/>
  </testcase> <!-- HomePageReferralCodeValidation -->
  <testcase name="OrderSummarysectionTwoTextValidation" time="0.002" classname="test.BellEndToEnd">
    <skipped/>
  </testcase> <!-- OrderSummarysectionTwoTextValidation -->
  <testcase name="ReviewConfirmCancelButton" time="0.010" classname="test.BellEndToEnd">
    <skipped/>
  </testcase> <!-- ReviewConfirmCancelButton -->
  <testcase name="YourInfoTextValiadtion" time="0.005" classname="test.BellEndToEnd">
    <skipped/>
  </testcase> <!-- YourInfoTextValiadtion -->
  <testcase name="BrowserIntilation" time="0.017" classname="test.BellEndToEnd">
    <skipped/>
  </testcase> <!-- BrowserIntilation -->
  <testcase name="ThankYouCiscoLogo" time="0.009" classname="test.BellEndToEnd">
    <skipped/>
  </testcase> <!-- ThankYouCiscoLogo -->
  <testcase name="OrderSummaryBackToIOTValidation" time="0.002" classname="test.BellEndToEnd">
    <skipped/>
  </testcase> <!-- OrderSummaryBackToIOTValidation -->
</testsuite> <!-- test.BellEndToEnd -->
