<?xml version="1.0" encoding="UTF-8"?>
<!-- Generated by org.testng.reporters.JUnitReportReporter -->
<testsuite name="pages.BellReferralRequestPage" tests="17" time="198.862" ignored="0" failures="0" timestamp="27 Feb 2017 09:33:53 GMT" skipped="0" hostname="Gokul" errors="0">
  <testcase name="RequestButtonValidation" time="14.413" classname="pages.BellReferralRequestPage"/>
  <testcase name="ReferralRequestEmailValidation" time="3.715" classname="pages.BellReferralRequestPage"/>
  <testcase name="ReferralRequestTextValidation" time="1.186" classname="pages.BellReferralRequestPage"/>
  <testcase name="RequestReferralCodeLabelTextDisplayedAndEnabled" time="3.978" classname="pages.BellReferralRequestPage"/>
  <testcase name="ReferralRequestRequiredFieldValidation" time="8.530" classname="pages.BellReferralRequestPage"/>
  <testcase name="ReferralRequestNumericFieldValidation" time="18.899" classname="pages.BellReferralRequestPage"/>
  <testcase name="BellCALinkValidation" time="40.766" classname="pages.BellReferralRequestPage"/>
  <testcase name="ReferralrequestCancelButton" time="10.844" classname="pages.BellReferralRequestPage"/>
  <testcase name="RequestReferralCodePlaceholderValidation" time="1.648" classname="pages.BellReferralRequestPage"/>
  <testcase name="BellLogoValidation" time="8.107" classname="pages.BellReferralRequestPage"/>
  <testcase name="validateOperatorLogo" time="0.778" classname="pages.BellReferralRequestPage"/>
  <testcase name="ReferralRequestMinimumInputValidation" time="4.392" classname="pages.BellReferralRequestPage"/>
  <testcase name="RequestReferralCodeTextBoxDisplayedAndEnabled" time="3.243" classname="pages.BellReferralRequestPage"/>
  <testcase name="ReferralRequestSpaceNotAllowedValidation" time="3.296" classname="pages.BellReferralRequestPage"/>
  <testcase name="validateCompanyLogo" time="0.550" classname="pages.BellReferralRequestPage"/>
  <testcase name="ReferralRequestCodeValidInputValidation" time="55.791" classname="pages.BellReferralRequestPage"/>
  <testcase name="ReferralRequestMaximumInputValidation" time="18.726" classname="pages.BellReferralRequestPage"/>
</testsuite> <!-- pages.BellReferralRequestPage -->
