<?xml version="1.0" encoding="UTF-8"?>
<!-- Generated by org.testng.reporters.JUnitReportReporter -->
<testsuite name="pages.UnicomReferralRequest" tests="14" time="226.095" ignored="0" failures="0" timestamp="11 Apr 2017 07:17:18 GMT" skipped="0" hostname="Gokul" errors="0">
  <testcase name="RequestReferralCodePlaceholderValidation" time="2.024" classname="pages.UnicomReferralRequest"/>
  <testcase name="validateOperatorLogo" time="1.756" classname="pages.UnicomReferralRequest"/>
  <testcase name="ReferralRequestMaximumInputValidation" time="27.047" classname="pages.UnicomReferralRequest"/>
  <testcase name="ReferralRequestNumericFieldValidation" time="11.997" classname="pages.UnicomReferralRequest"/>
  <testcase name="ReferralRequestSpaceNotAllowedValidation" time="5.602" classname="pages.UnicomReferralRequest"/>
  <testcase name="RequestReferralCodeLabelTextDisplayedAndEnabled" time="23.171" classname="pages.UnicomReferralRequest"/>
  <testcase name="RequestButtonValidation" time="39.229" classname="pages.UnicomReferralRequest"/>
  <testcase name="ReferralRequestTextValidation" time="4.774" classname="pages.UnicomReferralRequest"/>
  <testcase name="RequestReferralCodeTextBoxDisplayedAndEnabled" time="23.652" classname="pages.UnicomReferralRequest"/>
  <testcase name="ReferralRequestRequiredFieldValidation" time="8.897" classname="pages.UnicomReferralRequest"/>
  <testcase name="ReferralRequestCodeValidInputValidation" time="53.230" classname="pages.UnicomReferralRequest"/>
  <testcase name="validateCompanyLogo" time="1.368" classname="pages.UnicomReferralRequest"/>
  <testcase name="ReferralRequestEmailValidation" time="6.264" classname="pages.UnicomReferralRequest"/>
  <testcase name="ReferralRequestMinimumInputValidation" time="17.084" classname="pages.UnicomReferralRequest"/>
</testsuite> <!-- pages.UnicomReferralRequest -->
