<?xml version="1.0" encoding="UTF-8"?>
<!-- Generated by org.testng.reporters.JUnitReportReporter -->
<testsuite name="pages.PostReferralRequest" tests="14" time="0.130" ignored="0" failures="0" timestamp="20 Feb 2017 14:28:03 GMT" skipped="13" hostname="Gokul" errors="1">
  <testcase name="ReferralRequestMinimumInputValidation" time="0.004" classname="pages.PostReferralRequest">
    <skipped/>
  </testcase> <!-- ReferralRequestMinimumInputValidation -->
  <testcase name="ReferralRequestTextValidation" time="0.006" classname="pages.PostReferralRequest">
    <skipped/>
  </testcase> <!-- ReferralRequestTextValidation -->
  <testcase name="ReferralRequestCodeValidInputValidation" time="0.004" classname="pages.PostReferralRequest">
    <skipped/>
  </testcase> <!-- ReferralRequestCodeValidInputValidation -->
  <testcase name="RequestButtonValidation" time="0.007" classname="pages.PostReferralRequest">
    <skipped/>
  </testcase> <!-- RequestButtonValidation -->
  <testcase name="ReferralRequestMaximumInputValidation" time="0.012" classname="pages.PostReferralRequest">
    <skipped/>
  </testcase> <!-- ReferralRequestMaximumInputValidation -->
  <testcase name="Start" time="0.000" classname="pages.PostReferralRequest">
    <error type="org.openqa.selenium.remote.UnreachableBrowserException" message="Error communicating with the remote browser. It may have died.
Build info: version: &#039;3.0.0-beta4&#039;, revision: &#039;3169782&#039;, time: &#039;2016-09-29 10:29:23 -0700&#039;
System info: host: &#039;Gokul&#039;, ip: &#039;192.168.1.34&#039;, os.name: &#039;Windows 8&#039;, os.arch: &#039;amd64&#039;, os.version: &#039;6.2&#039;, java.version: &#039;1.8.0_101&#039;
Driver info: driver.version: BaseDriver
Capabilities [{applicationCacheEnabled=true, rotatable=false, handlesAlerts=true, databaseEnabled=true, version=44.0, platform=WINDOWS, nativeEvents=false, acceptSslCerts=true, webStorageEnabled=true, locationContextEnabled=true, browserName=firefox, takesScreenshot=true, javascriptEnabled=true, cssSelectorsEnabled=true}]
Session ID: 850a27bc-4d0b-4a39-8afe-b8cda2fd58e6">
      <![CDATA[org.openqa.selenium.remote.UnreachableBrowserException: Error communicating with the remote browser. It may have died.
Build info: version: '3.0.0-beta4', revision: '3169782', time: '2016-09-29 10:29:23 -0700'
System info: host: 'Gokul', ip: '192.168.1.34', os.name: 'Windows 8', os.arch: 'amd64', os.version: '6.2', java.version: '1.8.0_101'
Driver info: driver.version: BaseDriver
Capabilities [{applicationCacheEnabled=true, rotatable=false, handlesAlerts=true, databaseEnabled=true, version=44.0, platform=WINDOWS, nativeEvents=false, acceptSslCerts=true, webStorageEnabled=true, locationContextEnabled=true, browserName=firefox, takesScreenshot=true, javascriptEnabled=true, cssSelectorsEnabled=true}]
Session ID: 850a27bc-4d0b-4a39-8afe-b8cda2fd58e6
	at org.openqa.selenium.remote.RemoteWebDriver.execute(RemoteWebDriver.java:623)
	at org.openqa.selenium.remote.RemoteWebDriver.get(RemoteWebDriver.java:323)
	at driver.BaseDriver.launchApp(BaseDriver.java:48)
	at pages.PostReferralRequest.Start(PostReferralRequest.java:26)
	at sun.reflect.NativeMethodAccessorImpl.invoke0(Native Method)
	at sun.reflect.NativeMethodAccessorImpl.invoke(NativeMethodAccessorImpl.java:62)
	at sun.reflect.DelegatingMethodAccessorImpl.invoke(DelegatingMethodAccessorImpl.java:43)
	at java.lang.reflect.Method.invoke(Method.java:498)
	at org.testng.internal.MethodInvocationHelper.invokeMethod(MethodInvocationHelper.java:104)
	at org.testng.internal.Invoker.invokeConfigurationMethod(Invoker.java:515)
	at org.testng.internal.Invoker.invokeConfigurations(Invoker.java:217)
	at org.testng.internal.Invoker.invokeConfigurations(Invoker.java:144)
	at org.testng.TestRunner.beforeRun(TestRunner.java:634)
	at org.testng.TestRunner.run(TestRunner.java:602)
	at org.testng.SuiteRunner.runTest(SuiteRunner.java:387)
	at org.testng.SuiteRunner.runSequentially(SuiteRunner.java:382)
	at org.testng.SuiteRunner.privateRun(SuiteRunner.java:340)
	at org.testng.SuiteRunner.run(SuiteRunner.java:289)
	at org.testng.SuiteRunnerWorker.runSuite(SuiteRunnerWorker.java:52)
	at org.testng.SuiteRunnerWorker.run(SuiteRunnerWorker.java:86)
	at org.testng.TestNG.runSuitesSequentially(TestNG.java:1293)
	at org.testng.TestNG.runSuitesLocally(TestNG.java:1218)
	at org.testng.TestNG.runSuites(TestNG.java:1133)
	at org.testng.TestNG.run(TestNG.java:1104)
	at org.testng.remote.AbstractRemoteTestNG.run(AbstractRemoteTestNG.java:132)
	at org.testng.remote.RemoteTestNG.initAndRun(RemoteTestNG.java:236)
	at org.testng.remote.RemoteTestNG.main(RemoteTestNG.java:81)
Caused by: org.apache.http.conn.HttpHostConnectException: Connect to 127.0.0.1:7055 [/127.0.0.1] failed: Connection refused: connect
	at org.apache.http.impl.conn.DefaultHttpClientConnectionOperator.connect(DefaultHttpClientConnectionOperator.java:158)
	at org.apache.http.impl.conn.PoolingHttpClientConnectionManager.connect(PoolingHttpClientConnectionManager.java:353)
	at org.apache.http.impl.execchain.MainClientExec.establishRoute(MainClientExec.java:380)
	at org.apache.http.impl.execchain.MainClientExec.execute(MainClientExec.java:236)
	at org.apache.http.impl.execchain.ProtocolExec.execute(ProtocolExec.java:184)
	at org.apache.http.impl.execchain.RetryExec.execute(RetryExec.java:88)
	at org.apache.http.impl.execchain.RedirectExec.execute(RedirectExec.java:110)
	at org.apache.http.impl.client.InternalHttpClient.doExecute(InternalHttpClient.java:184)
	at org.apache.http.impl.client.CloseableHttpClient.execute(CloseableHttpClient.java:71)
	at org.apache.http.impl.client.CloseableHttpClient.execute(CloseableHttpClient.java:55)
	at org.openqa.selenium.remote.internal.ApacheHttpClient.fallBackExecute(ApacheHttpClient.java:160)
	at org.openqa.selenium.remote.internal.ApacheHttpClient.execute(ApacheHttpClient.java:88)
	at org.openqa.selenium.remote.HttpCommandExecutor.execute(HttpCommandExecutor.java:160)
	at org.openqa.selenium.firefox.internal.NewProfileExtensionConnection.execute(NewProfileExtensionConnection.java:160)
	at org.openqa.selenium.firefox.FirefoxDriver$LazyCommandExecutor.execute(FirefoxDriver.java:455)
	at org.openqa.selenium.remote.RemoteWebDriver.execute(RemoteWebDriver.java:602)
	... 26 more
Caused by: java.net.ConnectException: Connection refused: connect
	at java.net.DualStackPlainSocketImpl.waitForConnect(Native Method)
	at java.net.DualStackPlainSocketImpl.socketConnect(DualStackPlainSocketImpl.java:85)
	at java.net.AbstractPlainSocketImpl.doConnect(AbstractPlainSocketImpl.java:350)
	at java.net.AbstractPlainSocketImpl.connectToAddress(AbstractPlainSocketImpl.java:206)
	at java.net.AbstractPlainSocketImpl.connect(AbstractPlainSocketImpl.java:188)
	at java.net.PlainSocketImpl.connect(PlainSocketImpl.java:172)
	at java.net.SocksSocketImpl.connect(SocksSocketImpl.java:392)
	at java.net.Socket.connect(Socket.java:589)
	at org.apache.http.conn.socket.PlainConnectionSocketFactory.connectSocket(PlainConnectionSocketFactory.java:74)
	at org.apache.http.impl.conn.DefaultHttpClientConnectionOperator.connect(DefaultHttpClientConnectionOperator.java:141)
	... 41 more
]]>
    </error>
  </testcase> <!-- Start -->
  <testcase name="ReferralRequestSpaceNotAllowedValidation" time="0.035" classname="pages.PostReferralRequest">
    <skipped/>
  </testcase> <!-- ReferralRequestSpaceNotAllowedValidation -->
  <testcase name="validateCompanyLogo" time="0.017" classname="pages.PostReferralRequest">
    <skipped/>
  </testcase> <!-- validateCompanyLogo -->
  <testcase name="RequestReferralCodeTextBoxDisplayedAndEnabled" time="0.012" classname="pages.PostReferralRequest">
    <skipped/>
  </testcase> <!-- RequestReferralCodeTextBoxDisplayedAndEnabled -->
  <testcase name="RequestReferralCodeLabelTextDisplayedAndEnabled" time="0.006" classname="pages.PostReferralRequest">
    <skipped/>
  </testcase> <!-- RequestReferralCodeLabelTextDisplayedAndEnabled -->
  <testcase name="ReferralRequestRequiredFieldValidation" time="0.006" classname="pages.PostReferralRequest">
    <skipped/>
  </testcase> <!-- ReferralRequestRequiredFieldValidation -->
  <testcase name="validateOperatorLogo" time="0.004" classname="pages.PostReferralRequest">
    <skipped/>
  </testcase> <!-- validateOperatorLogo -->
  <testcase name="RequestReferralCodePlaceholderValidation" time="0.007" classname="pages.PostReferralRequest">
    <skipped/>
  </testcase> <!-- RequestReferralCodePlaceholderValidation -->
  <testcase name="ReferralRequestOtherValidation" time="0.010" classname="pages.PostReferralRequest">
    <skipped/>
  </testcase> <!-- ReferralRequestOtherValidation -->
</testsuite> <!-- pages.PostReferralRequest -->
