<?xml version="1.0" encoding="UTF-8"?>
<!-- Generated by org.testng.reporters.JUnitReportReporter -->
<testsuite name="pages.Tele2HomePage" tests="4" time="10.984" ignored="0" failures="0" timestamp="10 Jan 2017 17:28:32 GMT" skipped="0" hostname="Gokul" errors="0">
  <testcase name="sectionOneIotStarterKitTele2Validation" time="1.056" classname="pages.Tele2HomePage"/>
  <testcase name="validateCompanyLogo" time="1.081" classname="pages.Tele2HomePage"/>
  <testcase name="validateOperatorLogo" time="1.783" classname="pages.Tele2HomePage"/>
  <testcase name="operatorLogoPageRedirection" time="7.064" classname="pages.Tele2HomePage"/>
</testsuite> <!-- pages.Tele2HomePage -->
