<?xml version="1.0" encoding="UTF-8"?>
<!-- Generated by org.testng.reporters.JUnitReportReporter -->
<testsuite name="pages.BellTrackOrder" tests="9" time="107.891" ignored="0" failures="0" timestamp="27 Mar 2017 06:31:50 GMT" skipped="0" hostname="Gokul" errors="0">
  <testcase name="BellLogoHomePage" time="8.689" classname="pages.BellTrackOrder"/>
  <testcase name="validateCompanyLogo" time="1.314" classname="pages.BellTrackOrder"/>
  <testcase name="BackToIOT" time="8.189" classname="pages.BellTrackOrder"/>
  <testcase name="ResendConfirmationButton" time="2.609" classname="pages.BellTrackOrder"/>
  <testcase name="SectionOneTextValidaion" time="4.610" classname="pages.BellTrackOrder"/>
  <testcase name="SectionTwoTextvalidation" time="3.517" classname="pages.BellTrackOrder"/>
  <testcase name="validateOperatorLogo" time="1.327" classname="pages.BellTrackOrder"/>
  <testcase name="CheckingOrderSuccessEmail" time="70.472" classname="pages.BellTrackOrder"/>
  <testcase name="TrackOrderValidPageRedirection" time="7.164" classname="pages.BellTrackOrder"/>
</testsuite> <!-- pages.BellTrackOrder -->
