<?xml version="1.0" encoding="UTF-8"?>
<!-- Generated by org.testng.reporters.JUnitReportReporter -->
<testsuite name="pages.Tele2HomePage" tests="4" time="6.094" ignored="0" failures="0" timestamp="11 Jan 2017 10:38:13 GMT" skipped="0" hostname="Gokul" errors="0">
  <testcase name="operatorLogoPageRedirection" time="5.513" classname="pages.Tele2HomePage"/>
  <testcase name="validateOperatorLogo" time="0.239" classname="pages.Tele2HomePage"/>
  <testcase name="validateCompanyLogo" time="0.126" classname="pages.Tele2HomePage"/>
  <testcase name="sectionOneIotStarterKitTele2Validation" time="0.216" classname="pages.Tele2HomePage"/>
</testsuite> <!-- pages.Tele2HomePage -->
