<?xml version="1.0" encoding="UTF-8"?>
<!-- Generated by org.testng.reporters.JUnitReportReporter -->
<testsuite name="pages.BellEndToEndFlowOne" tests="48" time="503.440" ignored="0" failures="0" timestamp="15 Mar 2017 05:39:41 GMT" skipped="0" hostname="Gokul" errors="1">
  <testcase name="HomePagesectionTwoWhatThekitIncludesSuppportvalidation" time="2.568" classname="pages.BellEndToEndFlowOne"/>
  <testcase name="HomePagesectionFiveEndToEnd" time="2.550" classname="pages.BellEndToEndFlowOne"/>
  <testcase name="ThankYouIOTPagevalidation" time="12.139" classname="pages.BellEndToEndFlowOne"/>
  <testcase name="sectionOneReferralRequestvalidation" time="10.933" classname="pages.BellEndToEndFlowOne"/>
  <testcase name="HomePagesectionFivePartners" time="2.682" classname="pages.BellEndToEndFlowOne"/>
  <testcase name="ThankYouCiscoLogo" time="0.002" classname="pages.BellEndToEndFlowOne"/>
  <testcase name="ReferralRequestBellCaLinkvalidation" time="36.006" classname="pages.BellEndToEndFlowOne"/>
  <testcase name="HomePageSectwoReferralRequestButton" time="18.830" classname="pages.BellEndToEndFlowOne"/>
  <testcase name="ReferralrequestLabelDisplayedAndEnabled" time="2.002" classname="pages.BellEndToEndFlowOne"/>
  <testcase name="HomePageSecTwoWhatThekitIncludesToolsvalidation" time="0.831" classname="pages.BellEndToEndFlowOne"/>
  <testcase name="ReferralRequestCompanyLogo" time="1.508" classname="pages.BellEndToEndFlowOne"/>
  <testcase name="HomePageEnterrefrralCodeErrorvalidation" time="5.954" classname="pages.BellEndToEndFlowOne"/>
  <testcase name="HomePageSecTwoContentValidation" time="9.342" classname="pages.BellEndToEndFlowOne"/>
  <testcase name="HomePageTrackOrderErrorValidation" time="13.243" classname="pages.BellEndToEndFlowOne"/>
  <testcase name="ReferralRequestMaximumInputValidation" time="20.563" classname="pages.BellEndToEndFlowOne"/>
  <testcase name="RferrralRequestcancelButton" time="14.491" classname="pages.BellEndToEndFlowOne"/>
  <testcase name="ReferralRequestButtonvalidation" time="31.680" classname="pages.BellEndToEndFlowOne"/>
  <testcase name="ThankYouIOTvalidation" time="4.249" classname="pages.BellEndToEndFlowOne"/>
  <testcase name="ThankYouTextvalidation" time="0.269" classname="pages.BellEndToEndFlowOne">
    <error type="org.openqa.selenium.UnhandledAlertException" message="Unexpected modal dialog (text: To display this page, Firefox must send information that will repeat any action (such as a search or order confirmation) that was performed earlier.): To display this page, Firefox must send information that will repeat any action (such as a search or order confirmation) that was performed earlier.
Build info: version: &#039;3.0.0-beta4&#039;, revision: &#039;3169782&#039;, time: &#039;2016-09-29 10:29:23 -0700&#039;
System info: host: &#039;Gokul&#039;, ip: &#039;192.168.1.26&#039;, os.name: &#039;Windows 8&#039;, os.arch: &#039;amd64&#039;, os.version: &#039;6.2&#039;, java.version: &#039;1.8.0_101&#039;
Driver info: org.openqa.selenium.firefox.FirefoxDriver
Capabilities [{applicationCacheEnabled=true, rotatable=false, handlesAlerts=true, databaseEnabled=true, version=47.0.1, platform=WINDOWS, nativeEvents=false, acceptSslCerts=true, webStorageEnabled=true, locationContextEnabled=true, browserName=firefox, takesScreenshot=true, javascriptEnabled=true, cssSelectorsEnabled=true}]
Session ID: 8d2939ec-7906-49cf-954e-c0a50500d2dc
*** Element info: {Using=xpath, value=//h2}">
      <![CDATA[org.openqa.selenium.UnhandledAlertException: Unexpected modal dialog (text: To display this page, Firefox must send information that will repeat any action (such as a search or order confirmation) that was performed earlier.): To display this page, Firefox must send information that will repeat any action (such as a search or order confirmation) that was performed earlier.
Build info: version: '3.0.0-beta4', revision: '3169782', time: '2016-09-29 10:29:23 -0700'
System info: host: 'Gokul', ip: '192.168.1.26', os.name: 'Windows 8', os.arch: 'amd64', os.version: '6.2', java.version: '1.8.0_101'
Driver info: org.openqa.selenium.firefox.FirefoxDriver
Capabilities [{applicationCacheEnabled=true, rotatable=false, handlesAlerts=true, databaseEnabled=true, version=47.0.1, platform=WINDOWS, nativeEvents=false, acceptSslCerts=true, webStorageEnabled=true, locationContextEnabled=true, browserName=firefox, takesScreenshot=true, javascriptEnabled=true, cssSelectorsEnabled=true}]
Session ID: 8d2939ec-7906-49cf-954e-c0a50500d2dc
*** Element info: {Using=xpath, value=//h2}
	at sun.reflect.NativeConstructorAccessorImpl.newInstance0(Native Method)
	at sun.reflect.NativeConstructorAccessorImpl.newInstance(NativeConstructorAccessorImpl.java:62)
	at sun.reflect.DelegatingConstructorAccessorImpl.newInstance(DelegatingConstructorAccessorImpl.java:45)
	at java.lang.reflect.Constructor.newInstance(Constructor.java:423)
	at org.openqa.selenium.remote.ErrorHandler.createThrowable(ErrorHandler.java:206)
	at org.openqa.selenium.remote.ErrorHandler.createUnhandledAlertException(ErrorHandler.java:187)
	at org.openqa.selenium.remote.ErrorHandler.throwIfResponseFailed(ErrorHandler.java:154)
	at org.openqa.selenium.remote.RemoteWebDriver.execute(RemoteWebDriver.java:636)
	at org.openqa.selenium.remote.RemoteWebDriver.findElement(RemoteWebDriver.java:369)
	at org.openqa.selenium.remote.RemoteWebDriver.findElementByXPath(RemoteWebDriver.java:474)
	at org.openqa.selenium.By$ByXPath.findElement(By.java:361)
	at org.openqa.selenium.remote.RemoteWebDriver.findElement(RemoteWebDriver.java:361)
	at org.openqa.selenium.support.pagefactory.DefaultElementLocator.findElement(DefaultElementLocator.java:69)
	at org.openqa.selenium.support.pagefactory.internal.LocatingElementHandler.invoke(LocatingElementHandler.java:38)
	at com.sun.proxy.$Proxy6.getText(Unknown Source)
	at pages.BellReferralRequestThankYou.ThankYouTextValidation(BellReferralRequestThankYou.java:47)
	at pages.BellEndToEndFlowOne.ThankYouTextvalidation(BellEndToEndFlowOne.java:341)
	at sun.reflect.NativeMethodAccessorImpl.invoke0(Native Method)
	at sun.reflect.NativeMethodAccessorImpl.invoke(NativeMethodAccessorImpl.java:62)
	at sun.reflect.DelegatingMethodAccessorImpl.invoke(DelegatingMethodAccessorImpl.java:43)
	at java.lang.reflect.Method.invoke(Method.java:498)
	at org.testng.internal.MethodInvocationHelper.invokeMethod(MethodInvocationHelper.java:104)
	at org.testng.internal.Invoker.invokeMethod(Invoker.java:645)
	at org.testng.internal.Invoker.invokeTestMethod(Invoker.java:851)
	at org.testng.internal.Invoker.invokeTestMethods(Invoker.java:1177)
	at org.testng.internal.TestMethodWorker.invokeTestMethods(TestMethodWorker.java:129)
	at org.testng.internal.TestMethodWorker.run(TestMethodWorker.java:112)
	at org.testng.TestRunner.privateRun(TestRunner.java:756)
	at org.testng.TestRunner.run(TestRunner.java:610)
	at org.testng.SuiteRunner.runTest(SuiteRunner.java:387)
	at org.testng.SuiteRunner.runSequentially(SuiteRunner.java:382)
	at org.testng.SuiteRunner.privateRun(SuiteRunner.java:340)
	at org.testng.SuiteRunner.run(SuiteRunner.java:289)
	at org.testng.SuiteRunnerWorker.runSuite(SuiteRunnerWorker.java:52)
	at org.testng.SuiteRunnerWorker.run(SuiteRunnerWorker.java:86)
	at org.testng.TestNG.runSuitesSequentially(TestNG.java:1293)
	at org.testng.TestNG.runSuitesLocally(TestNG.java:1218)
	at org.testng.TestNG.runSuites(TestNG.java:1133)
	at org.testng.TestNG.run(TestNG.java:1104)
	at org.testng.remote.AbstractRemoteTestNG.run(AbstractRemoteTestNG.java:132)
	at org.testng.remote.RemoteTestNG.initAndRun(RemoteTestNG.java:236)
	at org.testng.remote.RemoteTestNG.main(RemoteTestNG.java:81)
]]>
    </error>
  </testcase> <!-- ThankYouTextvalidation -->
  <testcase name="HomePageCiscoLogo" time="1.384" classname="pages.BellEndToEndFlowOne"/>
  <testcase name="HomePageSecOneReferralRequesButton" time="0.002" classname="pages.BellEndToEndFlowOne"/>
  <testcase name="HomePagesectionOneLinkvalidation" time="5.542" classname="pages.BellEndToEndFlowOne"/>
  <testcase name="ReferralRequestBellLogoValidation" time="12.106" classname="pages.BellEndToEndFlowOne"/>
  <testcase name="ReferralRequestMinimumInputValidation" time="9.337" classname="pages.BellEndToEndFlowOne"/>
  <testcase name="HomePageSecTwoWhatThekitIncludesCentervalidation" time="0.793" classname="pages.BellEndToEndFlowOne"/>
  <testcase name="HomePageM2MDotComvalidation" time="16.109" classname="pages.BellEndToEndFlowOne"/>
  <testcase name="HomePageReferralCodeValidation" time="14.079" classname="pages.BellEndToEndFlowOne"/>
  <testcase name="ReferralRequestBellLogo" time="1.840" classname="pages.BellEndToEndFlowOne"/>
  <testcase name="ReferrakRequestRequiredFieldValidation" time="8.889" classname="pages.BellEndToEndFlowOne"/>
  <testcase name="HomePagesectionFourWhatIsIotValidation" time="2.554" classname="pages.BellEndToEndFlowOne"/>
  <testcase name="HomePagesectionFiveWithBell" time="3.895" classname="pages.BellEndToEndFlowOne"/>
  <testcase name="ReferralRequestTextValiadtion" time="8.601" classname="pages.BellEndToEndFlowOne"/>
  <testcase name="ReferralRequestPlaceHolderValidation" time="2.525" classname="pages.BellEndToEndFlowOne"/>
  <testcase name="ReferralrequestSpaceNotAllowedValiadation" time="5.820" classname="pages.BellEndToEndFlowOne"/>
  <testcase name="ThankYouBellPageRedirection" time="12.775" classname="pages.BellEndToEndFlowOne"/>
  <testcase name="ReferralRequestAdminApproval" time="39.565" classname="pages.BellEndToEndFlowOne"/>
  <testcase name="HomePageLearnMoreFromBell" time="23.259" classname="pages.BellEndToEndFlowOne"/>
  <testcase name="ReferralRequestEmailValidation" time="5.197" classname="pages.BellEndToEndFlowOne"/>
  <testcase name="HomePagesectionThreeHowItWorksValidation" time="2.290" classname="pages.BellEndToEndFlowOne"/>
  <testcase name="ThankYouBellLogo" time="6.003" classname="pages.BellEndToEndFlowOne"/>
  <testcase name="HomePageSecOneTextValidation" time="4.904" classname="pages.BellEndToEndFlowOne"/>
  <testcase name="HomePagesectionFiveLTE" time="2.636" classname="pages.BellEndToEndFlowOne"/>
  <testcase name="HomePageBellLogoValidation" time="0.003" classname="pages.BellEndToEndFlowOne"/>
  <testcase name="ReferralRequestNumericFeild" time="15.657" classname="pages.BellEndToEndFlowOne"/>
  <testcase name="ReferralRequestValidInputValidation" time="69.430" classname="pages.BellEndToEndFlowOne"/>
  <testcase name="HomePageTrackOrderValidation" time="10.383" classname="pages.BellEndToEndFlowOne"/>
  <testcase name="ReferralrequestTextBoxDisplayedAndEnabled" time="26.420" classname="pages.BellEndToEndFlowOne"/>
  <testcase name="HomePageBellLogo" time="1.600" classname="pages.BellEndToEndFlowOne"/>
</testsuite> <!-- pages.BellEndToEndFlowOne -->
