<?xml version="1.0" encoding="UTF-8"?>
<!-- Generated by org.testng.reporters.JUnitReportReporter -->
<testsuite name="pages.UnicomEndToEndFlowOne" tests="41" time="448.789" ignored="0" failures="0" timestamp="13 Apr 2017 06:37:34 GMT" skipped="0" hostname="Gokul" errors="0">
  <testcase name="HomePagesectionThreeHowItWorksValidation" time="2.311" classname="pages.UnicomEndToEndFlowOne"/>
  <testcase name="HomePageTrackOrderErrorValidation" time="12.661" classname="pages.UnicomEndToEndFlowOne"/>
  <testcase name="HomePageTrackOrderValidation" time="12.474" classname="pages.UnicomEndToEndFlowOne"/>
  <testcase name="HomePageCiscoLogo" time="1.420" classname="pages.UnicomEndToEndFlowOne"/>
  <testcase name="ReferralrequestSpaceNotAllowedValiadation" time="5.526" classname="pages.UnicomEndToEndFlowOne"/>
  <testcase name="HomePagesectionTwoWhatThekitIncludesSuppportvalidation" time="0.570" classname="pages.UnicomEndToEndFlowOne"/>
  <testcase name="HomePageBellLogoValidation" time="17.356" classname="pages.UnicomEndToEndFlowOne"/>
  <testcase name="ThankYouIOTPagevalidation" time="6.150" classname="pages.UnicomEndToEndFlowOne"/>
  <testcase name="ReferralRequestMinimumInputValidation" time="16.895" classname="pages.UnicomEndToEndFlowOne"/>
  <testcase name="ReferralRequestBellLogo" time="5.617" classname="pages.UnicomEndToEndFlowOne"/>
  <testcase name="HomePageReferralCodeValidation" time="13.966" classname="pages.UnicomEndToEndFlowOne"/>
  <testcase name="HomePageEnterrefrralCodeErrorvalidation" time="5.919" classname="pages.UnicomEndToEndFlowOne"/>
  <testcase name="ThankYouBellLogo" time="7.472" classname="pages.UnicomEndToEndFlowOne"/>
  <testcase name="ThankYouBellPageRedirection" time="5.453" classname="pages.UnicomEndToEndFlowOne"/>
  <testcase name="ReferralrequestLabelDisplayedAndEnabled" time="25.756" classname="pages.UnicomEndToEndFlowOne"/>
  <testcase name="HomePageM2MDotComvalidation" time="12.420" classname="pages.UnicomEndToEndFlowOne"/>
  <testcase name="ReferralRequestNumericFeild" time="12.001" classname="pages.UnicomEndToEndFlowOne"/>
  <testcase name="ReferralRequestMaximumInputValidation" time="28.601" classname="pages.UnicomEndToEndFlowOne"/>
  <testcase name="ThankYouIOTvalidation" time="2.311" classname="pages.UnicomEndToEndFlowOne"/>
  <testcase name="ThankYouTextvalidation" time="2.372" classname="pages.UnicomEndToEndFlowOne"/>
  <testcase name="HomePageSecOneTextValidation" time="4.981" classname="pages.UnicomEndToEndFlowOne"/>
  <testcase name="HomePagesectionFourWhatIsIotValidation" time="2.544" classname="pages.UnicomEndToEndFlowOne"/>
  <testcase name="HomePageSecTwoContentValidation" time="8.342" classname="pages.UnicomEndToEndFlowOne"/>
  <testcase name="HomePageSecOneReferralRequesButton" time="17.980" classname="pages.UnicomEndToEndFlowOne"/>
  <testcase name="sectionOneReferralRequestvalidation" time="39.071" classname="pages.UnicomEndToEndFlowOne"/>
  <testcase name="ReferralRequestPlaceHolderValidation" time="1.866" classname="pages.UnicomEndToEndFlowOne"/>
  <testcase name="ReferralRequestValidInputValidation" time="54.808" classname="pages.UnicomEndToEndFlowOne"/>
  <testcase name="ReferralRequestEmailValidation" time="5.900" classname="pages.UnicomEndToEndFlowOne"/>
  <testcase name="ReferrakRequestRequiredFieldValidation" time="7.976" classname="pages.UnicomEndToEndFlowOne"/>
  <testcase name="ReferralRequestTextValiadtion" time="6.669" classname="pages.UnicomEndToEndFlowOne"/>
  <testcase name="ReferralRequestButtonvalidation" time="43.230" classname="pages.UnicomEndToEndFlowOne"/>
  <testcase name="HomePageSectwoReferralRequestButton" time="23.068" classname="pages.UnicomEndToEndFlowOne"/>
  <testcase name="HomePageBellLogo" time="1.843" classname="pages.UnicomEndToEndFlowOne"/>
  <testcase name="HomePagesectionOneLinkvalidation" time="5.294" classname="pages.UnicomEndToEndFlowOne"/>
  <testcase name="ReferralRequestCompanyLogo" time="1.351" classname="pages.UnicomEndToEndFlowOne"/>
  <testcase name="HomePageSecTwoWhatThekitIncludesToolsvalidation" time="1.148" classname="pages.UnicomEndToEndFlowOne"/>
  <testcase name="ReferralRequestBellLogoValidation" time="0.002" classname="pages.UnicomEndToEndFlowOne"/>
  <testcase name="ThankYouCiscoLogo" time="1.328" classname="pages.UnicomEndToEndFlowOne"/>
  <testcase name="ReferralrequestTextBoxDisplayedAndEnabled" time="23.467" classname="pages.UnicomEndToEndFlowOne"/>
  <testcase name="RferrralRequestcancelButton" time="0.002" classname="pages.UnicomEndToEndFlowOne"/>
  <testcase name="HomePageSecTwoWhatThekitIncludesCentervalidation" time="0.668" classname="pages.UnicomEndToEndFlowOne"/>
</testsuite> <!-- pages.UnicomEndToEndFlowOne -->
