<?xml version="1.0" encoding="UTF-8"?>
<!-- Generated by org.testng.reporters.JUnitReportReporter -->
<testsuite name="pages.AdminOperation" tests="1" time="26.593" ignored="0" failures="0" timestamp="30 Mar 2017 12:05:39 GMT" skipped="0" hostname="Gokul" errors="0">
  <testcase name="AdminOrderFulfill" time="26.593" classname="pages.AdminOperation"/>
</testsuite> <!-- pages.AdminOperation -->
