<?xml version="1.0" encoding="UTF-8"?>
<!-- Generated by org.testng.reporters.JUnitReportReporter -->
<testsuite name="pages.Tele2ReferralRequestpage" tests="13" time="111.521" ignored="0" failures="0" timestamp="04 Jan 2017 07:02:47 GMT" skipped="0" hostname="Gokul" errors="0">
  <testcase name="ReferralRequestCodeValidInputValidation" time="36.531" classname="pages.Tele2ReferralRequestpage"/>
  <testcase name="ReferralRequestMinimumInputValidation" time="4.058" classname="pages.Tele2ReferralRequestpage"/>
  <testcase name="validateCompanyLogo" time="0.316" classname="pages.Tele2ReferralRequestpage"/>
  <testcase name="ReferralRequestRequiredFieldValidation" time="6.817" classname="pages.Tele2ReferralRequestpage"/>
  <testcase name="RequestReferralCodePlaceholderValidation" time="1.649" classname="pages.Tele2ReferralRequestpage"/>
  <testcase name="validateOperatorLogo" time="0.434" classname="pages.Tele2ReferralRequestpage"/>
  <testcase name="RequestReferralCodeLabelTextDisplayedAndEnabled" time="2.738" classname="pages.Tele2ReferralRequestpage"/>
  <testcase name="RequestReferralCodeTextBoxDisplayedAndEnabled" time="3.045" classname="pages.Tele2ReferralRequestpage"/>
  <testcase name="ReferralRequestTextValidation" time="0.669" classname="pages.Tele2ReferralRequestpage"/>
  <testcase name="RequestButtonValidation" time="11.468" classname="pages.Tele2ReferralRequestpage"/>
  <testcase name="ReferralRequestMaximumInputValidation" time="20.094" classname="pages.Tele2ReferralRequestpage"/>
  <testcase name="ReferralRequestSpaceNotAllowedValidation" time="4.659" classname="pages.Tele2ReferralRequestpage"/>
  <testcase name="ReferralRequestOtherValidation" time="19.043" classname="pages.Tele2ReferralRequestpage"/>
</testsuite> <!-- pages.Tele2ReferralRequestpage -->
