<?xml version="1.0" encoding="UTF-8"?>
<!-- Generated by org.testng.reporters.JUnitReportReporter -->
<testsuite name="pages.PostShippingInfo" tests="17" time="89.816" ignored="0" failures="0" timestamp="23 Jan 2017 10:11:24 GMT" skipped="0" hostname="Gokul" errors="0">
  <testcase name="BillingInfoRequiredFieldvalidatoin" time="2.781" classname="pages.PostShippingInfo"/>
  <testcase name="BillingInfoMaximumInputValidation" time="10.584" classname="pages.PostShippingInfo"/>
  <testcase name="EnterReffCode" time="15.743" classname="pages.PostShippingInfo"/>
  <testcase name="shippingInfoLabelText" time="0.874" classname="pages.PostShippingInfo"/>
  <testcase name="BillingInfoInputField" time="1.494" classname="pages.PostShippingInfo"/>
  <testcase name="sec2" time="13.229" classname="pages.PostShippingInfo"/>
  <testcase name="ShippingInfoSpaceNotAllowedvalidatoin" time="5.451" classname="pages.PostShippingInfo"/>
  <testcase name="sec3" time="3.090" classname="pages.PostShippingInfo"/>
  <testcase name="shippingInfoInputField" time="0.857" classname="pages.PostShippingInfo"/>
  <testcase name="BillingInfoSpaceNotAllowedvalidatoin" time="8.019" classname="pages.PostShippingInfo"/>
  <testcase name="BillingInfoMinimumInputValidation" time="5.158" classname="pages.PostShippingInfo"/>
  <testcase name="ShippingInfoTextvalidation" time="0.782" classname="pages.PostShippingInfo"/>
  <testcase name="ShippingInfoRequiredFieldvalidatoin" time="2.658" classname="pages.PostShippingInfo"/>
  <testcase name="BillingInfoLabelText" time="1.205" classname="pages.PostShippingInfo"/>
  <testcase name="ShippingInfoMaximumInputValidation" time="10.379" classname="pages.PostShippingInfo"/>
  <testcase name="CheckBoxVaildation" time="0.618" classname="pages.PostShippingInfo"/>
  <testcase name="ShippingInfoMinimumInputValidation" time="6.894" classname="pages.PostShippingInfo"/>
</testsuite> <!-- pages.PostShippingInfo -->
