<?xml version="1.0" encoding="UTF-8"?>
<!-- Generated by org.testng.reporters.JUnitReportReporter -->
<testsuite name="pages.UnicomReferralRequest" tests="7" time="112.364" ignored="0" failures="0" timestamp="10 Apr 2017 12:33:02 GMT" skipped="0" hostname="Gokul" errors="0">
  <testcase name="RequestReferralCodeLabelTextDisplayedAndEnabled" time="23.180" classname="pages.UnicomReferralRequest"/>
  <testcase name="ReferralRequestTextValidation" time="4.750" classname="pages.UnicomReferralRequest"/>
  <testcase name="validateOperatorLogo" time="1.537" classname="pages.UnicomReferralRequest"/>
  <testcase name="RequestReferralCodeTextBoxDisplayedAndEnabled" time="23.359" classname="pages.UnicomReferralRequest"/>
  <testcase name="validateCompanyLogo" time="1.281" classname="pages.UnicomReferralRequest"/>
  <testcase name="RequestReferralCodePlaceholderValidation" time="1.422" classname="pages.UnicomReferralRequest"/>
  <testcase name="ReferralRequestCodeValidInputValidation" time="56.835" classname="pages.UnicomReferralRequest"/>
</testsuite> <!-- pages.UnicomReferralRequest -->
