<?xml version="1.0" encoding="UTF-8"?>
<!-- Generated by org.testng.reporters.JUnitReportReporter -->
<testsuite name="pages.BellEndToEndFlowTwo" tests="78" time="1656.333" ignored="0" failures="0" timestamp="31 Mar 2017 06:15:33 GMT" skipped="0" hostname="Gokul" errors="0">
  <testcase name="YourInfocontinueButton" time="58.087" classname="pages.BellEndToEndFlowTwo"/>
  <testcase name="CCPlaceHolderValidation" time="4.682" classname="pages.BellEndToEndFlowTwo"/>
  <testcase name="YourInfoMaximumInputValidation" time="48.935" classname="pages.BellEndToEndFlowTwo"/>
  <testcase name="YourInfocancelButton" time="29.701" classname="pages.BellEndToEndFlowTwo"/>
  <testcase name="YourInfoBellLogoValidation" time="35.193" classname="pages.BellEndToEndFlowTwo"/>
  <testcase name="BillingInfovalidateOperatorLogo" time="9.600" classname="pages.BellEndToEndFlowTwo"/>
  <testcase name="YourInfoCompanyLogo" time="3.490" classname="pages.BellEndToEndFlowTwo"/>
  <testcase name="TermsOfServicePopUpCloseIcon" time="12.944" classname="pages.BellEndToEndFlowTwo"/>
  <testcase name="YourInfoRequiredFieldValidation" time="17.596" classname="pages.BellEndToEndFlowTwo"/>
  <testcase name="OrderSummaryBellLogo" time="11.642" classname="pages.BellEndToEndFlowTwo"/>
  <testcase name="ShippingInfoSpaceNotAllowedvalidatoin" time="10.573" classname="pages.BellEndToEndFlowTwo"/>
  <testcase name="ShippingInfoBackButtonValidation" time="24.497" classname="pages.BellEndToEndFlowTwo"/>
  <testcase name="ShippingInfoLinkButton" time="5.713" classname="pages.BellEndToEndFlowTwo"/>
  <testcase name="BillingInfoMinimumInputValidation" time="13.934" classname="pages.BellEndToEndFlowTwo"/>
  <testcase name="YourInfoTextValiadtion" time="14.272" classname="pages.BellEndToEndFlowTwo"/>
  <testcase name="YourInfoTextBoxDisplayedAndEnabled" time="25.629" classname="pages.BellEndToEndFlowTwo"/>
  <testcase name="YourInfoMinimumInputValidation" time="28.545" classname="pages.BellEndToEndFlowTwo"/>
  <testcase name="ReviewConfirmEditButtons" time="3.479" classname="pages.BellEndToEndFlowTwo"/>
  <testcase name="BillingCheckBoxVaildation" time="7.893" classname="pages.BellEndToEndFlowTwo"/>
  <testcase name="ShippingInfoCancelButtonValidation" time="25.260" classname="pages.BellEndToEndFlowTwo"/>
  <testcase name="ShippingInfoSendInputs" time="34.722" classname="pages.BellEndToEndFlowTwo"/>
  <testcase name="OrderSummarysectionThreeTextValidation" time="4.554" classname="pages.BellEndToEndFlowTwo"/>
  <testcase name="CCPasswordValidation" time="31.048" classname="pages.BellEndToEndFlowTwo"/>
  <testcase name="BillingInfoInputField" time="9.445" classname="pages.BellEndToEndFlowTwo"/>
  <testcase name="BackButtonValidation" time="30.660" classname="pages.BellEndToEndFlowTwo"/>
  <testcase name="CCContentValidation" time="11.002" classname="pages.BellEndToEndFlowTwo"/>
  <testcase name="BillingInfoTextvalidation" time="10.948" classname="pages.BellEndToEndFlowTwo"/>
  <testcase name="OrderSummaryhomePageLinkvalidation" time="7.894" classname="pages.BellEndToEndFlowTwo"/>
  <testcase name="CCRequiredFieldValidation" time="19.996" classname="pages.BellEndToEndFlowTwo"/>
  <testcase name="YourInfoValidInputValidation" time="100.258" classname="pages.BellEndToEndFlowTwo"/>
  <testcase name="ReviewConfirmCancelButton" time="114.034" classname="pages.BellEndToEndFlowTwo"/>
  <testcase name="TermsOfServicePopUpCloseButton" time="16.342" classname="pages.BellEndToEndFlowTwo"/>
  <testcase name="CCUserNameMinMaxValidation" time="51.177" classname="pages.BellEndToEndFlowTwo"/>
  <testcase name="ShippingInfoMinimumInputValidation" time="17.859" classname="pages.BellEndToEndFlowTwo"/>
  <testcase name="BillingInfoRequiredFieldvalidatoin" time="14.542" classname="pages.BellEndToEndFlowTwo"/>
  <testcase name="CancelButtonValidation" time="34.043" classname="pages.BellEndToEndFlowTwo"/>
  <testcase name="OrderSummarysectionTwoTextValidation" time="9.707" classname="pages.BellEndToEndFlowTwo"/>
  <testcase name="ReviewConfirmBellLogo" time="67.287" classname="pages.BellEndToEndFlowTwo"/>
  <testcase name="ShippingInfoBellLogoValidation" time="26.218" classname="pages.BellEndToEndFlowTwo"/>
  <testcase name="ReviewConfirmHeadertextValidation" time="8.649" classname="pages.BellEndToEndFlowTwo"/>
  <testcase name="OrderSummaryTrackOrderValidation" time="7.117" classname="pages.BellEndToEndFlowTwo"/>
  <testcase name="BellLogoValidation" time="26.136" classname="pages.BellEndToEndFlowTwo"/>
  <testcase name="OrderSummaryBackToIOTValidation" time="7.761" classname="pages.BellEndToEndFlowTwo"/>
  <testcase name="ReviewConfirmButton" time="13.479" classname="pages.BellEndToEndFlowTwo"/>
  <testcase name="orderSummaryShipBillAddressVAlidation" time="4.580" classname="pages.BellEndToEndFlowTwo"/>
  <testcase name="YourInfoBellLogo" time="3.491" classname="pages.BellEndToEndFlowTwo"/>
  <testcase name="InputValidation" time="15.527" classname="pages.BellEndToEndFlowTwo"/>
  <testcase name="ShippingInfovalidateCompanyLogo" time="3.442" classname="pages.BellEndToEndFlowTwo"/>
  <testcase name="BillingInfovalidateCompanyLogo" time="3.490" classname="pages.BellEndToEndFlowTwo"/>
  <testcase name="OrderSummaryHeadertextValidation" time="7.232" classname="pages.BellEndToEndFlowTwo"/>
  <testcase name="BillingInfoLabelText" time="9.437" classname="pages.BellEndToEndFlowTwo"/>
  <testcase name="ReviewConfirmSectionOneTextValidation" time="7.384" classname="pages.BellEndToEndFlowTwo"/>
  <testcase name="ReviewConfirmOperatorLogo" time="46.813" classname="pages.BellEndToEndFlowTwo"/>
  <testcase name="ShippingInfovalidateOperatorLogo" time="18.763" classname="pages.BellEndToEndFlowTwo"/>
  <testcase name="BillingCardDetailsLabelText" time="6.942" classname="pages.BellEndToEndFlowTwo"/>
  <testcase name="CCDisplayedAndEnabledValidation" time="7.177" classname="pages.BellEndToEndFlowTwo"/>
  <testcase name="YourInfoBellCaLinkvalidation" time="43.214" classname="pages.BellEndToEndFlowTwo"/>
  <testcase name="YourInfoSpaceNotAllowedValiadation" time="15.703" classname="pages.BellEndToEndFlowTwo"/>
  <testcase name="YourInfoNumericFeild" time="32.016" classname="pages.BellEndToEndFlowTwo"/>
  <testcase name="ShippingInfoMaximumInputValidation" time="24.434" classname="pages.BellEndToEndFlowTwo"/>
  <testcase name="YourInfoEmailValidation" time="17.366" classname="pages.BellEndToEndFlowTwo"/>
  <testcase name="shippingInfoLabelText" time="9.564" classname="pages.BellEndToEndFlowTwo"/>
  <testcase name="OrderSummaryCompanyLogo" time="3.563" classname="pages.BellEndToEndFlowTwo"/>
  <testcase name="referralRequestDataValidation" time="19.934" classname="pages.BellEndToEndFlowTwo"/>
  <testcase name="BillingInfoSendInputs" time="23.371" classname="pages.BellEndToEndFlowTwo"/>
  <testcase name="ShippingInfoRequiredFieldvalidatoin" time="12.734" classname="pages.BellEndToEndFlowTwo"/>
  <testcase name="ReviewConfirmCompanyLogo" time="6.913" classname="pages.BellEndToEndFlowTwo"/>
  <testcase name="ShippingInfoTextvalidation" time="10.937" classname="pages.BellEndToEndFlowTwo"/>
  <testcase name="BillingInfoSpaceNotAllowedvalidatoin" time="6.547" classname="pages.BellEndToEndFlowTwo"/>
  <testcase name="ShippingEditButtonValidation" time="62.942" classname="pages.BellEndToEndFlowTwo"/>
  <testcase name="BillingInfoMaximumInputValidation" time="19.648" classname="pages.BellEndToEndFlowTwo"/>
  <testcase name="ReviewConfirmShippingBillingAddressValidation" time="3.607" classname="pages.BellEndToEndFlowTwo"/>
  <testcase name="TermsOfServiceTextValidation" time="23.628" classname="pages.BellEndToEndFlowTwo"/>
  <testcase name="shippingInfoInputField" time="9.465" classname="pages.BellEndToEndFlowTwo"/>
  <testcase name="BillingCardDetailsInputFieldValidation" time="52.617" classname="pages.BellEndToEndFlowTwo"/>
  <testcase name="OrderSummaryBellLogoValidation" time="6.981" classname="pages.BellEndToEndFlowTwo"/>
  <testcase name="YourInfoLabelDisplayedAndEnabled" time="27.603" classname="pages.BellEndToEndFlowTwo"/>
  <testcase name="TermsOfServicePDFDownload" time="22.725" classname="pages.BellEndToEndFlowTwo"/>
</testsuite> <!-- pages.BellEndToEndFlowTwo -->
