<?xml version="1.0" encoding="UTF-8"?>
<!-- Generated by org.testng.reporters.JUnitReportReporter -->
<testsuite name="pages.EmailIntegration" tests="1" time="61.437" ignored="0" failures="0" timestamp="22 May 2017 10:06:09 GMT" skipped="0" hostname="Gokul" errors="0">
  <testcase name="CheckEmailReceived" time="61.437" classname="pages.EmailIntegration"/>
</testsuite> <!-- pages.EmailIntegration -->
