<?xml version="1.0" encoding="UTF-8"?>
<!-- Generated by org.testng.reporters.JUnitReportReporter -->
<testsuite name="pages.BellControlCenter" tests="7" time="45.915" ignored="0" failures="0" timestamp="08 Mar 2017 10:35:01 GMT" skipped="0" hostname="Gokul" errors="0">
  <testcase name="CCPlaceHolderValidation" time="0.426" classname="pages.BellControlCenter"/>
  <testcase name="CCDisplayedAndEnabledValidation" time="1.168" classname="pages.BellControlCenter"/>
  <testcase name="CCUserNameMinMaxValidation" time="13.066" classname="pages.BellControlCenter"/>
  <testcase name="CCContentValidation" time="8.253" classname="pages.BellControlCenter"/>
  <testcase name="CCRequiredFieldValidation" time="2.067" classname="pages.BellControlCenter"/>
  <testcase name="CCPasswordValidation" time="18.335" classname="pages.BellControlCenter"/>
  <testcase name="InputValidation" time="2.600" classname="pages.BellControlCenter"/>
</testsuite> <!-- pages.BellControlCenter -->
