<?xml version="1.0" encoding="UTF-8"?>
<!-- Generated by org.testng.reporters.JUnitReportReporter -->
<testsuite name="pages.BellEndToEndFlowOne" tests="1" time="8.033" ignored="47" failures="0" timestamp="27 Mar 2017 11:48:34 GMT" skipped="0" hostname="Gokul" errors="0">
  <testcase name="HomePageM2MDotComvalidation" time="8.033" classname="pages.BellEndToEndFlowOne"/>
  <testcase name="HomePagesectionThreeHowItWorksValidation" classname="pages.BellEndToEndFlowOne">
    <skipped/>
  </testcase> <!-- HomePagesectionThreeHowItWorksValidation -->
  <testcase name="ThankYouIOTPagevalidation" classname="pages.BellEndToEndFlowOne">
    <skipped/>
  </testcase> <!-- ThankYouIOTPagevalidation -->
  <testcase name="ThankYouBellPageRedirection" classname="pages.BellEndToEndFlowOne">
    <skipped/>
  </testcase> <!-- ThankYouBellPageRedirection -->
  <testcase name="ReferralRequestMinimumInputValidation" classname="pages.BellEndToEndFlowOne">
    <skipped/>
  </testcase> <!-- ReferralRequestMinimumInputValidation -->
  <testcase name="ReferralRequestButtonvalidation" classname="pages.BellEndToEndFlowOne">
    <skipped/>
  </testcase> <!-- ReferralRequestButtonvalidation -->
  <testcase name="ReferralRequestBellLogo" classname="pages.BellEndToEndFlowOne">
    <skipped/>
  </testcase> <!-- ReferralRequestBellLogo -->
  <testcase name="HomePageReferralCodeValidation" classname="pages.BellEndToEndFlowOne">
    <skipped/>
  </testcase> <!-- HomePageReferralCodeValidation -->
  <testcase name="sectionOneReferralRequestvalidation" classname="pages.BellEndToEndFlowOne">
    <skipped/>
  </testcase> <!-- sectionOneReferralRequestvalidation -->
  <testcase name="ReferralRequestEmailValidation" classname="pages.BellEndToEndFlowOne">
    <skipped/>
  </testcase> <!-- ReferralRequestEmailValidation -->
  <testcase name="ReferralrequestLabelDisplayedAndEnabled" classname="pages.BellEndToEndFlowOne">
    <skipped/>
  </testcase> <!-- ReferralrequestLabelDisplayedAndEnabled -->
  <testcase name="HomePageSecOneReferralRequesButton" classname="pages.BellEndToEndFlowOne">
    <skipped/>
  </testcase> <!-- HomePageSecOneReferralRequesButton -->
  <testcase name="HomePageSecTwoContentValidation" classname="pages.BellEndToEndFlowOne">
    <skipped/>
  </testcase> <!-- HomePageSecTwoContentValidation -->
  <testcase name="HomePageLearnMoreFromBell" classname="pages.BellEndToEndFlowOne">
    <skipped/>
  </testcase> <!-- HomePageLearnMoreFromBell -->
  <testcase name="HomePagesectionTwoWhatThekitIncludesSuppportvalidation" classname="pages.BellEndToEndFlowOne">
    <skipped/>
  </testcase> <!-- HomePagesectionTwoWhatThekitIncludesSuppportvalidation -->
  <testcase name="HomePagesectionOneLinkvalidation" classname="pages.BellEndToEndFlowOne">
    <skipped/>
  </testcase> <!-- HomePagesectionOneLinkvalidation -->
  <testcase name="HomePageCiscoLogo" classname="pages.BellEndToEndFlowOne">
    <skipped/>
  </testcase> <!-- HomePageCiscoLogo -->
  <testcase name="HomePagesectionFourWhatIsIotValidation" classname="pages.BellEndToEndFlowOne">
    <skipped/>
  </testcase> <!-- HomePagesectionFourWhatIsIotValidation -->
  <testcase name="ReferralRequestPlaceHolderValidation" classname="pages.BellEndToEndFlowOne">
    <skipped/>
  </testcase> <!-- ReferralRequestPlaceHolderValidation -->
  <testcase name="HomePageEnterrefrralCodeErrorvalidation" classname="pages.BellEndToEndFlowOne">
    <skipped/>
  </testcase> <!-- HomePageEnterrefrralCodeErrorvalidation -->
  <testcase name="HomePageTrackOrderErrorValidation" classname="pages.BellEndToEndFlowOne">
    <skipped/>
  </testcase> <!-- HomePageTrackOrderErrorValidation -->
  <testcase name="RferrralRequestcancelButton" classname="pages.BellEndToEndFlowOne">
    <skipped/>
  </testcase> <!-- RferrralRequestcancelButton -->
  <testcase name="HomePagesectionFiveLTE" classname="pages.BellEndToEndFlowOne">
    <skipped/>
  </testcase> <!-- HomePagesectionFiveLTE -->
  <testcase name="ReferralRequestAdminApproval" classname="pages.BellEndToEndFlowOne">
    <skipped/>
  </testcase> <!-- ReferralRequestAdminApproval -->
  <testcase name="HomePageBellLogoValidation" classname="pages.BellEndToEndFlowOne">
    <skipped/>
  </testcase> <!-- HomePageBellLogoValidation -->
  <testcase name="ThankYouIOTvalidation" classname="pages.BellEndToEndFlowOne">
    <skipped/>
  </testcase> <!-- ThankYouIOTvalidation -->
  <testcase name="ReferrakRequestRequiredFieldValidation" classname="pages.BellEndToEndFlowOne">
    <skipped/>
  </testcase> <!-- ReferrakRequestRequiredFieldValidation -->
  <testcase name="ThankYouTextvalidation" classname="pages.BellEndToEndFlowOne">
    <skipped/>
  </testcase> <!-- ThankYouTextvalidation -->
  <testcase name="ThankYouBellLogo" classname="pages.BellEndToEndFlowOne">
    <skipped/>
  </testcase> <!-- ThankYouBellLogo -->
  <testcase name="HomePageBellLogo" classname="pages.BellEndToEndFlowOne">
    <skipped/>
  </testcase> <!-- HomePageBellLogo -->
  <testcase name="HomePageSectwoReferralRequestButton" classname="pages.BellEndToEndFlowOne">
    <skipped/>
  </testcase> <!-- HomePageSectwoReferralRequestButton -->
  <testcase name="ReferralrequestTextBoxDisplayedAndEnabled" classname="pages.BellEndToEndFlowOne">
    <skipped/>
  </testcase> <!-- ReferralrequestTextBoxDisplayedAndEnabled -->
  <testcase name="ThankYouCiscoLogo" classname="pages.BellEndToEndFlowOne">
    <skipped/>
  </testcase> <!-- ThankYouCiscoLogo -->
  <testcase name="ReferralRequestBellCaLinkvalidation" classname="pages.BellEndToEndFlowOne">
    <skipped/>
  </testcase> <!-- ReferralRequestBellCaLinkvalidation -->
  <testcase name="HomePagesectionFiveEndToEnd" classname="pages.BellEndToEndFlowOne">
    <skipped/>
  </testcase> <!-- HomePagesectionFiveEndToEnd -->
  <testcase name="ReferralRequestCompanyLogo" classname="pages.BellEndToEndFlowOne">
    <skipped/>
  </testcase> <!-- ReferralRequestCompanyLogo -->
  <testcase name="HomePageTrackOrderValidation" classname="pages.BellEndToEndFlowOne">
    <skipped/>
  </testcase> <!-- HomePageTrackOrderValidation -->
  <testcase name="HomePagesectionFivePartners" classname="pages.BellEndToEndFlowOne">
    <skipped/>
  </testcase> <!-- HomePagesectionFivePartners -->
  <testcase name="ReferralRequestNumericFeild" classname="pages.BellEndToEndFlowOne">
    <skipped/>
  </testcase> <!-- ReferralRequestNumericFeild -->
  <testcase name="HomePagesectionFiveWithBell" classname="pages.BellEndToEndFlowOne">
    <skipped/>
  </testcase> <!-- HomePagesectionFiveWithBell -->
  <testcase name="ReferralrequestSpaceNotAllowedValiadation" classname="pages.BellEndToEndFlowOne">
    <skipped/>
  </testcase> <!-- ReferralrequestSpaceNotAllowedValiadation -->
  <testcase name="HomePageSecOneTextValidation" classname="pages.BellEndToEndFlowOne">
    <skipped/>
  </testcase> <!-- HomePageSecOneTextValidation -->
  <testcase name="ReferralRequestValidInputValidation" classname="pages.BellEndToEndFlowOne">
    <skipped/>
  </testcase> <!-- ReferralRequestValidInputValidation -->
  <testcase name="ReferralRequestMaximumInputValidation" classname="pages.BellEndToEndFlowOne">
    <skipped/>
  </testcase> <!-- ReferralRequestMaximumInputValidation -->
  <testcase name="ReferralRequestTextValiadtion" classname="pages.BellEndToEndFlowOne">
    <skipped/>
  </testcase> <!-- ReferralRequestTextValiadtion -->
  <testcase name="HomePageSecTwoWhatThekitIncludesToolsvalidation" classname="pages.BellEndToEndFlowOne">
    <skipped/>
  </testcase> <!-- HomePageSecTwoWhatThekitIncludesToolsvalidation -->
  <testcase name="ReferralRequestBellLogoValidation" classname="pages.BellEndToEndFlowOne">
    <skipped/>
  </testcase> <!-- ReferralRequestBellLogoValidation -->
  <testcase name="HomePageSecTwoWhatThekitIncludesCentervalidation" classname="pages.BellEndToEndFlowOne">
    <skipped/>
  </testcase> <!-- HomePageSecTwoWhatThekitIncludesCentervalidation -->
</testsuite> <!-- pages.BellEndToEndFlowOne -->
