<?xml version="1.0" encoding="UTF-8"?>
<!-- Generated by org.testng.reporters.JUnitReportReporter -->
<testsuite name="test.BellEndToEndM1AndM2" tests="134" time="2747.447" ignored="0" failures="0" timestamp="24 Mar 2017 15:08:17 GMT" skipped="0" hostname="Gokul" errors="0">
  <testcase name="HomePageTrackOrderErrorValidation" time="12.294" classname="test.BellEndToEndM1AndM2"/>
  <testcase name="YourInfoSpaceNotAllowedValiadation" time="13.336" classname="test.BellEndToEndM1AndM2"/>
  <testcase name="ReferralrequestTextBoxDisplayedAndEnabled" time="23.926" classname="test.BellEndToEndM1AndM2"/>
  <testcase name="BillingCardDetailsLabelText" time="7.229" classname="test.BellEndToEndM1AndM2"/>
  <testcase name="ReferralRequestPlaceHolderValidation" time="1.257" classname="test.BellEndToEndM1AndM2"/>
  <testcase name="BellLogoValidation" time="45.346" classname="test.BellEndToEndM1AndM2"/>
  <testcase name="ShippingInfoBellLogoValidation" time="44.174" classname="test.BellEndToEndM1AndM2"/>
  <testcase name="YourInfoTextBoxDisplayedAndEnabled" time="23.610" classname="test.BellEndToEndM1AndM2"/>
  <testcase name="HomePageLearnMoreFromBell" time="29.042" classname="test.BellEndToEndM1AndM2"/>
  <testcase name="OrderSummarysectionTwoTextValidation" time="9.082" classname="test.BellEndToEndM1AndM2"/>
  <testcase name="InputValidation" time="13.368" classname="test.BellEndToEndM1AndM2"/>
  <testcase name="YourInfocancelButton" time="42.364" classname="test.BellEndToEndM1AndM2"/>
  <testcase name="BackButtonValidation" time="44.311" classname="test.BellEndToEndM1AndM2"/>
  <testcase name="ShippingInfoSpaceNotAllowedvalidatoin" time="10.391" classname="test.BellEndToEndM1AndM2"/>
  <testcase name="ThankYouTextvalidation" time="2.413" classname="test.BellEndToEndM1AndM2"/>
  <testcase name="CheckingReferralCodeEmail" time="66.319" classname="test.BellEndToEndM1AndM2"/>
  <testcase name="BillingCheckBoxVaildation" time="7.962" classname="test.BellEndToEndM1AndM2"/>
  <testcase name="HomePagesectionFivePartners" time="2.493" classname="test.BellEndToEndM1AndM2"/>
  <testcase name="ReviewConfirmOperatorLogo" time="7.448" classname="test.BellEndToEndM1AndM2"/>
  <testcase name="ReviewConfirmShippingBillingAddressValidation" time="3.939" classname="test.BellEndToEndM1AndM2"/>
  <testcase name="TermsOfServiceTextValidation" time="23.194" classname="test.BellEndToEndM1AndM2"/>
  <testcase name="CancelButtonValidation" time="59.396" classname="test.BellEndToEndM1AndM2"/>
  <testcase name="ReferralRequestEmailValidation" time="3.659" classname="test.BellEndToEndM1AndM2"/>
  <testcase name="CCUserNameMinMaxValidation" time="41.008" classname="test.BellEndToEndM1AndM2"/>
  <testcase name="HomePagesectionThreeHowItWorksValidation" time="2.554" classname="test.BellEndToEndM1AndM2"/>
  <testcase name="ReferralrequestSpaceNotAllowedValiadation" time="3.631" classname="test.BellEndToEndM1AndM2"/>
  <testcase name="YourInfoValidInputValidation" time="56.051" classname="test.BellEndToEndM1AndM2"/>
  <testcase name="ReviewConfirmCompanyLogo" time="2.583" classname="test.BellEndToEndM1AndM2"/>
  <testcase name="ThankYouCiscoLogo" time="1.302" classname="test.BellEndToEndM1AndM2"/>
  <testcase name="BillingInfoLabelText" time="10.031" classname="test.BellEndToEndM1AndM2"/>
  <testcase name="ThankYouIOTPagevalidation" time="6.987" classname="test.BellEndToEndM1AndM2"/>
  <testcase name="BillingCardDetailsInputFieldValidation" time="2.888" classname="test.BellEndToEndM1AndM2"/>
  <testcase name="OrderSummaryCompanyLogo" time="3.742" classname="test.BellEndToEndM1AndM2"/>
  <testcase name="HomePagesectionFiveWithBell" time="3.447" classname="test.BellEndToEndM1AndM2"/>
  <testcase name="ShippingEditButtonValidation" time="40.991" classname="test.BellEndToEndM1AndM2"/>
  <testcase name="ReferralRequestTextValiadtion" time="7.926" classname="test.BellEndToEndM1AndM2"/>
  <testcase name="HomePageReferralCodeValidation" time="13.845" classname="test.BellEndToEndM1AndM2"/>
  <testcase name="HomePageM2MDotComvalidation" time="23.464" classname="test.BellEndToEndM1AndM2"/>
  <testcase name="shippingInfoInputField" time="9.392" classname="test.BellEndToEndM1AndM2"/>
  <testcase name="ShippingInfoLinkButton" time="5.683" classname="test.BellEndToEndM1AndM2"/>
  <testcase name="OrderSummaryBellLogo" time="11.854" classname="test.BellEndToEndM1AndM2"/>
  <testcase name="CCDisplayedAndEnabledValidation" time="6.827" classname="test.BellEndToEndM1AndM2"/>
  <testcase name="ReferralRequestBellLogo" time="1.353" classname="test.BellEndToEndM1AndM2"/>
  <testcase name="YourInfoRequiredFieldValidation" time="14.103" classname="test.BellEndToEndM1AndM2"/>
  <testcase name="OrderSummaryHeadertextValidation" time="7.256" classname="test.BellEndToEndM1AndM2"/>
  <testcase name="BillingInfoSpaceNotAllowedvalidatoin" time="6.826" classname="test.BellEndToEndM1AndM2"/>
  <testcase name="ReferralRequestValidInputValidation" time="47.456" classname="test.BellEndToEndM1AndM2"/>
  <testcase name="VerifyingControlCenterURL" time="130.204" classname="test.BellEndToEndM1AndM2"/>
  <testcase name="ShippingInfoMinimumInputValidation" time="16.421" classname="test.BellEndToEndM1AndM2"/>
  <testcase name="DeletingPrevEmail" time="111.716" classname="test.BellEndToEndM1AndM2"/>
  <testcase name="BillingInfoRequiredFieldvalidatoin" time="13.980" classname="test.BellEndToEndM1AndM2"/>
  <testcase name="ThankYouIOTvalidation" time="2.331" classname="test.BellEndToEndM1AndM2"/>
  <testcase name="OrderSummaryBellLogoValidation" time="10.714" classname="test.BellEndToEndM1AndM2"/>
  <testcase name="HomePageBellLogoValidation" time="23.237" classname="test.BellEndToEndM1AndM2"/>
  <testcase name="HomePageSectwoReferralRequestButton" time="58.904" classname="test.BellEndToEndM1AndM2"/>
  <testcase name="ShippingInfovalidateCompanyLogo" time="3.385" classname="test.BellEndToEndM1AndM2"/>
  <testcase name="CheckingOrderSucessEmail" time="78.034" classname="test.BellEndToEndM1AndM2"/>
  <testcase name="CCPlaceHolderValidation" time="4.422" classname="test.BellEndToEndM1AndM2"/>
  <testcase name="referralRequestDataValidation" time="23.427" classname="test.BellEndToEndM1AndM2"/>
  <testcase name="BillingInfovalidateCompanyLogo" time="3.846" classname="test.BellEndToEndM1AndM2"/>
  <testcase name="OrderSummaryhomePageLinkvalidation" time="10.179" classname="test.BellEndToEndM1AndM2"/>
  <testcase name="ReferralRequestMinimumInputValidation" time="14.036" classname="test.BellEndToEndM1AndM2"/>
  <testcase name="ReviewConfirmCancelButton" time="49.310" classname="test.BellEndToEndM1AndM2"/>
  <testcase name="ReviewConfirmBellLogo" time="45.952" classname="test.BellEndToEndM1AndM2"/>
  <testcase name="CheckingReferralRequest" time="94.895" classname="test.BellEndToEndM1AndM2"/>
  <testcase name="HomePageCiscoLogo" time="1.294" classname="test.BellEndToEndM1AndM2"/>
  <testcase name="YourInfoCompanyLogo" time="3.375" classname="test.BellEndToEndM1AndM2"/>
  <testcase name="HomePageTrackOrderValidation" time="9.967" classname="test.BellEndToEndM1AndM2"/>
  <testcase name="sectionOneReferralRequestvalidation" time="13.862" classname="test.BellEndToEndM1AndM2"/>
  <testcase name="ThankYouBellLogo" time="7.356" classname="test.BellEndToEndM1AndM2"/>
  <testcase name="BillingInfoMinimumInputValidation" time="12.705" classname="test.BellEndToEndM1AndM2"/>
  <testcase name="HomePagesectionFiveEndToEnd" time="2.502" classname="test.BellEndToEndM1AndM2"/>
  <testcase name="ReferralRequestButtonvalidation" time="41.343" classname="test.BellEndToEndM1AndM2"/>
  <testcase name="YourInfoMaximumInputValidation" time="42.082" classname="test.BellEndToEndM1AndM2"/>
  <testcase name="ReferralRequestBellLogoValidation" time="29.012" classname="test.BellEndToEndM1AndM2"/>
  <testcase name="ThankYouBellPageRedirection" time="6.932" classname="test.BellEndToEndM1AndM2"/>
  <testcase name="BillingInfovalidateOperatorLogo" time="9.983" classname="test.BellEndToEndM1AndM2"/>
  <testcase name="BillingInfoInputField" time="9.915" classname="test.BellEndToEndM1AndM2"/>
  <testcase name="HomePageSecOneTextValidation" time="4.827" classname="test.BellEndToEndM1AndM2"/>
  <testcase name="HomePageBellLogo" time="1.664" classname="test.BellEndToEndM1AndM2"/>
  <testcase name="ReferralRequestNumericFeild" time="9.684" classname="test.BellEndToEndM1AndM2"/>
  <testcase name="HomePageSecOneReferralRequesButton" time="28.602" classname="test.BellEndToEndM1AndM2"/>
  <testcase name="TermsOfServicePopUpCloseButton" time="12.231" classname="test.BellEndToEndM1AndM2"/>
  <testcase name="ReferralRequestAdminApproval" time="38.056" classname="test.BellEndToEndM1AndM2"/>
  <testcase name="HomePagesectionOneLinkvalidation" time="6.280" classname="test.BellEndToEndM1AndM2"/>
  <testcase name="OrderSummaryTrackOrderValidation" time="10.109" classname="test.BellEndToEndM1AndM2"/>
  <testcase name="ShippingInfoSendInputs" time="37.635" classname="test.BellEndToEndM1AndM2"/>
  <testcase name="BillingEditButtonValidation" time="32.718" classname="test.BellEndToEndM1AndM2"/>
  <testcase name="YourInfoNumericFeild" time="25.198" classname="test.BellEndToEndM1AndM2"/>
  <testcase name="YourInfoBellCaLinkvalidation" time="68.762" classname="test.BellEndToEndM1AndM2"/>
  <testcase name="ShippingInfoCancelButtonValidation" time="36.651" classname="test.BellEndToEndM1AndM2"/>
  <testcase name="HomePageEnterrefrralCodeErrorvalidation" time="5.852" classname="test.BellEndToEndM1AndM2"/>
  <testcase name="YourInfoBellLogoValidation" time="37.427" classname="test.BellEndToEndM1AndM2"/>
  <testcase name="ShippingInfoRequiredFieldvalidatoin" time="11.273" classname="test.BellEndToEndM1AndM2"/>
  <testcase name="ReviewConfirmEditButtons" time="3.923" classname="test.BellEndToEndM1AndM2"/>
  <testcase name="ReviewConfirmHeadertextValidation" time="9.312" classname="test.BellEndToEndM1AndM2"/>
  <testcase name="YourInfoLabelDisplayedAndEnabled" time="25.948" classname="test.BellEndToEndM1AndM2"/>
  <testcase name="ShippingInfovalidateOperatorLogo" time="25.109" classname="test.BellEndToEndM1AndM2"/>
  <testcase name="shippingInfoLabelText" time="9.559" classname="test.BellEndToEndM1AndM2"/>
  <testcase name="TermsOfServicePDFDownload" time="10.522" classname="test.BellEndToEndM1AndM2"/>
  <testcase name="BillingInfoMaximumInputValidation" time="18.211" classname="test.BellEndToEndM1AndM2"/>
  <testcase name="ReviewConfirmButton" time="15.980" classname="test.BellEndToEndM1AndM2"/>
  <testcase name="OrderSummaryBackToIOTValidation" time="10.266" classname="test.BellEndToEndM1AndM2"/>
  <testcase name="ReferralRequestBellCaLinkvalidation" time="64.298" classname="test.BellEndToEndM1AndM2"/>
  <testcase name="BillingInfoSendInputs" time="34.090" classname="test.BellEndToEndM1AndM2"/>
  <testcase name="CCContentValidation" time="10.064" classname="test.BellEndToEndM1AndM2"/>
  <testcase name="RferrralRequestcancelButton" time="32.995" classname="test.BellEndToEndM1AndM2"/>
  <testcase name="HomePagesectionFourWhatIsIotValidation" time="2.511" classname="test.BellEndToEndM1AndM2"/>
  <testcase name="CCRequiredFieldValidation" time="15.462" classname="test.BellEndToEndM1AndM2"/>
  <testcase name="HomePagesectionFiveLTE" time="2.635" classname="test.BellEndToEndM1AndM2"/>
  <testcase name="YourInfoEmailValidation" time="16.818" classname="test.BellEndToEndM1AndM2"/>
  <testcase name="OrderSummarysectionThreeTextValidation" time="4.315" classname="test.BellEndToEndM1AndM2"/>
  <testcase name="HomePageSecTwoWhatThekitIncludesToolsvalidation" time="0.732" classname="test.BellEndToEndM1AndM2"/>
  <testcase name="YourInfoMinimumInputValidation" time="23.653" classname="test.BellEndToEndM1AndM2"/>
  <testcase name="ReferrakRequestRequiredFieldValidation" time="6.103" classname="test.BellEndToEndM1AndM2"/>
  <testcase name="ShippingInfoBackButtonValidation" time="41.404" classname="test.BellEndToEndM1AndM2"/>
  <testcase name="orderSummaryShipBillAddressVAlidation" time="4.474" classname="test.BellEndToEndM1AndM2"/>
  <testcase name="HomePageSecTwoWhatThekitIncludesCentervalidation" time="0.737" classname="test.BellEndToEndM1AndM2"/>
  <testcase name="TermsOfServicePopUpCloseIcon" time="12.311" classname="test.BellEndToEndM1AndM2"/>
  <testcase name="YourInfoTextValiadtion" time="13.434" classname="test.BellEndToEndM1AndM2"/>
  <testcase name="ReferralRequestMaximumInputValidation" time="26.784" classname="test.BellEndToEndM1AndM2"/>
  <testcase name="HomePageSecTwoContentValidation" time="8.505" classname="test.BellEndToEndM1AndM2"/>
  <testcase name="ShippingInfoTextvalidation" time="11.337" classname="test.BellEndToEndM1AndM2"/>
  <testcase name="ShippingInfoMaximumInputValidation" time="22.458" classname="test.BellEndToEndM1AndM2"/>
  <testcase name="CCPasswordValidation" time="19.110" classname="test.BellEndToEndM1AndM2"/>
  <testcase name="AdminOrderFulFilling" time="38.873" classname="test.BellEndToEndM1AndM2"/>
  <testcase name="YourInfoBellLogo" time="3.416" classname="test.BellEndToEndM1AndM2"/>
  <testcase name="ReferralrequestLabelDisplayedAndEnabled" time="23.899" classname="test.BellEndToEndM1AndM2"/>
  <testcase name="BrowserIntilation" time="23.034" classname="test.BellEndToEndM1AndM2"/>
  <testcase name="YourInfocontinueButton" time="53.341" classname="test.BellEndToEndM1AndM2"/>
  <testcase name="ReferralRequestCompanyLogo" time="1.322" classname="test.BellEndToEndM1AndM2"/>
  <testcase name="HomePagesectionTwoWhatThekitIncludesSuppportvalidation" time="1.915" classname="test.BellEndToEndM1AndM2"/>
  <testcase name="BillingInfoTextvalidation" time="10.384" classname="test.BellEndToEndM1AndM2"/>
  <testcase name="ReviewConfirmSectionOneTextValidation" time="8.160" classname="test.BellEndToEndM1AndM2"/>
</testsuite> <!-- test.BellEndToEndM1AndM2 -->
