<?xml version="1.0" encoding="UTF-8"?>
<!-- Generated by org.testng.reporters.JUnitReportReporter -->
<testsuite name="pages.BellEndToEndFlowOne" tests="48" time="204.131" ignored="0" failures="0" timestamp="02 Mar 2017 11:35:43 GMT" skipped="0" hostname="Gokul" errors="0">
  <testcase name="HomePageTrackOrderValidation" time="3.895" classname="pages.BellEndToEndFlowOne"/>
  <testcase name="HomePageBellLogoValidation" time="4.782" classname="pages.BellEndToEndFlowOne"/>
  <testcase name="HomePageLearnMoreFromBell" time="11.769" classname="pages.BellEndToEndFlowOne"/>
  <testcase name="HomePageBellLogo" time="0.283" classname="pages.BellEndToEndFlowOne"/>
  <testcase name="ReferralRequestTextValiadtion" time="0.669" classname="pages.BellEndToEndFlowOne"/>
  <testcase name="HomePagesectionFiveEndToEnd" time="0.315" classname="pages.BellEndToEndFlowOne"/>
  <testcase name="HomePageSecTwoWhatThekitIncludesToolsvalidation" time="0.330" classname="pages.BellEndToEndFlowOne"/>
  <testcase name="HomePagesectionFiveWithBell" time="0.341" classname="pages.BellEndToEndFlowOne"/>
  <testcase name="HomePagesectionOneLinkvalidation" time="3.759" classname="pages.BellEndToEndFlowOne"/>
  <testcase name="HomePagesectionFourWhatIsIotValidation" time="0.308" classname="pages.BellEndToEndFlowOne"/>
  <testcase name="ReferralRequestNumericFeild" time="10.260" classname="pages.BellEndToEndFlowOne"/>
  <testcase name="ReferralrequestSpaceNotAllowedValiadation" time="1.411" classname="pages.BellEndToEndFlowOne"/>
  <testcase name="ThankYouIOTvalidation" time="0.174" classname="pages.BellEndToEndFlowOne"/>
  <testcase name="ReferrakRequestRequiredFieldValidation" time="2.286" classname="pages.BellEndToEndFlowOne"/>
  <testcase name="HomePagesectionFiveLTE" time="0.294" classname="pages.BellEndToEndFlowOne"/>
  <testcase name="ReferralrequestTextBoxDisplayedAndEnabled" time="1.920" classname="pages.BellEndToEndFlowOne"/>
  <testcase name="ThankYouIOTPagevalidation" time="6.079" classname="pages.BellEndToEndFlowOne"/>
  <testcase name="ReferralRequestBellLogoValidation" time="5.247" classname="pages.BellEndToEndFlowOne"/>
  <testcase name="HomePageReferralCodeValidation" time="7.859" classname="pages.BellEndToEndFlowOne"/>
  <testcase name="HomePageSectwoReferralRequestButton" time="5.439" classname="pages.BellEndToEndFlowOne"/>
  <testcase name="ThankYouTextvalidation" time="0.297" classname="pages.BellEndToEndFlowOne"/>
  <testcase name="ReferralRequestPlaceHolderValidation" time="0.470" classname="pages.BellEndToEndFlowOne"/>
  <testcase name="ReferralRequestButtonvalidation" time="11.439" classname="pages.BellEndToEndFlowOne"/>
  <testcase name="HomePageM2MDotComvalidation" time="11.412" classname="pages.BellEndToEndFlowOne"/>
  <testcase name="sectionOneReferralRequestvalidation" time="4.034" classname="pages.BellEndToEndFlowOne"/>
  <testcase name="ReferralrequestLabelDisplayedAndEnabled" time="1.603" classname="pages.BellEndToEndFlowOne"/>
  <testcase name="RferrralRequestcancelButton" time="5.626" classname="pages.BellEndToEndFlowOne"/>
  <testcase name="HomePageSecOneTextValidation" time="0.488" classname="pages.BellEndToEndFlowOne"/>
  <testcase name="ReferralRequestMinimumInputValidation" time="1.427" classname="pages.BellEndToEndFlowOne"/>
  <testcase name="HomePagesectionFivePartners" time="0.310" classname="pages.BellEndToEndFlowOne"/>
  <testcase name="ReferralRequestMaximumInputValidation" time="11.052" classname="pages.BellEndToEndFlowOne"/>
  <testcase name="ReferralRequestEmailValidation" time="1.386" classname="pages.BellEndToEndFlowOne"/>
  <testcase name="HomePageSecOneReferralRequesButton" time="5.958" classname="pages.BellEndToEndFlowOne"/>
  <testcase name="ReferralRequestValidInputValidation" time="19.331" classname="pages.BellEndToEndFlowOne"/>
  <testcase name="HomePageSecTwoWhatThekitIncludesCentervalidation" time="0.318" classname="pages.BellEndToEndFlowOne"/>
  <testcase name="ThankYouBellPageRedirection" time="6.020" classname="pages.BellEndToEndFlowOne"/>
  <testcase name="HomePageTrackOrderErrorValidation" time="9.464" classname="pages.BellEndToEndFlowOne"/>
  <testcase name="ThankYouBellLogo" time="2.342" classname="pages.BellEndToEndFlowOne"/>
  <testcase name="HomePageCiscoLogo" time="0.182" classname="pages.BellEndToEndFlowOne"/>
  <testcase name="HomePagesectionTwoWhatThekitIncludesSuppportvalidation" time="0.417" classname="pages.BellEndToEndFlowOne"/>
  <testcase name="ReferralRequestAdminApproval" time="18.344" classname="pages.BellEndToEndFlowOne"/>
  <testcase name="HomePageEnterrefrralCodeErrorvalidation" time="4.556" classname="pages.BellEndToEndFlowOne"/>
  <testcase name="HomePageSecTwoContentValidation" time="0.851" classname="pages.BellEndToEndFlowOne"/>
  <testcase name="HomePagesectionThreeHowItWorksValidation" time="0.581" classname="pages.BellEndToEndFlowOne"/>
  <testcase name="ReferralRequestCompanyLogo" time="0.143" classname="pages.BellEndToEndFlowOne"/>
  <testcase name="ReferralRequestBellCaLinkvalidation" time="18.248" classname="pages.BellEndToEndFlowOne"/>
  <testcase name="ReferralRequestBellLogo" time="0.164" classname="pages.BellEndToEndFlowOne"/>
  <testcase name="ThankYouCiscoLogo" time="0.248" classname="pages.BellEndToEndFlowOne"/>
</testsuite> <!-- pages.BellEndToEndFlowOne -->
