<?xml version="1.0" encoding="UTF-8"?>
<!-- Generated by org.testng.reporters.JUnitReportReporter -->
<testsuite name="pages.BellEndToEndFlowOne" tests="48" time="779.323" ignored="0" failures="0" timestamp="23 Mar 2017 13:52:03 GMT" skipped="0" hostname="Gokul" errors="4">
  <testcase name="HomePageEnterrefrralCodeErrorvalidation" time="5.788" classname="pages.BellEndToEndFlowOne"/>
  <testcase name="ThankYouBellPageRedirection" time="5.256" classname="pages.BellEndToEndFlowOne">
    <error type="org.openqa.selenium.UnhandledAlertException" message="Unexpected modal dialog (text: To display this page, Firefox must send information that will repeat any action (such as a search or order confirmation) that was performed earlier.): To display this page, Firefox must send information that will repeat any action (such as a search or order confirmation) that was performed earlier.
Build info: version: &#039;3.0.0-beta4&#039;, revision: &#039;3169782&#039;, time: &#039;2016-09-29 10:29:23 -0700&#039;
System info: host: &#039;Gokul&#039;, ip: &#039;192.168.1.9&#039;, os.name: &#039;Windows 8&#039;, os.arch: &#039;amd64&#039;, os.version: &#039;6.2&#039;, java.version: &#039;1.8.0_101&#039;
Driver info: org.openqa.selenium.firefox.FirefoxDriver
Capabilities [{applicationCacheEnabled=true, rotatable=false, handlesAlerts=true, databaseEnabled=true, version=47.0.1, platform=WINDOWS, nativeEvents=false, acceptSslCerts=true, webStorageEnabled=true, locationContextEnabled=true, browserName=firefox, takesScreenshot=true, javascriptEnabled=true, cssSelectorsEnabled=true}]
Session ID: ad265444-6a26-47c3-92f7-2df0179da414
*** Element info: {Using=xpath, value=//img[@alt=&#039;Bell&#039;]}">
      <![CDATA[org.openqa.selenium.UnhandledAlertException: Unexpected modal dialog (text: To display this page, Firefox must send information that will repeat any action (such as a search or order confirmation) that was performed earlier.): To display this page, Firefox must send information that will repeat any action (such as a search or order confirmation) that was performed earlier.
Build info: version: '3.0.0-beta4', revision: '3169782', time: '2016-09-29 10:29:23 -0700'
System info: host: 'Gokul', ip: '192.168.1.9', os.name: 'Windows 8', os.arch: 'amd64', os.version: '6.2', java.version: '1.8.0_101'
Driver info: org.openqa.selenium.firefox.FirefoxDriver
Capabilities [{applicationCacheEnabled=true, rotatable=false, handlesAlerts=true, databaseEnabled=true, version=47.0.1, platform=WINDOWS, nativeEvents=false, acceptSslCerts=true, webStorageEnabled=true, locationContextEnabled=true, browserName=firefox, takesScreenshot=true, javascriptEnabled=true, cssSelectorsEnabled=true}]
Session ID: ad265444-6a26-47c3-92f7-2df0179da414
*** Element info: {Using=xpath, value=//img[@alt='Bell']}
	at sun.reflect.NativeConstructorAccessorImpl.newInstance0(Native Method)
	at sun.reflect.NativeConstructorAccessorImpl.newInstance(NativeConstructorAccessorImpl.java:62)
	at sun.reflect.DelegatingConstructorAccessorImpl.newInstance(DelegatingConstructorAccessorImpl.java:45)
	at java.lang.reflect.Constructor.newInstance(Constructor.java:423)
	at org.openqa.selenium.remote.ErrorHandler.createThrowable(ErrorHandler.java:206)
	at org.openqa.selenium.remote.ErrorHandler.createUnhandledAlertException(ErrorHandler.java:187)
	at org.openqa.selenium.remote.ErrorHandler.throwIfResponseFailed(ErrorHandler.java:154)
	at org.openqa.selenium.remote.RemoteWebDriver.execute(RemoteWebDriver.java:636)
	at org.openqa.selenium.remote.RemoteWebDriver.findElement(RemoteWebDriver.java:369)
	at org.openqa.selenium.remote.RemoteWebDriver.findElementByXPath(RemoteWebDriver.java:474)
	at org.openqa.selenium.By$ByXPath.findElement(By.java:361)
	at org.openqa.selenium.remote.RemoteWebDriver.findElement(RemoteWebDriver.java:361)
	at org.openqa.selenium.support.pagefactory.DefaultElementLocator.findElement(DefaultElementLocator.java:69)
	at org.openqa.selenium.support.pagefactory.internal.LocatingElementHandler.invoke(LocatingElementHandler.java:38)
	at com.sun.proxy.$Proxy6.click(Unknown Source)
	at utilitymethods.UtilityMethods.pageRedirection(UtilityMethods.java:126)
	at pages.BellReferralRequestThankYou.bellLogoValidation(BellReferralRequestThankYou.java:55)
	at pages.BellEndToEndFlowOne.ThankYouBellPageRedirection(BellEndToEndFlowOne.java:347)
	at sun.reflect.NativeMethodAccessorImpl.invoke0(Native Method)
	at sun.reflect.NativeMethodAccessorImpl.invoke(NativeMethodAccessorImpl.java:62)
	at sun.reflect.DelegatingMethodAccessorImpl.invoke(DelegatingMethodAccessorImpl.java:43)
	at java.lang.reflect.Method.invoke(Method.java:498)
	at org.testng.internal.MethodInvocationHelper.invokeMethod(MethodInvocationHelper.java:104)
	at org.testng.internal.Invoker.invokeMethod(Invoker.java:645)
	at org.testng.internal.Invoker.invokeTestMethod(Invoker.java:851)
	at org.testng.internal.Invoker.invokeTestMethods(Invoker.java:1177)
	at org.testng.internal.TestMethodWorker.invokeTestMethods(TestMethodWorker.java:129)
	at org.testng.internal.TestMethodWorker.run(TestMethodWorker.java:112)
	at org.testng.TestRunner.privateRun(TestRunner.java:756)
	at org.testng.TestRunner.run(TestRunner.java:610)
	at org.testng.SuiteRunner.runTest(SuiteRunner.java:387)
	at org.testng.SuiteRunner.runSequentially(SuiteRunner.java:382)
	at org.testng.SuiteRunner.privateRun(SuiteRunner.java:340)
	at org.testng.SuiteRunner.run(SuiteRunner.java:289)
	at org.testng.SuiteRunnerWorker.runSuite(SuiteRunnerWorker.java:52)
	at org.testng.SuiteRunnerWorker.run(SuiteRunnerWorker.java:86)
	at org.testng.TestNG.runSuitesSequentially(TestNG.java:1293)
	at org.testng.TestNG.runSuitesLocally(TestNG.java:1218)
	at org.testng.TestNG.runSuites(TestNG.java:1133)
	at org.testng.TestNG.run(TestNG.java:1104)
	at org.testng.remote.AbstractRemoteTestNG.run(AbstractRemoteTestNG.java:132)
	at org.testng.remote.RemoteTestNG.initAndRun(RemoteTestNG.java:236)
	at org.testng.remote.RemoteTestNG.main(RemoteTestNG.java:81)
]]>
    </error>
  </testcase> <!-- ThankYouBellPageRedirection -->
  <testcase name="HomePageSecTwoWhatThekitIncludesToolsvalidation" time="0.470" classname="pages.BellEndToEndFlowOne"/>
  <testcase name="ReferralRequestMaximumInputValidation" time="24.819" classname="pages.BellEndToEndFlowOne"/>
  <testcase name="HomePageReferralCodeValidation" time="13.811" classname="pages.BellEndToEndFlowOne"/>
  <testcase name="HomePageSecTwoWhatThekitIncludesCentervalidation" time="0.543" classname="pages.BellEndToEndFlowOne"/>
  <testcase name="ReferralrequestTextBoxDisplayedAndEnabled" time="23.849" classname="pages.BellEndToEndFlowOne"/>
  <testcase name="HomePagesectionOneLinkvalidation" time="12.336" classname="pages.BellEndToEndFlowOne"/>
  <testcase name="HomePagesectionTwoWhatThekitIncludesSuppportvalidation" time="1.730" classname="pages.BellEndToEndFlowOne"/>
  <testcase name="ReferralrequestSpaceNotAllowedValiadation" time="3.578" classname="pages.BellEndToEndFlowOne"/>
  <testcase name="HomePagesectionFivePartners" time="3.085" classname="pages.BellEndToEndFlowOne"/>
  <testcase name="HomePageTrackOrderErrorValidation" time="22.249" classname="pages.BellEndToEndFlowOne"/>
  <testcase name="ReferralRequestBellLogoValidation" time="27.747" classname="pages.BellEndToEndFlowOne"/>
  <testcase name="ThankYouBellLogo" time="7.138" classname="pages.BellEndToEndFlowOne">
    <error type="org.openqa.selenium.UnhandledAlertException" message="Unexpected modal dialog (text: To display this page, Firefox must send information that will repeat any action (such as a search or order confirmation) that was performed earlier.): To display this page, Firefox must send information that will repeat any action (such as a search or order confirmation) that was performed earlier.
Build info: version: &#039;3.0.0-beta4&#039;, revision: &#039;3169782&#039;, time: &#039;2016-09-29 10:29:23 -0700&#039;
System info: host: &#039;Gokul&#039;, ip: &#039;192.168.1.9&#039;, os.name: &#039;Windows 8&#039;, os.arch: &#039;amd64&#039;, os.version: &#039;6.2&#039;, java.version: &#039;1.8.0_101&#039;
Driver info: org.openqa.selenium.firefox.FirefoxDriver
Capabilities [{applicationCacheEnabled=true, rotatable=false, handlesAlerts=true, databaseEnabled=true, version=47.0.1, platform=WINDOWS, nativeEvents=false, acceptSslCerts=true, webStorageEnabled=true, locationContextEnabled=true, browserName=firefox, takesScreenshot=true, javascriptEnabled=true, cssSelectorsEnabled=true}]
Session ID: ad265444-6a26-47c3-92f7-2df0179da414
*** Element info: {Using=xpath, value=//img[@alt=&#039;Bell&#039;]}">
      <![CDATA[org.openqa.selenium.UnhandledAlertException: Unexpected modal dialog (text: To display this page, Firefox must send information that will repeat any action (such as a search or order confirmation) that was performed earlier.): To display this page, Firefox must send information that will repeat any action (such as a search or order confirmation) that was performed earlier.
Build info: version: '3.0.0-beta4', revision: '3169782', time: '2016-09-29 10:29:23 -0700'
System info: host: 'Gokul', ip: '192.168.1.9', os.name: 'Windows 8', os.arch: 'amd64', os.version: '6.2', java.version: '1.8.0_101'
Driver info: org.openqa.selenium.firefox.FirefoxDriver
Capabilities [{applicationCacheEnabled=true, rotatable=false, handlesAlerts=true, databaseEnabled=true, version=47.0.1, platform=WINDOWS, nativeEvents=false, acceptSslCerts=true, webStorageEnabled=true, locationContextEnabled=true, browserName=firefox, takesScreenshot=true, javascriptEnabled=true, cssSelectorsEnabled=true}]
Session ID: ad265444-6a26-47c3-92f7-2df0179da414
*** Element info: {Using=xpath, value=//img[@alt='Bell']}
	at sun.reflect.NativeConstructorAccessorImpl.newInstance0(Native Method)
	at sun.reflect.NativeConstructorAccessorImpl.newInstance(NativeConstructorAccessorImpl.java:62)
	at sun.reflect.DelegatingConstructorAccessorImpl.newInstance(DelegatingConstructorAccessorImpl.java:45)
	at java.lang.reflect.Constructor.newInstance(Constructor.java:423)
	at org.openqa.selenium.remote.ErrorHandler.createThrowable(ErrorHandler.java:206)
	at org.openqa.selenium.remote.ErrorHandler.createUnhandledAlertException(ErrorHandler.java:187)
	at org.openqa.selenium.remote.ErrorHandler.throwIfResponseFailed(ErrorHandler.java:154)
	at org.openqa.selenium.remote.RemoteWebDriver.execute(RemoteWebDriver.java:636)
	at org.openqa.selenium.remote.RemoteWebDriver.findElement(RemoteWebDriver.java:369)
	at org.openqa.selenium.remote.RemoteWebDriver.findElementByXPath(RemoteWebDriver.java:474)
	at org.openqa.selenium.By$ByXPath.findElement(By.java:361)
	at org.openqa.selenium.remote.RemoteWebDriver.findElement(RemoteWebDriver.java:361)
	at org.openqa.selenium.support.pagefactory.DefaultElementLocator.findElement(DefaultElementLocator.java:69)
	at org.openqa.selenium.support.pagefactory.internal.LocatingElementHandler.invoke(LocatingElementHandler.java:38)
	at com.sun.proxy.$Proxy6.isDisplayed(Unknown Source)
	at utilitymethods.UtilityMethods.DisplayEnableValidator(UtilityMethods.java:629)
	at pages.BellReferralRequestThankYou.validateOperatorLogo(BellReferralRequestThankYou.java:29)
	at pages.BellEndToEndFlowOne.ThankYouBellLogo(BellEndToEndFlowOne.java:331)
	at sun.reflect.NativeMethodAccessorImpl.invoke0(Native Method)
	at sun.reflect.NativeMethodAccessorImpl.invoke(NativeMethodAccessorImpl.java:62)
	at sun.reflect.DelegatingMethodAccessorImpl.invoke(DelegatingMethodAccessorImpl.java:43)
	at java.lang.reflect.Method.invoke(Method.java:498)
	at org.testng.internal.MethodInvocationHelper.invokeMethod(MethodInvocationHelper.java:104)
	at org.testng.internal.Invoker.invokeMethod(Invoker.java:645)
	at org.testng.internal.Invoker.invokeTestMethod(Invoker.java:851)
	at org.testng.internal.Invoker.invokeTestMethods(Invoker.java:1177)
	at org.testng.internal.TestMethodWorker.invokeTestMethods(TestMethodWorker.java:129)
	at org.testng.internal.TestMethodWorker.run(TestMethodWorker.java:112)
	at org.testng.TestRunner.privateRun(TestRunner.java:756)
	at org.testng.TestRunner.run(TestRunner.java:610)
	at org.testng.SuiteRunner.runTest(SuiteRunner.java:387)
	at org.testng.SuiteRunner.runSequentially(SuiteRunner.java:382)
	at org.testng.SuiteRunner.privateRun(SuiteRunner.java:340)
	at org.testng.SuiteRunner.run(SuiteRunner.java:289)
	at org.testng.SuiteRunnerWorker.runSuite(SuiteRunnerWorker.java:52)
	at org.testng.SuiteRunnerWorker.run(SuiteRunnerWorker.java:86)
	at org.testng.TestNG.runSuitesSequentially(TestNG.java:1293)
	at org.testng.TestNG.runSuitesLocally(TestNG.java:1218)
	at org.testng.TestNG.runSuites(TestNG.java:1133)
	at org.testng.TestNG.run(TestNG.java:1104)
	at org.testng.remote.AbstractRemoteTestNG.run(AbstractRemoteTestNG.java:132)
	at org.testng.remote.RemoteTestNG.initAndRun(RemoteTestNG.java:236)
	at org.testng.remote.RemoteTestNG.main(RemoteTestNG.java:81)
]]>
    </error>
  </testcase> <!-- ThankYouBellLogo -->
  <testcase name="ReferralRequestTextValiadtion" time="8.257" classname="pages.BellEndToEndFlowOne"/>
  <testcase name="ReferralRequestPlaceHolderValidation" time="1.571" classname="pages.BellEndToEndFlowOne"/>
  <testcase name="ThankYouIOTPagevalidation" time="5.191" classname="pages.BellEndToEndFlowOne">
    <error type="org.openqa.selenium.UnhandledAlertException" message="Unexpected modal dialog (text: To display this page, Firefox must send information that will repeat any action (such as a search or order confirmation) that was performed earlier.): To display this page, Firefox must send information that will repeat any action (such as a search or order confirmation) that was performed earlier.
Build info: version: &#039;3.0.0-beta4&#039;, revision: &#039;3169782&#039;, time: &#039;2016-09-29 10:29:23 -0700&#039;
System info: host: &#039;Gokul&#039;, ip: &#039;192.168.1.9&#039;, os.name: &#039;Windows 8&#039;, os.arch: &#039;amd64&#039;, os.version: &#039;6.2&#039;, java.version: &#039;1.8.0_101&#039;
Driver info: org.openqa.selenium.firefox.FirefoxDriver
Capabilities [{applicationCacheEnabled=true, rotatable=false, handlesAlerts=true, databaseEnabled=true, version=47.0.1, platform=WINDOWS, nativeEvents=false, acceptSslCerts=true, webStorageEnabled=true, locationContextEnabled=true, browserName=firefox, takesScreenshot=true, javascriptEnabled=true, cssSelectorsEnabled=true}]
Session ID: ad265444-6a26-47c3-92f7-2df0179da414
*** Element info: {Using=xpath, value=//div[@class=&#039;text-center&#039;]//a}">
      <![CDATA[org.openqa.selenium.UnhandledAlertException: Unexpected modal dialog (text: To display this page, Firefox must send information that will repeat any action (such as a search or order confirmation) that was performed earlier.): To display this page, Firefox must send information that will repeat any action (such as a search or order confirmation) that was performed earlier.
Build info: version: '3.0.0-beta4', revision: '3169782', time: '2016-09-29 10:29:23 -0700'
System info: host: 'Gokul', ip: '192.168.1.9', os.name: 'Windows 8', os.arch: 'amd64', os.version: '6.2', java.version: '1.8.0_101'
Driver info: org.openqa.selenium.firefox.FirefoxDriver
Capabilities [{applicationCacheEnabled=true, rotatable=false, handlesAlerts=true, databaseEnabled=true, version=47.0.1, platform=WINDOWS, nativeEvents=false, acceptSslCerts=true, webStorageEnabled=true, locationContextEnabled=true, browserName=firefox, takesScreenshot=true, javascriptEnabled=true, cssSelectorsEnabled=true}]
Session ID: ad265444-6a26-47c3-92f7-2df0179da414
*** Element info: {Using=xpath, value=//div[@class='text-center']//a}
	at sun.reflect.NativeConstructorAccessorImpl.newInstance0(Native Method)
	at sun.reflect.NativeConstructorAccessorImpl.newInstance(NativeConstructorAccessorImpl.java:62)
	at sun.reflect.DelegatingConstructorAccessorImpl.newInstance(DelegatingConstructorAccessorImpl.java:45)
	at java.lang.reflect.Constructor.newInstance(Constructor.java:423)
	at org.openqa.selenium.remote.ErrorHandler.createThrowable(ErrorHandler.java:206)
	at org.openqa.selenium.remote.ErrorHandler.createUnhandledAlertException(ErrorHandler.java:187)
	at org.openqa.selenium.remote.ErrorHandler.throwIfResponseFailed(ErrorHandler.java:154)
	at org.openqa.selenium.remote.RemoteWebDriver.execute(RemoteWebDriver.java:636)
	at org.openqa.selenium.remote.RemoteWebDriver.findElement(RemoteWebDriver.java:369)
	at org.openqa.selenium.remote.RemoteWebDriver.findElementByXPath(RemoteWebDriver.java:474)
	at org.openqa.selenium.By$ByXPath.findElement(By.java:361)
	at org.openqa.selenium.remote.RemoteWebDriver.findElement(RemoteWebDriver.java:361)
	at org.openqa.selenium.support.pagefactory.DefaultElementLocator.findElement(DefaultElementLocator.java:69)
	at org.openqa.selenium.support.pagefactory.internal.LocatingElementHandler.invoke(LocatingElementHandler.java:38)
	at com.sun.proxy.$Proxy6.click(Unknown Source)
	at utilitymethods.UtilityMethods.pageRedirection(UtilityMethods.java:126)
	at pages.BellReferralRequestThankYou.backToIOTPageValidation(BellReferralRequestThankYou.java:70)
	at pages.BellEndToEndFlowOne.ThankYouIOTPagevalidation(BellEndToEndFlowOne.java:358)
	at sun.reflect.NativeMethodAccessorImpl.invoke0(Native Method)
	at sun.reflect.NativeMethodAccessorImpl.invoke(NativeMethodAccessorImpl.java:62)
	at sun.reflect.DelegatingMethodAccessorImpl.invoke(DelegatingMethodAccessorImpl.java:43)
	at java.lang.reflect.Method.invoke(Method.java:498)
	at org.testng.internal.MethodInvocationHelper.invokeMethod(MethodInvocationHelper.java:104)
	at org.testng.internal.Invoker.invokeMethod(Invoker.java:645)
	at org.testng.internal.Invoker.invokeTestMethod(Invoker.java:851)
	at org.testng.internal.Invoker.invokeTestMethods(Invoker.java:1177)
	at org.testng.internal.TestMethodWorker.invokeTestMethods(TestMethodWorker.java:129)
	at org.testng.internal.TestMethodWorker.run(TestMethodWorker.java:112)
	at org.testng.TestRunner.privateRun(TestRunner.java:756)
	at org.testng.TestRunner.run(TestRunner.java:610)
	at org.testng.SuiteRunner.runTest(SuiteRunner.java:387)
	at org.testng.SuiteRunner.runSequentially(SuiteRunner.java:382)
	at org.testng.SuiteRunner.privateRun(SuiteRunner.java:340)
	at org.testng.SuiteRunner.run(SuiteRunner.java:289)
	at org.testng.SuiteRunnerWorker.runSuite(SuiteRunnerWorker.java:52)
	at org.testng.SuiteRunnerWorker.run(SuiteRunnerWorker.java:86)
	at org.testng.TestNG.runSuitesSequentially(TestNG.java:1293)
	at org.testng.TestNG.runSuitesLocally(TestNG.java:1218)
	at org.testng.TestNG.runSuites(TestNG.java:1133)
	at org.testng.TestNG.run(TestNG.java:1104)
	at org.testng.remote.AbstractRemoteTestNG.run(AbstractRemoteTestNG.java:132)
	at org.testng.remote.RemoteTestNG.initAndRun(RemoteTestNG.java:236)
	at org.testng.remote.RemoteTestNG.main(RemoteTestNG.java:81)
]]>
    </error>
  </testcase> <!-- ThankYouIOTPagevalidation -->
  <testcase name="sectionOneReferralRequestvalidation" time="11.752" classname="pages.BellEndToEndFlowOne"/>
  <testcase name="HomePagesectionFiveWithBell" time="3.727" classname="pages.BellEndToEndFlowOne"/>
  <testcase name="ThankYouIOTvalidation" time="2.330" classname="pages.BellEndToEndFlowOne"/>
  <testcase name="HomePagesectionFourWhatIsIotValidation" time="2.503" classname="pages.BellEndToEndFlowOne"/>
  <testcase name="ReferralrequestLabelDisplayedAndEnabled" time="9.076" classname="pages.BellEndToEndFlowOne">
    <error type="org.openqa.selenium.NoSuchElementException" message="Unable to locate element: {&quot;method&quot;:&quot;xpath&quot;,&quot;selector&quot;:&quot;//label[text()=&#039;E-mail Address&#039;]&quot;}
Command duration or timeout: 237 milliseconds
For documentation on this error, please visit: http://seleniumhq.org/exceptions/no_such_element.html
Build info: version: &#039;3.0.0-beta4&#039;, revision: &#039;3169782&#039;, time: &#039;2016-09-29 10:29:23 -0700&#039;
System info: host: &#039;Gokul&#039;, ip: &#039;192.168.1.9&#039;, os.name: &#039;Windows 8&#039;, os.arch: &#039;amd64&#039;, os.version: &#039;6.2&#039;, java.version: &#039;1.8.0_101&#039;
Driver info: org.openqa.selenium.firefox.FirefoxDriver
Capabilities [{applicationCacheEnabled=true, rotatable=false, handlesAlerts=true, databaseEnabled=true, version=47.0.1, platform=WINDOWS, nativeEvents=false, acceptSslCerts=true, webStorageEnabled=true, locationContextEnabled=true, browserName=firefox, takesScreenshot=true, javascriptEnabled=true, cssSelectorsEnabled=true}]
Session ID: ad265444-6a26-47c3-92f7-2df0179da414
*** Element info: {Using=xpath, value=//label[text()=&#039;E-mail Address&#039;]}">
      <![CDATA[org.openqa.selenium.NoSuchElementException: Unable to locate element: {"method":"xpath","selector":"//label[text()='E-mail Address']"}
Command duration or timeout: 237 milliseconds
For documentation on this error, please visit: http://seleniumhq.org/exceptions/no_such_element.html
Build info: version: '3.0.0-beta4', revision: '3169782', time: '2016-09-29 10:29:23 -0700'
System info: host: 'Gokul', ip: '192.168.1.9', os.name: 'Windows 8', os.arch: 'amd64', os.version: '6.2', java.version: '1.8.0_101'
Driver info: org.openqa.selenium.firefox.FirefoxDriver
Capabilities [{applicationCacheEnabled=true, rotatable=false, handlesAlerts=true, databaseEnabled=true, version=47.0.1, platform=WINDOWS, nativeEvents=false, acceptSslCerts=true, webStorageEnabled=true, locationContextEnabled=true, browserName=firefox, takesScreenshot=true, javascriptEnabled=true, cssSelectorsEnabled=true}]
Session ID: ad265444-6a26-47c3-92f7-2df0179da414
*** Element info: {Using=xpath, value=//label[text()='E-mail Address']}
	at sun.reflect.NativeConstructorAccessorImpl.newInstance0(Native Method)
	at sun.reflect.NativeConstructorAccessorImpl.newInstance(NativeConstructorAccessorImpl.java:62)
	at sun.reflect.DelegatingConstructorAccessorImpl.newInstance(DelegatingConstructorAccessorImpl.java:45)
	at java.lang.reflect.Constructor.newInstance(Constructor.java:423)
	at org.openqa.selenium.remote.ErrorHandler.createThrowable(ErrorHandler.java:206)
	at org.openqa.selenium.remote.ErrorHandler.throwIfResponseFailed(ErrorHandler.java:158)
	at org.openqa.selenium.remote.RemoteWebDriver.execute(RemoteWebDriver.java:636)
	at org.openqa.selenium.remote.RemoteWebDriver.findElement(RemoteWebDriver.java:369)
	at org.openqa.selenium.remote.RemoteWebDriver.findElementByXPath(RemoteWebDriver.java:474)
	at org.openqa.selenium.By$ByXPath.findElement(By.java:361)
	at org.openqa.selenium.remote.RemoteWebDriver.findElement(RemoteWebDriver.java:361)
	at org.openqa.selenium.support.pagefactory.DefaultElementLocator.findElement(DefaultElementLocator.java:69)
	at org.openqa.selenium.support.pagefactory.internal.LocatingElementHandler.invoke(LocatingElementHandler.java:38)
	at com.sun.proxy.$Proxy6.isDisplayed(Unknown Source)
	at utilitymethods.UtilityMethods.DisplayEnableValidator(UtilityMethods.java:629)
	at pages.BellReferralRequestPage.RequestReferralCodeLabelTextDisplayedAndEnabled(BellReferralRequestPage.java:99)
	at pages.BellEndToEndFlowOne.ReferralrequestLabelDisplayedAndEnabled(BellEndToEndFlowOne.java:249)
	at sun.reflect.NativeMethodAccessorImpl.invoke0(Native Method)
	at sun.reflect.NativeMethodAccessorImpl.invoke(NativeMethodAccessorImpl.java:62)
	at sun.reflect.DelegatingMethodAccessorImpl.invoke(DelegatingMethodAccessorImpl.java:43)
	at java.lang.reflect.Method.invoke(Method.java:498)
	at org.testng.internal.MethodInvocationHelper.invokeMethod(MethodInvocationHelper.java:104)
	at org.testng.internal.Invoker.invokeMethod(Invoker.java:645)
	at org.testng.internal.Invoker.invokeTestMethod(Invoker.java:851)
	at org.testng.internal.Invoker.invokeTestMethods(Invoker.java:1177)
	at org.testng.internal.TestMethodWorker.invokeTestMethods(TestMethodWorker.java:129)
	at org.testng.internal.TestMethodWorker.run(TestMethodWorker.java:112)
	at org.testng.TestRunner.privateRun(TestRunner.java:756)
	at org.testng.TestRunner.run(TestRunner.java:610)
	at org.testng.SuiteRunner.runTest(SuiteRunner.java:387)
	at org.testng.SuiteRunner.runSequentially(SuiteRunner.java:382)
	at org.testng.SuiteRunner.privateRun(SuiteRunner.java:340)
	at org.testng.SuiteRunner.run(SuiteRunner.java:289)
	at org.testng.SuiteRunnerWorker.runSuite(SuiteRunnerWorker.java:52)
	at org.testng.SuiteRunnerWorker.run(SuiteRunnerWorker.java:86)
	at org.testng.TestNG.runSuitesSequentially(TestNG.java:1293)
	at org.testng.TestNG.runSuitesLocally(TestNG.java:1218)
	at org.testng.TestNG.runSuites(TestNG.java:1133)
	at org.testng.TestNG.run(TestNG.java:1104)
	at org.testng.remote.AbstractRemoteTestNG.run(AbstractRemoteTestNG.java:132)
	at org.testng.remote.RemoteTestNG.initAndRun(RemoteTestNG.java:236)
	at org.testng.remote.RemoteTestNG.main(RemoteTestNG.java:81)
Caused by: org.openqa.selenium.NoSuchElementException: Unable to locate element: {"method":"xpath","selector":"//label[text()='E-mail Address']"}
For documentation on this error, please visit: http://seleniumhq.org/exceptions/no_such_element.html
Build info: version: '3.0.0-beta4', revision: '3169782', time: '2016-09-29 10:29:23 -0700'
System info: host: 'Gokul', ip: '192.168.1.9', os.name: 'Windows 8', os.arch: 'amd64', os.version: '6.2', java.version: '1.8.0_101'
Driver info: driver.version: unknown
	at <anonymous class>.FirefoxDriver.prototype.findElementInternal_(file:///C:/Users/Sada/AppData/Local/Temp/anonymous5758021782358981477webdriver-profile/extensions/fxdriver@googlecode.com/components/driver-component.js:11187)
	at <anonymous class>.FirefoxDriver.prototype.findElement(file:///C:/Users/Sada/AppData/Local/Temp/anonymous5758021782358981477webdriver-profile/extensions/fxdriver@googlecode.com/components/driver-component.js:11196)
	at <anonymous class>.DelayedCommand.prototype.executeInternal_/h(file:///C:/Users/Sada/AppData/Local/Temp/anonymous5758021782358981477webdriver-profile/extensions/fxdriver@googlecode.com/components/command-processor.js:12698)
	at <anonymous class>.DelayedCommand.prototype.executeInternal_(file:///C:/Users/Sada/AppData/Local/Temp/anonymous5758021782358981477webdriver-profile/extensions/fxdriver@googlecode.com/components/command-processor.js:12703)
	at <anonymous class>.DelayedCommand.prototype.execute/<(file:///C:/Users/Sada/AppData/Local/Temp/anonymous5758021782358981477webdriver-profile/extensions/fxdriver@googlecode.com/components/command-processor.js:12645)
]]>
    </error>
  </testcase> <!-- ReferralrequestLabelDisplayedAndEnabled -->
  <testcase name="HomePageSectwoReferralRequestButton" time="158.102" classname="pages.BellEndToEndFlowOne"/>
  <testcase name="ReferralRequestButtonvalidation" time="41.825" classname="pages.BellEndToEndFlowOne"/>
  <testcase name="ThankYouCiscoLogo" time="1.455" classname="pages.BellEndToEndFlowOne"/>
  <testcase name="HomePageCiscoLogo" time="1.282" classname="pages.BellEndToEndFlowOne"/>
  <testcase name="HomePageSecOneReferralRequesButton" time="28.450" classname="pages.BellEndToEndFlowOne"/>
  <testcase name="ReferralRequestValidInputValidation" time="45.620" classname="pages.BellEndToEndFlowOne"/>
  <testcase name="ReferralRequestBellCaLinkvalidation" time="44.732" classname="pages.BellEndToEndFlowOne"/>
  <testcase name="HomePageBellLogo" time="1.753" classname="pages.BellEndToEndFlowOne"/>
  <testcase name="HomePageLearnMoreFromBell" time="62.222" classname="pages.BellEndToEndFlowOne"/>
  <testcase name="ReferralRequestNumericFeild" time="11.880" classname="pages.BellEndToEndFlowOne"/>
  <testcase name="ThankYouTextvalidation" time="2.372" classname="pages.BellEndToEndFlowOne"/>
  <testcase name="ReferralRequestAdminApproval" time="49.842" classname="pages.BellEndToEndFlowOne"/>
  <testcase name="HomePageSecTwoContentValidation" time="8.462" classname="pages.BellEndToEndFlowOne"/>
  <testcase name="HomePagesectionThreeHowItWorksValidation" time="2.065" classname="pages.BellEndToEndFlowOne"/>
  <testcase name="ReferralRequestMinimumInputValidation" time="13.885" classname="pages.BellEndToEndFlowOne"/>
  <testcase name="ReferralRequestEmailValidation" time="3.594" classname="pages.BellEndToEndFlowOne"/>
  <testcase name="ReferrakRequestRequiredFieldValidation" time="5.970" classname="pages.BellEndToEndFlowOne"/>
  <testcase name="HomePagesectionFiveEndToEnd" time="2.772" classname="pages.BellEndToEndFlowOne"/>
  <testcase name="HomePagesectionFiveLTE" time="2.492" classname="pages.BellEndToEndFlowOne"/>
  <testcase name="RferrralRequestcancelButton" time="31.851" classname="pages.BellEndToEndFlowOne"/>
  <testcase name="HomePageM2MDotComvalidation" time="20.356" classname="pages.BellEndToEndFlowOne"/>
  <testcase name="ReferralRequestCompanyLogo" time="1.305" classname="pages.BellEndToEndFlowOne"/>
  <testcase name="HomePageTrackOrderValidation" time="9.945" classname="pages.BellEndToEndFlowOne"/>
  <testcase name="HomePageSecOneTextValidation" time="4.739" classname="pages.BellEndToEndFlowOne"/>
  <testcase name="HomePageBellLogoValidation" time="24.065" classname="pages.BellEndToEndFlowOne"/>
  <testcase name="ReferralRequestBellLogo" time="1.481" classname="pages.BellEndToEndFlowOne"/>
</testsuite> <!-- pages.BellEndToEndFlowOne -->
