<?xml version="1.0" encoding="UTF-8"?>
<!-- Generated by org.testng.reporters.JUnitReportReporter -->
<testsuite name="pages.EmailIntegration" tests="1" time="55.480" ignored="0" failures="0" timestamp="18 Apr 2017 10:05:32 GMT" skipped="0" hostname="Gokul" errors="0">
  <testcase name="CheckEmailReceived" time="55.480" classname="pages.EmailIntegration"/>
</testsuite> <!-- pages.EmailIntegration -->
